#! /c/Source/iverilog-install/bin/vvp
:ivl_version "12.0 (devel)" "(s20150603-1539-g2693dd32b)";
:ivl_delay_selection "TYPICAL";
:vpi_time_precision - 12;
:vpi_module "C:\iverilog\lib\ivl\system.vpi";
:vpi_module "C:\iverilog\lib\ivl\vhdl_sys.vpi";
:vpi_module "C:\iverilog\lib\ivl\vhdl_textio.vpi";
:vpi_module "C:\iverilog\lib\ivl\v2005_math.vpi";
:vpi_module "C:\iverilog\lib\ivl\va_math.vpi";
:vpi_module "C:\iverilog\lib\ivl\v2009.vpi";
S_00000290f1f9ecf0 .scope package, "$unit" "$unit" 2 1;
 .timescale 0 0;
S_00000290f1f9ee80 .scope module, "tb_fft1d_verify" "tb_fft1d_verify" 3 5;
 .timescale -9 -12;
P_00000290f1f66890 .param/l "DATA_WIDTH" 0 3 8, +C4<00000000000000000000000000010000>;
P_00000290f1f668c8 .param/l "FRAC" 0 3 9, +C4<00000000000000000000000000001000>;
P_00000290f1f66900 .param/l "N" 0 3 7, +C4<00000000000000000000000000100000>;
v00000290f1ffa290_0 .array/port v00000290f1ffa290, 0;
L_00000290f1f9e6d0 .functor BUFZ 16, v00000290f1ffa290_0, C4<0000000000000000>, C4<0000000000000000>, C4<0000000000000000>;
v00000290f1ffa290_1 .array/port v00000290f1ffa290, 1;
L_00000290f1f9def0 .functor BUFZ 16, v00000290f1ffa290_1, C4<0000000000000000>, C4<0000000000000000>, C4<0000000000000000>;
v00000290f1ffa290_2 .array/port v00000290f1ffa290, 2;
L_00000290f1f9e040 .functor BUFZ 16, v00000290f1ffa290_2, C4<0000000000000000>, C4<0000000000000000>, C4<0000000000000000>;
v00000290f1ffa290_3 .array/port v00000290f1ffa290, 3;
L_00000290f1f9e350 .functor BUFZ 16, v00000290f1ffa290_3, C4<0000000000000000>, C4<0000000000000000>, C4<0000000000000000>;
v00000290f1ffa290_4 .array/port v00000290f1ffa290, 4;
L_00000290f1f9de10 .functor BUFZ 16, v00000290f1ffa290_4, C4<0000000000000000>, C4<0000000000000000>, C4<0000000000000000>;
v00000290f1ffa290_5 .array/port v00000290f1ffa290, 5;
L_00000290f1f9df60 .functor BUFZ 16, v00000290f1ffa290_5, C4<0000000000000000>, C4<0000000000000000>, C4<0000000000000000>;
v00000290f1ffa290_6 .array/port v00000290f1ffa290, 6;
L_00000290f1f9e2e0 .functor BUFZ 16, v00000290f1ffa290_6, C4<0000000000000000>, C4<0000000000000000>, C4<0000000000000000>;
v00000290f1ffa290_7 .array/port v00000290f1ffa290, 7;
L_00000290f1f9e200 .functor BUFZ 16, v00000290f1ffa290_7, C4<0000000000000000>, C4<0000000000000000>, C4<0000000000000000>;
v00000290f1ffa290_8 .array/port v00000290f1ffa290, 8;
L_00000290f1f9dfd0 .functor BUFZ 16, v00000290f1ffa290_8, C4<0000000000000000>, C4<0000000000000000>, C4<0000000000000000>;
v00000290f1ffa290_9 .array/port v00000290f1ffa290, 9;
L_00000290f1f9e4a0 .functor BUFZ 16, v00000290f1ffa290_9, C4<0000000000000000>, C4<0000000000000000>, C4<0000000000000000>;
v00000290f1ffa290_10 .array/port v00000290f1ffa290, 10;
L_00000290f1f9dd30 .functor BUFZ 16, v00000290f1ffa290_10, C4<0000000000000000>, C4<0000000000000000>, C4<0000000000000000>;
v00000290f1ffa290_11 .array/port v00000290f1ffa290, 11;
L_00000290f1f9e820 .functor BUFZ 16, v00000290f1ffa290_11, C4<0000000000000000>, C4<0000000000000000>, C4<0000000000000000>;
v00000290f1ffa290_12 .array/port v00000290f1ffa290, 12;
L_00000290f1f9e0b0 .functor BUFZ 16, v00000290f1ffa290_12, C4<0000000000000000>, C4<0000000000000000>, C4<0000000000000000>;
v00000290f1ffa290_13 .array/port v00000290f1ffa290, 13;
L_00000290f1f9e890 .functor BUFZ 16, v00000290f1ffa290_13, C4<0000000000000000>, C4<0000000000000000>, C4<0000000000000000>;
v00000290f1ffa290_14 .array/port v00000290f1ffa290, 14;
L_00000290f1f9dda0 .functor BUFZ 16, v00000290f1ffa290_14, C4<0000000000000000>, C4<0000000000000000>, C4<0000000000000000>;
v00000290f1ffa290_15 .array/port v00000290f1ffa290, 15;
L_00000290f1f9e900 .functor BUFZ 16, v00000290f1ffa290_15, C4<0000000000000000>, C4<0000000000000000>, C4<0000000000000000>;
v00000290f1ffa290_16 .array/port v00000290f1ffa290, 16;
L_00000290f1f9e190 .functor BUFZ 16, v00000290f1ffa290_16, C4<0000000000000000>, C4<0000000000000000>, C4<0000000000000000>;
v00000290f1ffa290_17 .array/port v00000290f1ffa290, 17;
L_00000290f1f9e970 .functor BUFZ 16, v00000290f1ffa290_17, C4<0000000000000000>, C4<0000000000000000>, C4<0000000000000000>;
v00000290f1ffa290_18 .array/port v00000290f1ffa290, 18;
L_00000290f1f9e9e0 .functor BUFZ 16, v00000290f1ffa290_18, C4<0000000000000000>, C4<0000000000000000>, C4<0000000000000000>;
v00000290f1ffa290_19 .array/port v00000290f1ffa290, 19;
L_00000290f1f9e270 .functor BUFZ 16, v00000290f1ffa290_19, C4<0000000000000000>, C4<0000000000000000>, C4<0000000000000000>;
v00000290f1ffa290_20 .array/port v00000290f1ffa290, 20;
L_00000290f1f9e7b0 .functor BUFZ 16, v00000290f1ffa290_20, C4<0000000000000000>, C4<0000000000000000>, C4<0000000000000000>;
v00000290f1ffa290_21 .array/port v00000290f1ffa290, 21;
L_00000290f1f9ea50 .functor BUFZ 16, v00000290f1ffa290_21, C4<0000000000000000>, C4<0000000000000000>, C4<0000000000000000>;
v00000290f1ffa290_22 .array/port v00000290f1ffa290, 22;
L_00000290f1f9e430 .functor BUFZ 16, v00000290f1ffa290_22, C4<0000000000000000>, C4<0000000000000000>, C4<0000000000000000>;
v00000290f1ffa290_23 .array/port v00000290f1ffa290, 23;
L_00000290f1f9e740 .functor BUFZ 16, v00000290f1ffa290_23, C4<0000000000000000>, C4<0000000000000000>, C4<0000000000000000>;
v00000290f1ffa290_24 .array/port v00000290f1ffa290, 24;
L_00000290f1f9eac0 .functor BUFZ 16, v00000290f1ffa290_24, C4<0000000000000000>, C4<0000000000000000>, C4<0000000000000000>;
v00000290f1ffa290_25 .array/port v00000290f1ffa290, 25;
L_00000290f1f9eb30 .functor BUFZ 16, v00000290f1ffa290_25, C4<0000000000000000>, C4<0000000000000000>, C4<0000000000000000>;
v00000290f1ffa290_26 .array/port v00000290f1ffa290, 26;
L_00000290f1f9e510 .functor BUFZ 16, v00000290f1ffa290_26, C4<0000000000000000>, C4<0000000000000000>, C4<0000000000000000>;
v00000290f1ffa290_27 .array/port v00000290f1ffa290, 27;
L_00000290f1f9eba0 .functor BUFZ 16, v00000290f1ffa290_27, C4<0000000000000000>, C4<0000000000000000>, C4<0000000000000000>;
v00000290f1ffa290_28 .array/port v00000290f1ffa290, 28;
L_00000290f1f9e580 .functor BUFZ 16, v00000290f1ffa290_28, C4<0000000000000000>, C4<0000000000000000>, C4<0000000000000000>;
v00000290f1ffa290_29 .array/port v00000290f1ffa290, 29;
L_00000290f1f9e5f0 .functor BUFZ 16, v00000290f1ffa290_29, C4<0000000000000000>, C4<0000000000000000>, C4<0000000000000000>;
v00000290f1ffa290_30 .array/port v00000290f1ffa290, 30;
L_00000290f1f9e660 .functor BUFZ 16, v00000290f1ffa290_30, C4<0000000000000000>, C4<0000000000000000>, C4<0000000000000000>;
v00000290f1ffa290_31 .array/port v00000290f1ffa290, 31;
L_00000290f1f52280 .functor BUFZ 16, v00000290f1ffa290_31, C4<0000000000000000>, C4<0000000000000000>, C4<0000000000000000>;
v00000290f1ffa1f0_0 .array/port v00000290f1ffa1f0, 0;
L_00000290f1f52360 .functor BUFZ 16, v00000290f1ffa1f0_0, C4<0000000000000000>, C4<0000000000000000>, C4<0000000000000000>;
v00000290f1ffa1f0_1 .array/port v00000290f1ffa1f0, 1;
L_00000290f1ffd460 .functor BUFZ 16, v00000290f1ffa1f0_1, C4<0000000000000000>, C4<0000000000000000>, C4<0000000000000000>;
v00000290f1ffa1f0_2 .array/port v00000290f1ffa1f0, 2;
L_00000290f1ffd310 .functor BUFZ 16, v00000290f1ffa1f0_2, C4<0000000000000000>, C4<0000000000000000>, C4<0000000000000000>;
v00000290f1ffa1f0_3 .array/port v00000290f1ffa1f0, 3;
L_00000290f1ffd3f0 .functor BUFZ 16, v00000290f1ffa1f0_3, C4<0000000000000000>, C4<0000000000000000>, C4<0000000000000000>;
v00000290f1ffa1f0_4 .array/port v00000290f1ffa1f0, 4;
L_00000290f1ffda80 .functor BUFZ 16, v00000290f1ffa1f0_4, C4<0000000000000000>, C4<0000000000000000>, C4<0000000000000000>;
v00000290f1ffa1f0_5 .array/port v00000290f1ffa1f0, 5;
L_00000290f1ffda10 .functor BUFZ 16, v00000290f1ffa1f0_5, C4<0000000000000000>, C4<0000000000000000>, C4<0000000000000000>;
v00000290f1ffa1f0_6 .array/port v00000290f1ffa1f0, 6;
L_00000290f1ffd7e0 .functor BUFZ 16, v00000290f1ffa1f0_6, C4<0000000000000000>, C4<0000000000000000>, C4<0000000000000000>;
v00000290f1ffa1f0_7 .array/port v00000290f1ffa1f0, 7;
L_00000290f1ffdcb0 .functor BUFZ 16, v00000290f1ffa1f0_7, C4<0000000000000000>, C4<0000000000000000>, C4<0000000000000000>;
v00000290f1ffa1f0_8 .array/port v00000290f1ffa1f0, 8;
L_00000290f1ffd4d0 .functor BUFZ 16, v00000290f1ffa1f0_8, C4<0000000000000000>, C4<0000000000000000>, C4<0000000000000000>;
v00000290f1ffa1f0_9 .array/port v00000290f1ffa1f0, 9;
L_00000290f1ffd540 .functor BUFZ 16, v00000290f1ffa1f0_9, C4<0000000000000000>, C4<0000000000000000>, C4<0000000000000000>;
v00000290f1ffa1f0_10 .array/port v00000290f1ffa1f0, 10;
L_00000290f1ffd770 .functor BUFZ 16, v00000290f1ffa1f0_10, C4<0000000000000000>, C4<0000000000000000>, C4<0000000000000000>;
v00000290f1ffa1f0_11 .array/port v00000290f1ffa1f0, 11;
L_00000290f1ffd5b0 .functor BUFZ 16, v00000290f1ffa1f0_11, C4<0000000000000000>, C4<0000000000000000>, C4<0000000000000000>;
v00000290f1ffa1f0_12 .array/port v00000290f1ffa1f0, 12;
L_00000290f1ffdaf0 .functor BUFZ 16, v00000290f1ffa1f0_12, C4<0000000000000000>, C4<0000000000000000>, C4<0000000000000000>;
v00000290f1ffa1f0_13 .array/port v00000290f1ffa1f0, 13;
L_00000290f1ffd620 .functor BUFZ 16, v00000290f1ffa1f0_13, C4<0000000000000000>, C4<0000000000000000>, C4<0000000000000000>;
v00000290f1ffa1f0_14 .array/port v00000290f1ffa1f0, 14;
L_00000290f1ffd850 .functor BUFZ 16, v00000290f1ffa1f0_14, C4<0000000000000000>, C4<0000000000000000>, C4<0000000000000000>;
v00000290f1ffa1f0_15 .array/port v00000290f1ffa1f0, 15;
L_00000290f1ffd690 .functor BUFZ 16, v00000290f1ffa1f0_15, C4<0000000000000000>, C4<0000000000000000>, C4<0000000000000000>;
v00000290f1ffa1f0_16 .array/port v00000290f1ffa1f0, 16;
L_00000290f1ffd700 .functor BUFZ 16, v00000290f1ffa1f0_16, C4<0000000000000000>, C4<0000000000000000>, C4<0000000000000000>;
v00000290f1ffa1f0_17 .array/port v00000290f1ffa1f0, 17;
L_00000290f1ffd230 .functor BUFZ 16, v00000290f1ffa1f0_17, C4<0000000000000000>, C4<0000000000000000>, C4<0000000000000000>;
v00000290f1ffa1f0_18 .array/port v00000290f1ffa1f0, 18;
L_00000290f1ffdb60 .functor BUFZ 16, v00000290f1ffa1f0_18, C4<0000000000000000>, C4<0000000000000000>, C4<0000000000000000>;
v00000290f1ffa1f0_19 .array/port v00000290f1ffa1f0, 19;
L_00000290f1ffd9a0 .functor BUFZ 16, v00000290f1ffa1f0_19, C4<0000000000000000>, C4<0000000000000000>, C4<0000000000000000>;
v00000290f1ffa1f0_20 .array/port v00000290f1ffa1f0, 20;
L_00000290f1ffd8c0 .functor BUFZ 16, v00000290f1ffa1f0_20, C4<0000000000000000>, C4<0000000000000000>, C4<0000000000000000>;
v00000290f1ffa1f0_21 .array/port v00000290f1ffa1f0, 21;
L_00000290f1ffd930 .functor BUFZ 16, v00000290f1ffa1f0_21, C4<0000000000000000>, C4<0000000000000000>, C4<0000000000000000>;
v00000290f1ffa1f0_22 .array/port v00000290f1ffa1f0, 22;
L_00000290f1ffdbd0 .functor BUFZ 16, v00000290f1ffa1f0_22, C4<0000000000000000>, C4<0000000000000000>, C4<0000000000000000>;
v00000290f1ffa1f0_23 .array/port v00000290f1ffa1f0, 23;
L_00000290f1ffdc40 .functor BUFZ 16, v00000290f1ffa1f0_23, C4<0000000000000000>, C4<0000000000000000>, C4<0000000000000000>;
v00000290f1ffa1f0_24 .array/port v00000290f1ffa1f0, 24;
L_00000290f1ffdd20 .functor BUFZ 16, v00000290f1ffa1f0_24, C4<0000000000000000>, C4<0000000000000000>, C4<0000000000000000>;
v00000290f1ffa1f0_25 .array/port v00000290f1ffa1f0, 25;
L_00000290f1ffd2a0 .functor BUFZ 16, v00000290f1ffa1f0_25, C4<0000000000000000>, C4<0000000000000000>, C4<0000000000000000>;
v00000290f1ffa1f0_26 .array/port v00000290f1ffa1f0, 26;
L_00000290f1ffdd90 .functor BUFZ 16, v00000290f1ffa1f0_26, C4<0000000000000000>, C4<0000000000000000>, C4<0000000000000000>;
v00000290f1ffa1f0_27 .array/port v00000290f1ffa1f0, 27;
L_00000290f1ffde00 .functor BUFZ 16, v00000290f1ffa1f0_27, C4<0000000000000000>, C4<0000000000000000>, C4<0000000000000000>;
v00000290f1ffa1f0_28 .array/port v00000290f1ffa1f0, 28;
L_00000290f1ffde70 .functor BUFZ 16, v00000290f1ffa1f0_28, C4<0000000000000000>, C4<0000000000000000>, C4<0000000000000000>;
v00000290f1ffa1f0_29 .array/port v00000290f1ffa1f0, 29;
L_00000290f1ffdee0 .functor BUFZ 16, v00000290f1ffa1f0_29, C4<0000000000000000>, C4<0000000000000000>, C4<0000000000000000>;
v00000290f1ffa1f0_30 .array/port v00000290f1ffa1f0, 30;
L_00000290f1ffdf50 .functor BUFZ 16, v00000290f1ffa1f0_30, C4<0000000000000000>, C4<0000000000000000>, C4<0000000000000000>;
v00000290f1ffa1f0_31 .array/port v00000290f1ffa1f0, 31;
L_00000290f1ffdfc0 .functor BUFZ 16, v00000290f1ffa1f0_31, C4<0000000000000000>, C4<0000000000000000>, C4<0000000000000000>;
v00000290f1ff9f70_0 .array/port v00000290f1ff9f70, 0;
L_00000290f1ffd0e0 .functor BUFZ 16, v00000290f1ff9f70_0, C4<0000000000000000>, C4<0000000000000000>, C4<0000000000000000>;
v00000290f1ff9f70_1 .array/port v00000290f1ff9f70, 1;
L_00000290f1ffd150 .functor BUFZ 16, v00000290f1ff9f70_1, C4<0000000000000000>, C4<0000000000000000>, C4<0000000000000000>;
v00000290f1ff9f70_2 .array/port v00000290f1ff9f70, 2;
L_00000290f1ffd380 .functor BUFZ 16, v00000290f1ff9f70_2, C4<0000000000000000>, C4<0000000000000000>, C4<0000000000000000>;
v00000290f1ff9f70_3 .array/port v00000290f1ff9f70, 3;
L_00000290f1ffd1c0 .functor BUFZ 16, v00000290f1ff9f70_3, C4<0000000000000000>, C4<0000000000000000>, C4<0000000000000000>;
v00000290f1ff9f70_4 .array/port v00000290f1ff9f70, 4;
L_00000290f20002c0 .functor BUFZ 16, v00000290f1ff9f70_4, C4<0000000000000000>, C4<0000000000000000>, C4<0000000000000000>;
v00000290f1ff9f70_5 .array/port v00000290f1ff9f70, 5;
L_00000290f2000fe0 .functor BUFZ 16, v00000290f1ff9f70_5, C4<0000000000000000>, C4<0000000000000000>, C4<0000000000000000>;
v00000290f1ff9f70_6 .array/port v00000290f1ff9f70, 6;
L_00000290f2000950 .functor BUFZ 16, v00000290f1ff9f70_6, C4<0000000000000000>, C4<0000000000000000>, C4<0000000000000000>;
v00000290f1ff9f70_7 .array/port v00000290f1ff9f70, 7;
L_00000290f20004f0 .functor BUFZ 16, v00000290f1ff9f70_7, C4<0000000000000000>, C4<0000000000000000>, C4<0000000000000000>;
v00000290f1ff9f70_8 .array/port v00000290f1ff9f70, 8;
L_00000290f2000870 .functor BUFZ 16, v00000290f1ff9f70_8, C4<0000000000000000>, C4<0000000000000000>, C4<0000000000000000>;
v00000290f1ff9f70_9 .array/port v00000290f1ff9f70, 9;
L_00000290f2000560 .functor BUFZ 16, v00000290f1ff9f70_9, C4<0000000000000000>, C4<0000000000000000>, C4<0000000000000000>;
v00000290f1ff9f70_10 .array/port v00000290f1ff9f70, 10;
L_00000290f2000100 .functor BUFZ 16, v00000290f1ff9f70_10, C4<0000000000000000>, C4<0000000000000000>, C4<0000000000000000>;
v00000290f1ff9f70_11 .array/port v00000290f1ff9f70, 11;
L_00000290f2000790 .functor BUFZ 16, v00000290f1ff9f70_11, C4<0000000000000000>, C4<0000000000000000>, C4<0000000000000000>;
v00000290f1ff9f70_12 .array/port v00000290f1ff9f70, 12;
L_00000290f2000db0 .functor BUFZ 16, v00000290f1ff9f70_12, C4<0000000000000000>, C4<0000000000000000>, C4<0000000000000000>;
v00000290f1ff9f70_13 .array/port v00000290f1ff9f70, 13;
L_00000290f2000250 .functor BUFZ 16, v00000290f1ff9f70_13, C4<0000000000000000>, C4<0000000000000000>, C4<0000000000000000>;
v00000290f1ff9f70_14 .array/port v00000290f1ff9f70, 14;
L_00000290f2000e90 .functor BUFZ 16, v00000290f1ff9f70_14, C4<0000000000000000>, C4<0000000000000000>, C4<0000000000000000>;
v00000290f1ff9f70_15 .array/port v00000290f1ff9f70, 15;
L_00000290f20005d0 .functor BUFZ 16, v00000290f1ff9f70_15, C4<0000000000000000>, C4<0000000000000000>, C4<0000000000000000>;
v00000290f1ff9f70_16 .array/port v00000290f1ff9f70, 16;
L_00000290f2000330 .functor BUFZ 16, v00000290f1ff9f70_16, C4<0000000000000000>, C4<0000000000000000>, C4<0000000000000000>;
v00000290f1ff9f70_17 .array/port v00000290f1ff9f70, 17;
L_00000290f2000800 .functor BUFZ 16, v00000290f1ff9f70_17, C4<0000000000000000>, C4<0000000000000000>, C4<0000000000000000>;
v00000290f1ff9f70_18 .array/port v00000290f1ff9f70, 18;
L_00000290f20008e0 .functor BUFZ 16, v00000290f1ff9f70_18, C4<0000000000000000>, C4<0000000000000000>, C4<0000000000000000>;
v00000290f1ff9f70_19 .array/port v00000290f1ff9f70, 19;
L_00000290f2000720 .functor BUFZ 16, v00000290f1ff9f70_19, C4<0000000000000000>, C4<0000000000000000>, C4<0000000000000000>;
v00000290f1ff9f70_20 .array/port v00000290f1ff9f70, 20;
L_00000290f20003a0 .functor BUFZ 16, v00000290f1ff9f70_20, C4<0000000000000000>, C4<0000000000000000>, C4<0000000000000000>;
v00000290f1ff9f70_21 .array/port v00000290f1ff9f70, 21;
L_00000290f2000410 .functor BUFZ 16, v00000290f1ff9f70_21, C4<0000000000000000>, C4<0000000000000000>, C4<0000000000000000>;
v00000290f1ff9f70_22 .array/port v00000290f1ff9f70, 22;
L_00000290f2000bf0 .functor BUFZ 16, v00000290f1ff9f70_22, C4<0000000000000000>, C4<0000000000000000>, C4<0000000000000000>;
v00000290f1ff9f70_23 .array/port v00000290f1ff9f70, 23;
L_00000290f2000480 .functor BUFZ 16, v00000290f1ff9f70_23, C4<0000000000000000>, C4<0000000000000000>, C4<0000000000000000>;
v00000290f1ff9f70_24 .array/port v00000290f1ff9f70, 24;
L_00000290f2000640 .functor BUFZ 16, v00000290f1ff9f70_24, C4<0000000000000000>, C4<0000000000000000>, C4<0000000000000000>;
v00000290f1ff9f70_25 .array/port v00000290f1ff9f70, 25;
L_00000290f20006b0 .functor BUFZ 16, v00000290f1ff9f70_25, C4<0000000000000000>, C4<0000000000000000>, C4<0000000000000000>;
v00000290f1ff9f70_26 .array/port v00000290f1ff9f70, 26;
L_00000290f20009c0 .functor BUFZ 16, v00000290f1ff9f70_26, C4<0000000000000000>, C4<0000000000000000>, C4<0000000000000000>;
v00000290f1ff9f70_27 .array/port v00000290f1ff9f70, 27;
L_00000290f2000e20 .functor BUFZ 16, v00000290f1ff9f70_27, C4<0000000000000000>, C4<0000000000000000>, C4<0000000000000000>;
v00000290f1ff9f70_28 .array/port v00000290f1ff9f70, 28;
L_00000290f2000a30 .functor BUFZ 16, v00000290f1ff9f70_28, C4<0000000000000000>, C4<0000000000000000>, C4<0000000000000000>;
v00000290f1ff9f70_29 .array/port v00000290f1ff9f70, 29;
L_00000290f2000aa0 .functor BUFZ 16, v00000290f1ff9f70_29, C4<0000000000000000>, C4<0000000000000000>, C4<0000000000000000>;
v00000290f1ff9f70_30 .array/port v00000290f1ff9f70, 30;
L_00000290f2000b10 .functor BUFZ 16, v00000290f1ff9f70_30, C4<0000000000000000>, C4<0000000000000000>, C4<0000000000000000>;
v00000290f1ff9f70_31 .array/port v00000290f1ff9f70, 31;
L_00000290f2000f00 .functor BUFZ 16, v00000290f1ff9f70_31, C4<0000000000000000>, C4<0000000000000000>, C4<0000000000000000>;
v00000290f1ff9610_0 .array/port v00000290f1ff9610, 0;
L_00000290f2000170 .functor BUFZ 16, v00000290f1ff9610_0, C4<0000000000000000>, C4<0000000000000000>, C4<0000000000000000>;
v00000290f1ff9610_1 .array/port v00000290f1ff9610, 1;
L_00000290f2000d40 .functor BUFZ 16, v00000290f1ff9610_1, C4<0000000000000000>, C4<0000000000000000>, C4<0000000000000000>;
v00000290f1ff9610_2 .array/port v00000290f1ff9610, 2;
L_00000290f2000b80 .functor BUFZ 16, v00000290f1ff9610_2, C4<0000000000000000>, C4<0000000000000000>, C4<0000000000000000>;
v00000290f1ff9610_3 .array/port v00000290f1ff9610, 3;
L_00000290f20001e0 .functor BUFZ 16, v00000290f1ff9610_3, C4<0000000000000000>, C4<0000000000000000>, C4<0000000000000000>;
v00000290f1ff9610_4 .array/port v00000290f1ff9610, 4;
L_00000290f2000c60 .functor BUFZ 16, v00000290f1ff9610_4, C4<0000000000000000>, C4<0000000000000000>, C4<0000000000000000>;
v00000290f1ff9610_5 .array/port v00000290f1ff9610, 5;
L_00000290f2000cd0 .functor BUFZ 16, v00000290f1ff9610_5, C4<0000000000000000>, C4<0000000000000000>, C4<0000000000000000>;
v00000290f1ff9610_6 .array/port v00000290f1ff9610, 6;
L_00000290f2000f70 .functor BUFZ 16, v00000290f1ff9610_6, C4<0000000000000000>, C4<0000000000000000>, C4<0000000000000000>;
v00000290f1ff9610_7 .array/port v00000290f1ff9610, 7;
L_00000290f20019d0 .functor BUFZ 16, v00000290f1ff9610_7, C4<0000000000000000>, C4<0000000000000000>, C4<0000000000000000>;
v00000290f1ff9610_8 .array/port v00000290f1ff9610, 8;
L_00000290f20016c0 .functor BUFZ 16, v00000290f1ff9610_8, C4<0000000000000000>, C4<0000000000000000>, C4<0000000000000000>;
v00000290f1ff9610_9 .array/port v00000290f1ff9610, 9;
L_00000290f2001500 .functor BUFZ 16, v00000290f1ff9610_9, C4<0000000000000000>, C4<0000000000000000>, C4<0000000000000000>;
v00000290f1ff9610_10 .array/port v00000290f1ff9610, 10;
L_00000290f20018f0 .functor BUFZ 16, v00000290f1ff9610_10, C4<0000000000000000>, C4<0000000000000000>, C4<0000000000000000>;
v00000290f1ff9610_11 .array/port v00000290f1ff9610, 11;
L_00000290f20013b0 .functor BUFZ 16, v00000290f1ff9610_11, C4<0000000000000000>, C4<0000000000000000>, C4<0000000000000000>;
v00000290f1ff9610_12 .array/port v00000290f1ff9610, 12;
L_00000290f2001420 .functor BUFZ 16, v00000290f1ff9610_12, C4<0000000000000000>, C4<0000000000000000>, C4<0000000000000000>;
v00000290f1ff9610_13 .array/port v00000290f1ff9610, 13;
L_00000290f2001e30 .functor BUFZ 16, v00000290f1ff9610_13, C4<0000000000000000>, C4<0000000000000000>, C4<0000000000000000>;
v00000290f1ff9610_14 .array/port v00000290f1ff9610, 14;
L_00000290f20011f0 .functor BUFZ 16, v00000290f1ff9610_14, C4<0000000000000000>, C4<0000000000000000>, C4<0000000000000000>;
v00000290f1ff9610_15 .array/port v00000290f1ff9610, 15;
L_00000290f2001880 .functor BUFZ 16, v00000290f1ff9610_15, C4<0000000000000000>, C4<0000000000000000>, C4<0000000000000000>;
v00000290f1ff9610_16 .array/port v00000290f1ff9610, 16;
L_00000290f2001f80 .functor BUFZ 16, v00000290f1ff9610_16, C4<0000000000000000>, C4<0000000000000000>, C4<0000000000000000>;
v00000290f1ff9610_17 .array/port v00000290f1ff9610, 17;
L_00000290f2001f10 .functor BUFZ 16, v00000290f1ff9610_17, C4<0000000000000000>, C4<0000000000000000>, C4<0000000000000000>;
v00000290f1ff9610_18 .array/port v00000290f1ff9610, 18;
L_00000290f2001110 .functor BUFZ 16, v00000290f1ff9610_18, C4<0000000000000000>, C4<0000000000000000>, C4<0000000000000000>;
v00000290f1ff9610_19 .array/port v00000290f1ff9610, 19;
L_00000290f2001ff0 .functor BUFZ 16, v00000290f1ff9610_19, C4<0000000000000000>, C4<0000000000000000>, C4<0000000000000000>;
v00000290f1ff9610_20 .array/port v00000290f1ff9610, 20;
L_00000290f2001490 .functor BUFZ 16, v00000290f1ff9610_20, C4<0000000000000000>, C4<0000000000000000>, C4<0000000000000000>;
v00000290f1ff9610_21 .array/port v00000290f1ff9610, 21;
L_00000290f2001570 .functor BUFZ 16, v00000290f1ff9610_21, C4<0000000000000000>, C4<0000000000000000>, C4<0000000000000000>;
v00000290f1ff9610_22 .array/port v00000290f1ff9610, 22;
L_00000290f2001340 .functor BUFZ 16, v00000290f1ff9610_22, C4<0000000000000000>, C4<0000000000000000>, C4<0000000000000000>;
v00000290f1ff9610_23 .array/port v00000290f1ff9610, 23;
L_00000290f2001a40 .functor BUFZ 16, v00000290f1ff9610_23, C4<0000000000000000>, C4<0000000000000000>, C4<0000000000000000>;
v00000290f1ff9610_24 .array/port v00000290f1ff9610, 24;
L_00000290f2001960 .functor BUFZ 16, v00000290f1ff9610_24, C4<0000000000000000>, C4<0000000000000000>, C4<0000000000000000>;
v00000290f1ff9610_25 .array/port v00000290f1ff9610, 25;
L_00000290f2001180 .functor BUFZ 16, v00000290f1ff9610_25, C4<0000000000000000>, C4<0000000000000000>, C4<0000000000000000>;
v00000290f1ff9610_26 .array/port v00000290f1ff9610, 26;
L_00000290f20015e0 .functor BUFZ 16, v00000290f1ff9610_26, C4<0000000000000000>, C4<0000000000000000>, C4<0000000000000000>;
v00000290f1ff9610_27 .array/port v00000290f1ff9610, 27;
L_00000290f2001ab0 .functor BUFZ 16, v00000290f1ff9610_27, C4<0000000000000000>, C4<0000000000000000>, C4<0000000000000000>;
v00000290f1ff9610_28 .array/port v00000290f1ff9610, 28;
L_00000290f2001ea0 .functor BUFZ 16, v00000290f1ff9610_28, C4<0000000000000000>, C4<0000000000000000>, C4<0000000000000000>;
v00000290f1ff9610_29 .array/port v00000290f1ff9610, 29;
L_00000290f2001650 .functor BUFZ 16, v00000290f1ff9610_29, C4<0000000000000000>, C4<0000000000000000>, C4<0000000000000000>;
v00000290f1ff9610_30 .array/port v00000290f1ff9610, 30;
L_00000290f2001b90 .functor BUFZ 16, v00000290f1ff9610_30, C4<0000000000000000>, C4<0000000000000000>, C4<0000000000000000>;
v00000290f1ff9610_31 .array/port v00000290f1ff9610, 31;
L_00000290f2001ce0 .functor BUFZ 16, v00000290f1ff9610_31, C4<0000000000000000>, C4<0000000000000000>, C4<0000000000000000>;
v00000290f1ff8cb0_0 .var "clk", 0 0;
v00000290f1ff96b0_0 .net "done", 0 0, v00000290f1ff9cf0_0;  1 drivers
v00000290f1ffa150_0 .var/i "i", 31 0;
v00000290f1ffa1f0 .array/s "in_im", 31 0, 15 0;
v00000290f1ffa290 .array/s "in_re", 31 0, 15 0;
v00000290f1ffa330 .array "out_im", 31 0;
v00000290f1ffa330_0 .net/s v00000290f1ffa330 0, 15 0, L_00000290f2000170; 1 drivers
v00000290f1ffa330_1 .net/s v00000290f1ffa330 1, 15 0, L_00000290f2000d40; 1 drivers
v00000290f1ffa330_2 .net/s v00000290f1ffa330 2, 15 0, L_00000290f2000b80; 1 drivers
v00000290f1ffa330_3 .net/s v00000290f1ffa330 3, 15 0, L_00000290f20001e0; 1 drivers
v00000290f1ffa330_4 .net/s v00000290f1ffa330 4, 15 0, L_00000290f2000c60; 1 drivers
v00000290f1ffa330_5 .net/s v00000290f1ffa330 5, 15 0, L_00000290f2000cd0; 1 drivers
v00000290f1ffa330_6 .net/s v00000290f1ffa330 6, 15 0, L_00000290f2000f70; 1 drivers
v00000290f1ffa330_7 .net/s v00000290f1ffa330 7, 15 0, L_00000290f20019d0; 1 drivers
v00000290f1ffa330_8 .net/s v00000290f1ffa330 8, 15 0, L_00000290f20016c0; 1 drivers
v00000290f1ffa330_9 .net/s v00000290f1ffa330 9, 15 0, L_00000290f2001500; 1 drivers
v00000290f1ffa330_10 .net/s v00000290f1ffa330 10, 15 0, L_00000290f20018f0; 1 drivers
v00000290f1ffa330_11 .net/s v00000290f1ffa330 11, 15 0, L_00000290f20013b0; 1 drivers
v00000290f1ffa330_12 .net/s v00000290f1ffa330 12, 15 0, L_00000290f2001420; 1 drivers
v00000290f1ffa330_13 .net/s v00000290f1ffa330 13, 15 0, L_00000290f2001e30; 1 drivers
v00000290f1ffa330_14 .net/s v00000290f1ffa330 14, 15 0, L_00000290f20011f0; 1 drivers
v00000290f1ffa330_15 .net/s v00000290f1ffa330 15, 15 0, L_00000290f2001880; 1 drivers
v00000290f1ffa330_16 .net/s v00000290f1ffa330 16, 15 0, L_00000290f2001f80; 1 drivers
v00000290f1ffa330_17 .net/s v00000290f1ffa330 17, 15 0, L_00000290f2001f10; 1 drivers
v00000290f1ffa330_18 .net/s v00000290f1ffa330 18, 15 0, L_00000290f2001110; 1 drivers
v00000290f1ffa330_19 .net/s v00000290f1ffa330 19, 15 0, L_00000290f2001ff0; 1 drivers
v00000290f1ffa330_20 .net/s v00000290f1ffa330 20, 15 0, L_00000290f2001490; 1 drivers
v00000290f1ffa330_21 .net/s v00000290f1ffa330 21, 15 0, L_00000290f2001570; 1 drivers
v00000290f1ffa330_22 .net/s v00000290f1ffa330 22, 15 0, L_00000290f2001340; 1 drivers
v00000290f1ffa330_23 .net/s v00000290f1ffa330 23, 15 0, L_00000290f2001a40; 1 drivers
v00000290f1ffa330_24 .net/s v00000290f1ffa330 24, 15 0, L_00000290f2001960; 1 drivers
v00000290f1ffa330_25 .net/s v00000290f1ffa330 25, 15 0, L_00000290f2001180; 1 drivers
v00000290f1ffa330_26 .net/s v00000290f1ffa330 26, 15 0, L_00000290f20015e0; 1 drivers
v00000290f1ffa330_27 .net/s v00000290f1ffa330 27, 15 0, L_00000290f2001ab0; 1 drivers
v00000290f1ffa330_28 .net/s v00000290f1ffa330 28, 15 0, L_00000290f2001ea0; 1 drivers
v00000290f1ffa330_29 .net/s v00000290f1ffa330 29, 15 0, L_00000290f2001650; 1 drivers
v00000290f1ffa330_30 .net/s v00000290f1ffa330 30, 15 0, L_00000290f2001b90; 1 drivers
v00000290f1ffa330_31 .net/s v00000290f1ffa330 31, 15 0, L_00000290f2001ce0; 1 drivers
v00000290f1ffa3d0 .array "out_re", 31 0;
v00000290f1ffa3d0_0 .net/s v00000290f1ffa3d0 0, 15 0, L_00000290f1ffd0e0; 1 drivers
v00000290f1ffa3d0_1 .net/s v00000290f1ffa3d0 1, 15 0, L_00000290f1ffd150; 1 drivers
v00000290f1ffa3d0_2 .net/s v00000290f1ffa3d0 2, 15 0, L_00000290f1ffd380; 1 drivers
v00000290f1ffa3d0_3 .net/s v00000290f1ffa3d0 3, 15 0, L_00000290f1ffd1c0; 1 drivers
v00000290f1ffa3d0_4 .net/s v00000290f1ffa3d0 4, 15 0, L_00000290f20002c0; 1 drivers
v00000290f1ffa3d0_5 .net/s v00000290f1ffa3d0 5, 15 0, L_00000290f2000fe0; 1 drivers
v00000290f1ffa3d0_6 .net/s v00000290f1ffa3d0 6, 15 0, L_00000290f2000950; 1 drivers
v00000290f1ffa3d0_7 .net/s v00000290f1ffa3d0 7, 15 0, L_00000290f20004f0; 1 drivers
v00000290f1ffa3d0_8 .net/s v00000290f1ffa3d0 8, 15 0, L_00000290f2000870; 1 drivers
v00000290f1ffa3d0_9 .net/s v00000290f1ffa3d0 9, 15 0, L_00000290f2000560; 1 drivers
v00000290f1ffa3d0_10 .net/s v00000290f1ffa3d0 10, 15 0, L_00000290f2000100; 1 drivers
v00000290f1ffa3d0_11 .net/s v00000290f1ffa3d0 11, 15 0, L_00000290f2000790; 1 drivers
v00000290f1ffa3d0_12 .net/s v00000290f1ffa3d0 12, 15 0, L_00000290f2000db0; 1 drivers
v00000290f1ffa3d0_13 .net/s v00000290f1ffa3d0 13, 15 0, L_00000290f2000250; 1 drivers
v00000290f1ffa3d0_14 .net/s v00000290f1ffa3d0 14, 15 0, L_00000290f2000e90; 1 drivers
v00000290f1ffa3d0_15 .net/s v00000290f1ffa3d0 15, 15 0, L_00000290f20005d0; 1 drivers
v00000290f1ffa3d0_16 .net/s v00000290f1ffa3d0 16, 15 0, L_00000290f2000330; 1 drivers
v00000290f1ffa3d0_17 .net/s v00000290f1ffa3d0 17, 15 0, L_00000290f2000800; 1 drivers
v00000290f1ffa3d0_18 .net/s v00000290f1ffa3d0 18, 15 0, L_00000290f20008e0; 1 drivers
v00000290f1ffa3d0_19 .net/s v00000290f1ffa3d0 19, 15 0, L_00000290f2000720; 1 drivers
v00000290f1ffa3d0_20 .net/s v00000290f1ffa3d0 20, 15 0, L_00000290f20003a0; 1 drivers
v00000290f1ffa3d0_21 .net/s v00000290f1ffa3d0 21, 15 0, L_00000290f2000410; 1 drivers
v00000290f1ffa3d0_22 .net/s v00000290f1ffa3d0 22, 15 0, L_00000290f2000bf0; 1 drivers
v00000290f1ffa3d0_23 .net/s v00000290f1ffa3d0 23, 15 0, L_00000290f2000480; 1 drivers
v00000290f1ffa3d0_24 .net/s v00000290f1ffa3d0 24, 15 0, L_00000290f2000640; 1 drivers
v00000290f1ffa3d0_25 .net/s v00000290f1ffa3d0 25, 15 0, L_00000290f20006b0; 1 drivers
v00000290f1ffa3d0_26 .net/s v00000290f1ffa3d0 26, 15 0, L_00000290f20009c0; 1 drivers
v00000290f1ffa3d0_27 .net/s v00000290f1ffa3d0 27, 15 0, L_00000290f2000e20; 1 drivers
v00000290f1ffa3d0_28 .net/s v00000290f1ffa3d0 28, 15 0, L_00000290f2000a30; 1 drivers
v00000290f1ffa3d0_29 .net/s v00000290f1ffa3d0 29, 15 0, L_00000290f2000aa0; 1 drivers
v00000290f1ffa3d0_30 .net/s v00000290f1ffa3d0 30, 15 0, L_00000290f2000b10; 1 drivers
v00000290f1ffa3d0_31 .net/s v00000290f1ffa3d0 31, 15 0, L_00000290f2000f00; 1 drivers
v00000290f1ffa470_0 .var "rst_n", 0 0;
v00000290f1ff8a30_0 .var "start", 0 0;
E_00000290f1f8c5d0 .event posedge, v00000290f1ffa650_0;
E_00000290f1f8b950 .event posedge, v00000290f1ff9cf0_0;
S_00000290f1f5b380 .scope module, "dut" "fft1d_32" 3 20, 4 7 0, S_00000290f1f9ee80;
 .timescale -9 -12;
    .port_info 0 /INPUT 1 "clk";
    .port_info 1 /INPUT 1 "rst_n";
    .port_info 2 /INPUT 1 "start";
    .port_info 3 /INPUT 512 "in_re";
    .port_info 4 /INPUT 512 "in_im";
    .port_info 5 /OUTPUT 512 "out_re";
    .port_info 6 /OUTPUT 512 "out_im";
    .port_info 7 /OUTPUT 1 "done";
P_00000290f1f5b510 .param/l "DATA_WIDTH" 0 4 9, +C4<00000000000000000000000000010000>;
P_00000290f1f5b548 .param/l "FRAC" 0 4 10, +C4<00000000000000000000000000001000>;
P_00000290f1f5b580 .param/l "N" 0 4 8, +C4<00000000000000000000000000100000>;
P_00000290f1f5b5b8 .param/l "SCALE_EN" 0 4 11, +C4<00000000000000000000000000000000>;
P_00000290f1f5b5f0 .param/l "S_BITREV" 1 4 25, C4<001>;
P_00000290f1f5b628 .param/l "S_DONE" 1 4 28, C4<100>;
P_00000290f1f5b660 .param/l "S_IDLE" 1 4 24, C4<000>;
P_00000290f1f5b698 .param/l "S_OUTPUT" 1 4 27, C4<011>;
P_00000290f1f5b6d0 .param/l "S_STAGE" 1 4 26, C4<010>;
L_00000290f1f9e120 .functor AND 4, v00000290f1ffa5b0_0, L_00000290f1ffc430, C4<1111>, C4<1111>;
L_00000290f2010088 .functor BUFT 1, C4<00001>, C4<0>, C4<0>, C4<0>;
v00000290f1ff7e30_0 .net/2u *"_ivl_0", 4 0, L_00000290f2010088;  1 drivers
L_00000290f2010160 .functor BUFT 1, C4<00000000000000000000000000000001>, C4<0>, C4<0>, C4<0>;
v00000290f1ff6b70_0 .net/2u *"_ivl_10", 31 0, L_00000290f2010160;  1 drivers
v00000290f1ff7930_0 .net *"_ivl_12", 31 0, L_00000290f1ffc070;  1 drivers
v00000290f1ff79d0_0 .net *"_ivl_19", 3 0, L_00000290f1ffb2b0;  1 drivers
L_00000290f20101a8 .functor BUFT 1, C4<0001>, C4<0>, C4<0>, C4<0>;
v00000290f1ff7a70_0 .net/2u *"_ivl_20", 3 0, L_00000290f20101a8;  1 drivers
v00000290f1ff71b0_0 .net *"_ivl_22", 3 0, L_00000290f1ffc430;  1 drivers
v00000290f1ff7250_0 .net *"_ivl_26", 4 0, L_00000290f1ffb0d0;  1 drivers
L_00000290f20101f0 .functor BUFT 1, C4<0>, C4<0>, C4<0>, C4<0>;
v00000290f1ff7b10_0 .net *"_ivl_29", 0 0, L_00000290f20101f0;  1 drivers
v00000290f1ff7c50_0 .net *"_ivl_31", 4 0, L_00000290f1ffced0;  1 drivers
v00000290f1ff7d90_0 .net *"_ivl_32", 4 0, L_00000290f1ffbc10;  1 drivers
L_00000290f2010238 .functor BUFT 1, C4<0>, C4<0>, C4<0>, C4<0>;
v00000290f1ff7ed0_0 .net *"_ivl_35", 0 0, L_00000290f2010238;  1 drivers
L_00000290f20100d0 .functor BUFT 1, C4<00001>, C4<0>, C4<0>, C4<0>;
v00000290f1ff9a70_0 .net/2u *"_ivl_4", 4 0, L_00000290f20100d0;  1 drivers
L_00000290f2010280 .functor BUFT 1, C4<100>, C4<0>, C4<0>, C4<0>;
v00000290f1ff8df0_0 .net/2u *"_ivl_40", 2 0, L_00000290f2010280;  1 drivers
v00000290f1ff8f30_0 .net *"_ivl_42", 2 0, L_00000290f1ffb170;  1 drivers
v00000290f1ff9890_0 .net *"_ivl_48", 6 0, L_00000290f1ffcf70;  1 drivers
L_00000290f20103e8 .functor BUFT 1, C4<00>, C4<0>, C4<0>, C4<0>;
v00000290f1ffa510_0 .net *"_ivl_51", 1 0, L_00000290f20103e8;  1 drivers
v00000290f1ff8d50_0 .net *"_ivl_54", 6 0, L_00000290f1ffb3f0;  1 drivers
L_00000290f2010430 .functor BUFT 1, C4<00>, C4<0>, C4<0>, C4<0>;
v00000290f1ff8e90_0 .net *"_ivl_57", 1 0, L_00000290f2010430;  1 drivers
v00000290f1ff8fd0_0 .net *"_ivl_6", 31 0, L_00000290f1ffc9d0;  1 drivers
v00000290f1ff99d0_0 .net *"_ivl_60", 6 0, L_00000290f1ffb490;  1 drivers
L_00000290f2010478 .functor BUFT 1, C4<00>, C4<0>, C4<0>, C4<0>;
v00000290f1ff9b10_0 .net *"_ivl_63", 1 0, L_00000290f2010478;  1 drivers
v00000290f1ff9750_0 .net *"_ivl_66", 6 0, L_00000290f1ffb5d0;  1 drivers
L_00000290f20104c0 .functor BUFT 1, C4<00>, C4<0>, C4<0>, C4<0>;
v00000290f1ff9bb0_0 .net *"_ivl_69", 1 0, L_00000290f20104c0;  1 drivers
L_00000290f2010118 .functor BUFT 1, C4<00000000000000000000000000000>, C4<0>, C4<0>, C4<0>;
v00000290f1ff9390_0 .net *"_ivl_9", 28 0, L_00000290f2010118;  1 drivers
v00000290f1ff97f0_0 .net/s "bf_out_im_a", 15 0, L_00000290f1ffc570;  1 drivers
v00000290f1ff9070_0 .net/s "bf_out_im_b", 15 0, L_00000290f1ffbad0;  1 drivers
v00000290f1ffa6f0_0 .net/s "bf_out_re_a", 15 0, L_00000290f1ffb8f0;  1 drivers
v00000290f1ff9930_0 .net/s "bf_out_re_b", 15 0, L_00000290f1ffc6b0;  1 drivers
v00000290f1ffa5b0_0 .var "bfly_cnt", 3 0;
v00000290f1ff9c50_0 .net "bfly_in_grp", 3 0, L_00000290f1f9e120;  1 drivers
v00000290f1ff9430 .array/s "buf_im", 31 0, 15 0;
v00000290f1ff9250 .array/s "buf_re", 31 0, 15 0;
v00000290f1ffa650_0 .net "clk", 0 0, v00000290f1ff8cb0_0;  1 drivers
v00000290f1ff9cf0_0 .var "done", 0 0;
v00000290f1ff9d90_0 .net "group", 4 0, L_00000290f1ffc2f0;  1 drivers
v00000290f1ff9110_0 .net "grp_idx", 3 0, L_00000290f1ffb530;  1 drivers
v00000290f1ff94d0_0 .net "half", 4 0, L_00000290f1ff8ad0;  1 drivers
v00000290f1ff9570_0 .var/i "i", 31 0;
v00000290f1ff9e30_0 .net "idx_a", 4 0, L_00000290f1ffc7f0;  1 drivers
v00000290f1ff92f0_0 .net "idx_b", 4 0, L_00000290f1ffc4d0;  1 drivers
v00000290f1ff9ed0 .array "in_im", 31 0;
v00000290f1ff9ed0_0 .net/s v00000290f1ff9ed0 0, 15 0, L_00000290f1f52360; 1 drivers
v00000290f1ff9ed0_1 .net/s v00000290f1ff9ed0 1, 15 0, L_00000290f1ffd460; 1 drivers
v00000290f1ff9ed0_2 .net/s v00000290f1ff9ed0 2, 15 0, L_00000290f1ffd310; 1 drivers
v00000290f1ff9ed0_3 .net/s v00000290f1ff9ed0 3, 15 0, L_00000290f1ffd3f0; 1 drivers
v00000290f1ff9ed0_4 .net/s v00000290f1ff9ed0 4, 15 0, L_00000290f1ffda80; 1 drivers
v00000290f1ff9ed0_5 .net/s v00000290f1ff9ed0 5, 15 0, L_00000290f1ffda10; 1 drivers
v00000290f1ff9ed0_6 .net/s v00000290f1ff9ed0 6, 15 0, L_00000290f1ffd7e0; 1 drivers
v00000290f1ff9ed0_7 .net/s v00000290f1ff9ed0 7, 15 0, L_00000290f1ffdcb0; 1 drivers
v00000290f1ff9ed0_8 .net/s v00000290f1ff9ed0 8, 15 0, L_00000290f1ffd4d0; 1 drivers
v00000290f1ff9ed0_9 .net/s v00000290f1ff9ed0 9, 15 0, L_00000290f1ffd540; 1 drivers
v00000290f1ff9ed0_10 .net/s v00000290f1ff9ed0 10, 15 0, L_00000290f1ffd770; 1 drivers
v00000290f1ff9ed0_11 .net/s v00000290f1ff9ed0 11, 15 0, L_00000290f1ffd5b0; 1 drivers
v00000290f1ff9ed0_12 .net/s v00000290f1ff9ed0 12, 15 0, L_00000290f1ffdaf0; 1 drivers
v00000290f1ff9ed0_13 .net/s v00000290f1ff9ed0 13, 15 0, L_00000290f1ffd620; 1 drivers
v00000290f1ff9ed0_14 .net/s v00000290f1ff9ed0 14, 15 0, L_00000290f1ffd850; 1 drivers
v00000290f1ff9ed0_15 .net/s v00000290f1ff9ed0 15, 15 0, L_00000290f1ffd690; 1 drivers
v00000290f1ff9ed0_16 .net/s v00000290f1ff9ed0 16, 15 0, L_00000290f1ffd700; 1 drivers
v00000290f1ff9ed0_17 .net/s v00000290f1ff9ed0 17, 15 0, L_00000290f1ffd230; 1 drivers
v00000290f1ff9ed0_18 .net/s v00000290f1ff9ed0 18, 15 0, L_00000290f1ffdb60; 1 drivers
v00000290f1ff9ed0_19 .net/s v00000290f1ff9ed0 19, 15 0, L_00000290f1ffd9a0; 1 drivers
v00000290f1ff9ed0_20 .net/s v00000290f1ff9ed0 20, 15 0, L_00000290f1ffd8c0; 1 drivers
v00000290f1ff9ed0_21 .net/s v00000290f1ff9ed0 21, 15 0, L_00000290f1ffd930; 1 drivers
v00000290f1ff9ed0_22 .net/s v00000290f1ff9ed0 22, 15 0, L_00000290f1ffdbd0; 1 drivers
v00000290f1ff9ed0_23 .net/s v00000290f1ff9ed0 23, 15 0, L_00000290f1ffdc40; 1 drivers
v00000290f1ff9ed0_24 .net/s v00000290f1ff9ed0 24, 15 0, L_00000290f1ffdd20; 1 drivers
v00000290f1ff9ed0_25 .net/s v00000290f1ff9ed0 25, 15 0, L_00000290f1ffd2a0; 1 drivers
v00000290f1ff9ed0_26 .net/s v00000290f1ff9ed0 26, 15 0, L_00000290f1ffdd90; 1 drivers
v00000290f1ff9ed0_27 .net/s v00000290f1ff9ed0 27, 15 0, L_00000290f1ffde00; 1 drivers
v00000290f1ff9ed0_28 .net/s v00000290f1ff9ed0 28, 15 0, L_00000290f1ffde70; 1 drivers
v00000290f1ff9ed0_29 .net/s v00000290f1ff9ed0 29, 15 0, L_00000290f1ffdee0; 1 drivers
v00000290f1ff9ed0_30 .net/s v00000290f1ff9ed0 30, 15 0, L_00000290f1ffdf50; 1 drivers
v00000290f1ff9ed0_31 .net/s v00000290f1ff9ed0 31, 15 0, L_00000290f1ffdfc0; 1 drivers
v00000290f1ff8c10 .array "in_re", 31 0;
v00000290f1ff8c10_0 .net/s v00000290f1ff8c10 0, 15 0, L_00000290f1f9e6d0; 1 drivers
v00000290f1ff8c10_1 .net/s v00000290f1ff8c10 1, 15 0, L_00000290f1f9def0; 1 drivers
v00000290f1ff8c10_2 .net/s v00000290f1ff8c10 2, 15 0, L_00000290f1f9e040; 1 drivers
v00000290f1ff8c10_3 .net/s v00000290f1ff8c10 3, 15 0, L_00000290f1f9e350; 1 drivers
v00000290f1ff8c10_4 .net/s v00000290f1ff8c10 4, 15 0, L_00000290f1f9de10; 1 drivers
v00000290f1ff8c10_5 .net/s v00000290f1ff8c10 5, 15 0, L_00000290f1f9df60; 1 drivers
v00000290f1ff8c10_6 .net/s v00000290f1ff8c10 6, 15 0, L_00000290f1f9e2e0; 1 drivers
v00000290f1ff8c10_7 .net/s v00000290f1ff8c10 7, 15 0, L_00000290f1f9e200; 1 drivers
v00000290f1ff8c10_8 .net/s v00000290f1ff8c10 8, 15 0, L_00000290f1f9dfd0; 1 drivers
v00000290f1ff8c10_9 .net/s v00000290f1ff8c10 9, 15 0, L_00000290f1f9e4a0; 1 drivers
v00000290f1ff8c10_10 .net/s v00000290f1ff8c10 10, 15 0, L_00000290f1f9dd30; 1 drivers
v00000290f1ff8c10_11 .net/s v00000290f1ff8c10 11, 15 0, L_00000290f1f9e820; 1 drivers
v00000290f1ff8c10_12 .net/s v00000290f1ff8c10 12, 15 0, L_00000290f1f9e0b0; 1 drivers
v00000290f1ff8c10_13 .net/s v00000290f1ff8c10 13, 15 0, L_00000290f1f9e890; 1 drivers
v00000290f1ff8c10_14 .net/s v00000290f1ff8c10 14, 15 0, L_00000290f1f9dda0; 1 drivers
v00000290f1ff8c10_15 .net/s v00000290f1ff8c10 15, 15 0, L_00000290f1f9e900; 1 drivers
v00000290f1ff8c10_16 .net/s v00000290f1ff8c10 16, 15 0, L_00000290f1f9e190; 1 drivers
v00000290f1ff8c10_17 .net/s v00000290f1ff8c10 17, 15 0, L_00000290f1f9e970; 1 drivers
v00000290f1ff8c10_18 .net/s v00000290f1ff8c10 18, 15 0, L_00000290f1f9e9e0; 1 drivers
v00000290f1ff8c10_19 .net/s v00000290f1ff8c10 19, 15 0, L_00000290f1f9e270; 1 drivers
v00000290f1ff8c10_20 .net/s v00000290f1ff8c10 20, 15 0, L_00000290f1f9e7b0; 1 drivers
v00000290f1ff8c10_21 .net/s v00000290f1ff8c10 21, 15 0, L_00000290f1f9ea50; 1 drivers
v00000290f1ff8c10_22 .net/s v00000290f1ff8c10 22, 15 0, L_00000290f1f9e430; 1 drivers
v00000290f1ff8c10_23 .net/s v00000290f1ff8c10 23, 15 0, L_00000290f1f9e740; 1 drivers
v00000290f1ff8c10_24 .net/s v00000290f1ff8c10 24, 15 0, L_00000290f1f9eac0; 1 drivers
v00000290f1ff8c10_25 .net/s v00000290f1ff8c10 25, 15 0, L_00000290f1f9eb30; 1 drivers
v00000290f1ff8c10_26 .net/s v00000290f1ff8c10 26, 15 0, L_00000290f1f9e510; 1 drivers
v00000290f1ff8c10_27 .net/s v00000290f1ff8c10 27, 15 0, L_00000290f1f9eba0; 1 drivers
v00000290f1ff8c10_28 .net/s v00000290f1ff8c10 28, 15 0, L_00000290f1f9e580; 1 drivers
v00000290f1ff8c10_29 .net/s v00000290f1ff8c10 29, 15 0, L_00000290f1f9e5f0; 1 drivers
v00000290f1ff8c10_30 .net/s v00000290f1ff8c10 30, 15 0, L_00000290f1f9e660; 1 drivers
v00000290f1ff8c10_31 .net/s v00000290f1ff8c10 31, 15 0, L_00000290f1f52280; 1 drivers
v00000290f1ff9610 .array/s "out_im", 31 0, 15 0;
v00000290f1ff9f70 .array/s "out_re", 31 0, 15 0;
v00000290f1ff91b0_0 .net "rst_n", 0 0, v00000290f1ffa470_0;  1 drivers
v00000290f1ffa010_0 .var "stage_cnt", 2 0;
v00000290f1ff8850_0 .net "start", 0 0, v00000290f1ff8a30_0;  1 drivers
v00000290f1ff8b70_0 .var "state", 2 0;
v00000290f1ff88f0_0 .net "tw_addr", 3 0, L_00000290f1ffb7b0;  1 drivers
v00000290f1ff8990_0 .net/s "w_im", 15 0, L_00000290f1f9de80;  1 drivers
v00000290f1ffa0b0_0 .net/s "w_re", 15 0, L_00000290f1f9e3c0;  1 drivers
E_00000290f1f8c650/0 .event negedge, v00000290f1ff91b0_0;
E_00000290f1f8c650/1 .event posedge, v00000290f1ffa650_0;
E_00000290f1f8c650 .event/or E_00000290f1f8c650/0, E_00000290f1f8c650/1;
L_00000290f1ff8ad0 .shift/l 5, L_00000290f2010088, v00000290f1ffa010_0;
L_00000290f1ffc9d0 .concat [ 3 29 0 0], v00000290f1ffa010_0, L_00000290f2010118;
L_00000290f1ffc070 .arith/sum 32, L_00000290f1ffc9d0, L_00000290f2010160;
L_00000290f1ffc2f0 .shift/l 5, L_00000290f20100d0, L_00000290f1ffc070;
L_00000290f1ffb530 .shift/r 4, v00000290f1ffa5b0_0, v00000290f1ffa010_0;
L_00000290f1ffb2b0 .part L_00000290f1ff8ad0, 0, 4;
L_00000290f1ffc430 .arith/sub 4, L_00000290f1ffb2b0, L_00000290f20101a8;
L_00000290f1ffb0d0 .concat [ 4 1 0 0], L_00000290f1ffb530, L_00000290f20101f0;
L_00000290f1ffced0 .arith/mult 5, L_00000290f1ffb0d0, L_00000290f1ffc2f0;
L_00000290f1ffbc10 .concat [ 4 1 0 0], L_00000290f1f9e120, L_00000290f2010238;
L_00000290f1ffc7f0 .arith/sum 5, L_00000290f1ffced0, L_00000290f1ffbc10;
L_00000290f1ffc4d0 .arith/sum 5, L_00000290f1ffc7f0, L_00000290f1ff8ad0;
L_00000290f1ffb170 .arith/sub 3, L_00000290f2010280, v00000290f1ffa010_0;
L_00000290f1ffb7b0 .shift/l 4, L_00000290f1f9e120, L_00000290f1ffb170;
L_00000290f1ffcd90 .array/port v00000290f1ff9250, L_00000290f1ffcf70;
L_00000290f1ffcf70 .concat [ 5 2 0 0], L_00000290f1ffc7f0, L_00000290f20103e8;
L_00000290f1ffbd50 .array/port v00000290f1ff9430, L_00000290f1ffb3f0;
L_00000290f1ffb3f0 .concat [ 5 2 0 0], L_00000290f1ffc7f0, L_00000290f2010430;
L_00000290f1ffbcb0 .array/port v00000290f1ff9250, L_00000290f1ffb490;
L_00000290f1ffb490 .concat [ 5 2 0 0], L_00000290f1ffc4d0, L_00000290f2010478;
L_00000290f1ffbdf0 .array/port v00000290f1ff9430, L_00000290f1ffb5d0;
L_00000290f1ffb5d0 .concat [ 5 2 0 0], L_00000290f1ffc4d0, L_00000290f20104c0;
S_00000290f1f776c0 .scope function.vec4.s5, "bit_rev" "bit_rev" 4 42, 4 42 0, S_00000290f1f5b380;
 .timescale -9 -12;
; Variable bit_rev is vec4 return value of scope S_00000290f1f776c0
v00000290f1f81560_0 .var "idx", 4 0;
TD_tb_fft1d_verify.dut.bit_rev ;
    %load/vec4 v00000290f1f81560_0;
    %parti/s 1, 0, 2;
    %load/vec4 v00000290f1f81560_0;
    %parti/s 1, 1, 2;
    %concat/vec4; draw_concat_vec4
    %load/vec4 v00000290f1f81560_0;
    %parti/s 1, 2, 3;
    %concat/vec4; draw_concat_vec4
    %load/vec4 v00000290f1f81560_0;
    %parti/s 1, 3, 3;
    %concat/vec4; draw_concat_vec4
    %load/vec4 v00000290f1f81560_0;
    %parti/s 1, 4, 4;
    %concat/vec4; draw_concat_vec4
    %ret/vec4 0, 0, 5;  Assign to bit_rev (store_vec4_to_lval)
    %end;
S_00000290f1f77850 .scope module, "u_bfly" "butterfly" 4 90, 5 10 0, S_00000290f1f5b380;
 .timescale -9 -12;
    .port_info 0 /INPUT 16 "in_re_a";
    .port_info 1 /INPUT 16 "in_im_a";
    .port_info 2 /INPUT 16 "in_re_b";
    .port_info 3 /INPUT 16 "in_im_b";
    .port_info 4 /INPUT 16 "w_re";
    .port_info 5 /INPUT 16 "w_im";
    .port_info 6 /OUTPUT 16 "out_re_a";
    .port_info 7 /OUTPUT 16 "out_im_a";
    .port_info 8 /OUTPUT 16 "out_re_b";
    .port_info 9 /OUTPUT 16 "out_im_b";
P_00000290f1f89240 .param/l "DATA_WIDTH" 0 5 11, +C4<00000000000000000000000000010000>;
P_00000290f1f89278 .param/l "FRAC" 0 5 12, +C4<00000000000000000000000000001000>;
P_00000290f1f892b0 .param/l "LSB" 1 5 30, +C4<00000000000000000000000000001000>;
P_00000290f1f892e8 .param/l "MSB" 1 5 29, +C4<0000000000000000000000000000010111>;
P_00000290f1f89320 .param/l "SCALE_EN" 0 5 13, +C4<00000000000000000000000000000000>;
v00000290f1f81740_0 .net/s *"_ivl_10", 31 0, L_00000290f1ffb210;  1 drivers
v00000290f1ff6170_0 .net/s *"_ivl_13", 31 0, L_00000290f1ffba30;  1 drivers
v00000290f1ff6030_0 .net/s *"_ivl_14", 31 0, L_00000290f1ffbf30;  1 drivers
v00000290f1ff6710_0 .net/s *"_ivl_16", 31 0, L_00000290f1ffb350;  1 drivers
v00000290f1ff7390_0 .net/s *"_ivl_19", 31 0, L_00000290f1ffc610;  1 drivers
v00000290f1ff76b0_0 .net/s *"_ivl_22", 31 0, L_00000290f1ffc890;  1 drivers
v00000290f1ff6350_0 .net/s *"_ivl_24", 31 0, L_00000290f1ffc930;  1 drivers
v00000290f1ff7610_0 .net/s *"_ivl_27", 31 0, L_00000290f1ffca70;  1 drivers
v00000290f1ff6df0_0 .net/s *"_ivl_28", 31 0, L_00000290f1ffc390;  1 drivers
v00000290f1ff6cb0_0 .net/s *"_ivl_30", 31 0, L_00000290f1ffcb10;  1 drivers
v00000290f1ff63f0_0 .net/s *"_ivl_33", 31 0, L_00000290f1ffcbb0;  1 drivers
v00000290f1ff6490_0 .net/s *"_ivl_8", 31 0, L_00000290f1ffb990;  1 drivers
v00000290f1ff6c10_0 .net/s "in_im_a", 15 0, L_00000290f1ffbd50;  1 drivers
v00000290f1ff6fd0_0 .net/s "in_im_b", 15 0, L_00000290f1ffbdf0;  1 drivers
v00000290f1ff7070_0 .net/s "in_re_a", 15 0, L_00000290f1ffcd90;  1 drivers
v00000290f1ff6530_0 .net/s "in_re_b", 15 0, L_00000290f1ffbcb0;  1 drivers
v00000290f1ff72f0_0 .net/s "out_im_a", 15 0, L_00000290f1ffc570;  alias, 1 drivers
v00000290f1ff6210_0 .net/s "out_im_b", 15 0, L_00000290f1ffbad0;  alias, 1 drivers
v00000290f1ff7750_0 .net/s "out_re_a", 15 0, L_00000290f1ffb8f0;  alias, 1 drivers
v00000290f1ff62b0_0 .net/s "out_re_b", 15 0, L_00000290f1ffc6b0;  alias, 1 drivers
v00000290f1ff7110_0 .net/s "tw_im", 15 0, L_00000290f1ffccf0;  1 drivers
v00000290f1ff7430_0 .net/s "tw_im_full", 31 0, L_00000290f1ffcc50;  1 drivers
v00000290f1ff65d0_0 .net/s "tw_re", 15 0, L_00000290f1ffbb70;  1 drivers
v00000290f1ff6990_0 .net/s "tw_re_full", 31 0, L_00000290f1ffc750;  1 drivers
v00000290f1ff6f30_0 .net/s "w_im", 15 0, L_00000290f1f9de80;  alias, 1 drivers
v00000290f1ff60d0_0 .net/s "w_re", 15 0, L_00000290f1f9e3c0;  alias, 1 drivers
L_00000290f1ffb8f0 .arith/sum 16, L_00000290f1ffcd90, L_00000290f1ffbb70;
L_00000290f1ffc570 .arith/sum 16, L_00000290f1ffbd50, L_00000290f1ffccf0;
L_00000290f1ffc6b0 .arith/sub 16, L_00000290f1ffcd90, L_00000290f1ffbb70;
L_00000290f1ffbad0 .arith/sub 16, L_00000290f1ffbd50, L_00000290f1ffccf0;
L_00000290f1ffb990 .extend/s 32, L_00000290f1f9e3c0;
L_00000290f1ffb210 .extend/s 32, L_00000290f1ffbcb0;
L_00000290f1ffba30 .arith/mult 32, L_00000290f1ffb990, L_00000290f1ffb210;
L_00000290f1ffbf30 .extend/s 32, L_00000290f1f9de80;
L_00000290f1ffb350 .extend/s 32, L_00000290f1ffbdf0;
L_00000290f1ffc610 .arith/mult 32, L_00000290f1ffbf30, L_00000290f1ffb350;
L_00000290f1ffc750 .arith/sub 32, L_00000290f1ffba30, L_00000290f1ffc610;
L_00000290f1ffc890 .extend/s 32, L_00000290f1f9e3c0;
L_00000290f1ffc930 .extend/s 32, L_00000290f1ffbdf0;
L_00000290f1ffca70 .arith/mult 32, L_00000290f1ffc890, L_00000290f1ffc930;
L_00000290f1ffc390 .extend/s 32, L_00000290f1f9de80;
L_00000290f1ffcb10 .extend/s 32, L_00000290f1ffbcb0;
L_00000290f1ffcbb0 .arith/mult 32, L_00000290f1ffc390, L_00000290f1ffcb10;
L_00000290f1ffcc50 .arith/sum 32, L_00000290f1ffca70, L_00000290f1ffcbb0;
L_00000290f1ffbb70 .part L_00000290f1ffc750, 8, 16;
L_00000290f1ffccf0 .part L_00000290f1ffcc50, 8, 16;
S_00000290f1f22ce0 .scope generate, "unscaled" "unscaled" 5 43, 5 43 0, S_00000290f1f77850;
 .timescale -9 -12;
S_00000290f1f22e70 .scope module, "u_trom" "twiddle_rom_32" 4 80, 6 7 0, S_00000290f1f5b380;
 .timescale -9 -12;
    .port_info 0 /INPUT 4 "addr";
    .port_info 1 /OUTPUT 16 "w_re";
    .port_info 2 /OUTPUT 16 "w_im";
P_00000290f1f66f70 .param/l "DATA_WIDTH" 0 6 9, +C4<00000000000000000000000000010000>;
P_00000290f1f66fa8 .param/l "FRAC" 0 6 10, +C4<00000000000000000000000000001000>;
P_00000290f1f66fe0 .param/l "N" 0 6 8, +C4<00000000000000000000000000100000>;
L_00000290f1f9e3c0 .functor BUFZ 16, L_00000290f1ffb670, C4<0000000000000000>, C4<0000000000000000>, C4<0000000000000000>;
L_00000290f1f9de80 .functor BUFZ 16, L_00000290f1ffc1b0, C4<0000000000000000>, C4<0000000000000000>, C4<0000000000000000>;
v00000290f1ff67b0_0 .net *"_ivl_0", 15 0, L_00000290f1ffb670;  1 drivers
v00000290f1ff74d0_0 .net *"_ivl_12", 15 0, L_00000290f1ffc1b0;  1 drivers
L_00000290f2010358 .functor BUFT 1, C4<1>, C4<0>, C4<0>, C4<0>;
v00000290f1ff6670_0 .net/2u *"_ivl_14", 0 0, L_00000290f2010358;  1 drivers
v00000290f1ff7bb0_0 .net *"_ivl_16", 4 0, L_00000290f1ffb850;  1 drivers
v00000290f1ff6a30_0 .net *"_ivl_18", 6 0, L_00000290f1ffc250;  1 drivers
L_00000290f20102c8 .functor BUFT 1, C4<0>, C4<0>, C4<0>, C4<0>;
v00000290f1ff6e90_0 .net/2u *"_ivl_2", 0 0, L_00000290f20102c8;  1 drivers
L_00000290f20103a0 .functor BUFT 1, C4<00>, C4<0>, C4<0>, C4<0>;
v00000290f1ff6d50_0 .net *"_ivl_21", 1 0, L_00000290f20103a0;  1 drivers
v00000290f1ff7cf0_0 .net *"_ivl_4", 4 0, L_00000290f1ffce30;  1 drivers
v00000290f1ff6850_0 .net *"_ivl_6", 6 0, L_00000290f1ffc110;  1 drivers
L_00000290f2010310 .functor BUFT 1, C4<00>, C4<0>, C4<0>, C4<0>;
v00000290f1ff68f0_0 .net *"_ivl_9", 1 0, L_00000290f2010310;  1 drivers
v00000290f1ff77f0_0 .net "addr", 3 0, L_00000290f1ffb7b0;  alias, 1 drivers
v00000290f1ff7890 .array/s "mem", 31 0, 15 0;
v00000290f1ff6ad0_0 .net/s "w_im", 15 0, L_00000290f1f9de80;  alias, 1 drivers
v00000290f1ff7570_0 .net/s "w_re", 15 0, L_00000290f1f9e3c0;  alias, 1 drivers
L_00000290f1ffb670 .array/port v00000290f1ff7890, L_00000290f1ffc110;
L_00000290f1ffce30 .concat [ 1 4 0 0], L_00000290f20102c8, L_00000290f1ffb7b0;
L_00000290f1ffc110 .concat [ 5 2 0 0], L_00000290f1ffce30, L_00000290f2010310;
L_00000290f1ffc1b0 .array/port v00000290f1ff7890, L_00000290f1ffc250;
L_00000290f1ffb850 .concat [ 1 4 0 0], L_00000290f2010358, L_00000290f1ffb7b0;
L_00000290f1ffc250 .concat [ 5 2 0 0], L_00000290f1ffb850, L_00000290f20103a0;
    .scope S_00000290f1f22e70;
T_1 ;
    %vpi_call/w 6 21 "$readmemh", "data/twiddle_32.mem", v00000290f1ff7890 {0 0 0};
    %end;
    .thread T_1;
    .scope S_00000290f1f5b380;
T_2 ;
    %wait E_00000290f1f8c650;
    %load/vec4 v00000290f1ff91b0_0;
    %nor/r;
    %flag_set/vec4 8;
    %jmp/0xz  T_2.0, 8;
    %pushi/vec4 0, 0, 3;
    %assign/vec4 v00000290f1ff8b70_0, 0;
    %pushi/vec4 0, 0, 3;
    %assign/vec4 v00000290f1ffa010_0, 0;
    %pushi/vec4 0, 0, 4;
    %assign/vec4 v00000290f1ffa5b0_0, 0;
    %pushi/vec4 0, 0, 1;
    %assign/vec4 v00000290f1ff9cf0_0, 0;
    %jmp T_2.1;
T_2.0 ;
    %pushi/vec4 0, 0, 1;
    %assign/vec4 v00000290f1ff9cf0_0, 0;
    %load/vec4 v00000290f1ff8b70_0;
    %dup/vec4;
    %pushi/vec4 0, 0, 3;
    %cmp/u;
    %jmp/1 T_2.2, 6;
    %dup/vec4;
    %pushi/vec4 1, 0, 3;
    %cmp/u;
    %jmp/1 T_2.3, 6;
    %dup/vec4;
    %pushi/vec4 2, 0, 3;
    %cmp/u;
    %jmp/1 T_2.4, 6;
    %dup/vec4;
    %pushi/vec4 3, 0, 3;
    %cmp/u;
    %jmp/1 T_2.5, 6;
    %dup/vec4;
    %pushi/vec4 4, 0, 3;
    %cmp/u;
    %jmp/1 T_2.6, 6;
    %jmp T_2.7;
T_2.2 ;
    %load/vec4 v00000290f1ff8850_0;
    %flag_set/vec4 8;
    %jmp/0xz  T_2.8, 8;
    %pushi/vec4 1, 0, 3;
    %assign/vec4 v00000290f1ff8b70_0, 0;
T_2.8 ;
    %jmp T_2.7;
T_2.3 ;
    %pushi/vec4 0, 0, 32;
    %store/vec4 v00000290f1ff9570_0, 0, 32;
T_2.10 ;
    %load/vec4 v00000290f1ff9570_0;
    %cmpi/s 32, 0, 32;
    %jmp/0xz T_2.11, 5;
    %ix/getv/s 4, v00000290f1ff9570_0;
    %load/vec4a v00000290f1ff8c10, 4;
    %load/vec4 v00000290f1ff9570_0;
    %parti/s 5, 0, 2;
    %store/vec4 v00000290f1f81560_0, 0, 5;
    %callf/vec4 TD_tb_fft1d_verify.dut.bit_rev, S_00000290f1f776c0;
    %pad/u 7;
    %ix/vec4 3;
    %ix/load 4, 0, 0; Constant delay
    %assign/vec4/a/d v00000290f1ff9250, 0, 4;
    %ix/getv/s 4, v00000290f1ff9570_0;
    %load/vec4a v00000290f1ff9ed0, 4;
    %load/vec4 v00000290f1ff9570_0;
    %parti/s 5, 0, 2;
    %store/vec4 v00000290f1f81560_0, 0, 5;
    %callf/vec4 TD_tb_fft1d_verify.dut.bit_rev, S_00000290f1f776c0;
    %pad/u 7;
    %ix/vec4 3;
    %ix/load 4, 0, 0; Constant delay
    %assign/vec4/a/d v00000290f1ff9430, 0, 4;
    %load/vec4 v00000290f1ff9570_0;
    %addi 1, 0, 32;
    %store/vec4 v00000290f1ff9570_0, 0, 32;
    %jmp T_2.10;
T_2.11 ;
    %pushi/vec4 0, 0, 3;
    %assign/vec4 v00000290f1ffa010_0, 0;
    %pushi/vec4 0, 0, 4;
    %assign/vec4 v00000290f1ffa5b0_0, 0;
    %pushi/vec4 2, 0, 3;
    %assign/vec4 v00000290f1ff8b70_0, 0;
    %jmp T_2.7;
T_2.4 ;
    %load/vec4 v00000290f1ffa6f0_0;
    %load/vec4 v00000290f1ff9e30_0;
    %pad/u 7;
    %ix/vec4 3;
    %ix/load 4, 0, 0; Constant delay
    %assign/vec4/a/d v00000290f1ff9250, 0, 4;
    %load/vec4 v00000290f1ff97f0_0;
    %load/vec4 v00000290f1ff9e30_0;
    %pad/u 7;
    %ix/vec4 3;
    %ix/load 4, 0, 0; Constant delay
    %assign/vec4/a/d v00000290f1ff9430, 0, 4;
    %load/vec4 v00000290f1ff9930_0;
    %load/vec4 v00000290f1ff92f0_0;
    %pad/u 7;
    %ix/vec4 3;
    %ix/load 4, 0, 0; Constant delay
    %assign/vec4/a/d v00000290f1ff9250, 0, 4;
    %load/vec4 v00000290f1ff9070_0;
    %load/vec4 v00000290f1ff92f0_0;
    %pad/u 7;
    %ix/vec4 3;
    %ix/load 4, 0, 0; Constant delay
    %assign/vec4/a/d v00000290f1ff9430, 0, 4;
    %load/vec4 v00000290f1ffa5b0_0;
    %cmpi/e 15, 0, 4;
    %jmp/0xz  T_2.12, 4;
    %pushi/vec4 0, 0, 4;
    %assign/vec4 v00000290f1ffa5b0_0, 0;
    %load/vec4 v00000290f1ffa010_0;
    %cmpi/e 4, 0, 3;
    %jmp/0xz  T_2.14, 4;
    %pushi/vec4 3, 0, 3;
    %assign/vec4 v00000290f1ff8b70_0, 0;
    %jmp T_2.15;
T_2.14 ;
    %load/vec4 v00000290f1ffa010_0;
    %addi 1, 0, 3;
    %assign/vec4 v00000290f1ffa010_0, 0;
T_2.15 ;
    %jmp T_2.13;
T_2.12 ;
    %load/vec4 v00000290f1ffa5b0_0;
    %addi 1, 0, 4;
    %assign/vec4 v00000290f1ffa5b0_0, 0;
T_2.13 ;
    %jmp T_2.7;
T_2.5 ;
    %pushi/vec4 0, 0, 32;
    %store/vec4 v00000290f1ff9570_0, 0, 32;
T_2.16 ;
    %load/vec4 v00000290f1ff9570_0;
    %cmpi/s 32, 0, 32;
    %jmp/0xz T_2.17, 5;
    %ix/getv/s 4, v00000290f1ff9570_0;
    %load/vec4a v00000290f1ff9250, 4;
    %ix/getv/s 3, v00000290f1ff9570_0;
    %ix/load 4, 0, 0; Constant delay
    %assign/vec4/a/d v00000290f1ff9f70, 0, 4;
    %ix/getv/s 4, v00000290f1ff9570_0;
    %load/vec4a v00000290f1ff9430, 4;
    %ix/getv/s 3, v00000290f1ff9570_0;
    %ix/load 4, 0, 0; Constant delay
    %assign/vec4/a/d v00000290f1ff9610, 0, 4;
    %load/vec4 v00000290f1ff9570_0;
    %addi 1, 0, 32;
    %store/vec4 v00000290f1ff9570_0, 0, 32;
    %jmp T_2.16;
T_2.17 ;
    %pushi/vec4 4, 0, 3;
    %assign/vec4 v00000290f1ff8b70_0, 0;
    %jmp T_2.7;
T_2.6 ;
    %pushi/vec4 1, 0, 1;
    %assign/vec4 v00000290f1ff9cf0_0, 0;
    %pushi/vec4 0, 0, 3;
    %assign/vec4 v00000290f1ff8b70_0, 0;
    %jmp T_2.7;
T_2.7 ;
    %pop/vec4 1;
T_2.1 ;
    %jmp T_2;
    .thread T_2;
    .scope S_00000290f1f9ee80;
T_3 ;
    %pushi/vec4 0, 0, 1;
    %store/vec4 v00000290f1ff8cb0_0, 0, 1;
    %pushi/vec4 0, 0, 1;
    %store/vec4 v00000290f1ffa470_0, 0, 1;
    %pushi/vec4 0, 0, 1;
    %store/vec4 v00000290f1ff8a30_0, 0, 1;
    %end;
    .thread T_3, $init;
    .scope S_00000290f1f9ee80;
T_4 ;
    %delay 5000, 0;
    %load/vec4 v00000290f1ff8cb0_0;
    %inv;
    %store/vec4 v00000290f1ff8cb0_0, 0, 1;
    %jmp T_4;
    .thread T_4;
    .scope S_00000290f1f9ee80;
T_5 ;
    %pushi/vec4 0, 0, 32;
    %store/vec4 v00000290f1ffa150_0, 0, 32;
T_5.0 ;
    %load/vec4 v00000290f1ffa150_0;
    %cmpi/s 32, 0, 32;
    %jmp/0xz T_5.1, 5;
    %load/vec4 v00000290f1ffa150_0;
    %muli 8, 0, 32;
    %pad/s 16;
    %ix/getv/s 4, v00000290f1ffa150_0;
    %store/vec4a v00000290f1ffa290, 4, 0;
    %pushi/vec4 0, 0, 16;
    %ix/getv/s 4, v00000290f1ffa150_0;
    %store/vec4a v00000290f1ffa1f0, 4, 0;
    %load/vec4 v00000290f1ffa150_0;
    %addi 1, 0, 32;
    %store/vec4 v00000290f1ffa150_0, 0, 32;
    %jmp T_5.0;
T_5.1 ;
    %pushi/vec4 0, 0, 1;
    %store/vec4 v00000290f1ffa470_0, 0, 1;
    %delay 20000, 0;
    %pushi/vec4 1, 0, 1;
    %store/vec4 v00000290f1ffa470_0, 0, 1;
    %delay 10000, 0;
    %wait E_00000290f1f8c5d0;
    %pushi/vec4 1, 0, 1;
    %assign/vec4 v00000290f1ff8a30_0, 0;
    %wait E_00000290f1f8c5d0;
    %pushi/vec4 0, 0, 1;
    %assign/vec4 v00000290f1ff8a30_0, 0;
    %wait E_00000290f1f8b950;
    %wait E_00000290f1f8c5d0;
    %vpi_call/w 3 43 "$display", "FFT1D of ramp x[n] = n/32:" {0 0 0};
    %pushi/vec4 0, 0, 32;
    %store/vec4 v00000290f1ffa150_0, 0, 32;
T_5.2 ;
    %load/vec4 v00000290f1ffa150_0;
    %cmpi/s 32, 0, 32;
    %jmp/0xz T_5.3, 5;
    %vpi_call/w 3 45 "$display", "  Bin[%2d]: re=%6d  im=%6d", v00000290f1ffa150_0, &A<v00000290f1ffa3d0, v00000290f1ffa150_0 >, &A<v00000290f1ffa330, v00000290f1ffa150_0 > {0 0 0};
    %load/vec4 v00000290f1ffa150_0;
    %addi 1, 0, 32;
    %store/vec4 v00000290f1ffa150_0, 0, 32;
    %jmp T_5.2;
T_5.3 ;
    %vpi_call/w 3 48 "$finish" {0 0 0};
    %end;
    .thread T_5;
# The file index is used to find the file name in the following table.
:file_names 7;
    "N/A";
    "<interactive>";
    "-";
    "tb/tb_fft1d_verify.v";
    "src/fft1d_32.v";
    "src/butterfly.v";
    "src/twiddle_rom_32.v";
