#! /c/Source/iverilog-install/bin/vvp
:ivl_version "12.0 (devel)" "(s20150603-1539-g2693dd32b)";
:ivl_delay_selection "TYPICAL";
:vpi_time_precision - 12;
:vpi_module "C:\iverilog\lib\ivl\system.vpi";
:vpi_module "C:\iverilog\lib\ivl\vhdl_sys.vpi";
:vpi_module "C:\iverilog\lib\ivl\vhdl_textio.vpi";
:vpi_module "C:\iverilog\lib\ivl\v2005_math.vpi";
:vpi_module "C:\iverilog\lib\ivl\va_math.vpi";
:vpi_module "C:\iverilog\lib\ivl\v2009.vpi";
S_000002cd3d4f2d50 .scope package, "$unit" "$unit" 2 1;
 .timescale 0 0;
S_000002cd3d4a49f0 .scope module, "tb_fft1d_32" "tb_fft1d_32" 3 7;
 .timescale -9 -12;
P_000002cd3d4b86d0 .param/l "DATA_WIDTH" 0 3 10, +C4<00000000000000000000000000010000>;
P_000002cd3d4b8708 .param/l "FRAC" 0 3 11, +C4<00000000000000000000000000001000>;
P_000002cd3d4b8740 .param/l "N" 0 3 9, +C4<00000000000000000000000000100000>;
v000002cd3d5597e0_0 .array/port v000002cd3d5597e0, 0;
L_000002cd3d4e52c0 .functor BUFZ 16, v000002cd3d5597e0_0, C4<0000000000000000>, C4<0000000000000000>, C4<0000000000000000>;
v000002cd3d5597e0_1 .array/port v000002cd3d5597e0, 1;
L_000002cd3d4e4b50 .functor BUFZ 16, v000002cd3d5597e0_1, C4<0000000000000000>, C4<0000000000000000>, C4<0000000000000000>;
v000002cd3d5597e0_2 .array/port v000002cd3d5597e0, 2;
L_000002cd3d4e4c30 .functor BUFZ 16, v000002cd3d5597e0_2, C4<0000000000000000>, C4<0000000000000000>, C4<0000000000000000>;
v000002cd3d5597e0_3 .array/port v000002cd3d5597e0, 3;
L_000002cd3d4e46f0 .functor BUFZ 16, v000002cd3d5597e0_3, C4<0000000000000000>, C4<0000000000000000>, C4<0000000000000000>;
v000002cd3d5597e0_4 .array/port v000002cd3d5597e0, 4;
L_000002cd3d4e5100 .functor BUFZ 16, v000002cd3d5597e0_4, C4<0000000000000000>, C4<0000000000000000>, C4<0000000000000000>;
v000002cd3d5597e0_5 .array/port v000002cd3d5597e0, 5;
L_000002cd3d4e4f40 .functor BUFZ 16, v000002cd3d5597e0_5, C4<0000000000000000>, C4<0000000000000000>, C4<0000000000000000>;
v000002cd3d5597e0_6 .array/port v000002cd3d5597e0, 6;
L_000002cd3d4e5170 .functor BUFZ 16, v000002cd3d5597e0_6, C4<0000000000000000>, C4<0000000000000000>, C4<0000000000000000>;
v000002cd3d5597e0_7 .array/port v000002cd3d5597e0, 7;
L_000002cd3d4e4ca0 .functor BUFZ 16, v000002cd3d5597e0_7, C4<0000000000000000>, C4<0000000000000000>, C4<0000000000000000>;
v000002cd3d5597e0_8 .array/port v000002cd3d5597e0, 8;
L_000002cd3d4e5330 .functor BUFZ 16, v000002cd3d5597e0_8, C4<0000000000000000>, C4<0000000000000000>, C4<0000000000000000>;
v000002cd3d5597e0_9 .array/port v000002cd3d5597e0, 9;
L_000002cd3d4e48b0 .functor BUFZ 16, v000002cd3d5597e0_9, C4<0000000000000000>, C4<0000000000000000>, C4<0000000000000000>;
v000002cd3d5597e0_10 .array/port v000002cd3d5597e0, 10;
L_000002cd3d4e4fb0 .functor BUFZ 16, v000002cd3d5597e0_10, C4<0000000000000000>, C4<0000000000000000>, C4<0000000000000000>;
v000002cd3d5597e0_11 .array/port v000002cd3d5597e0, 11;
L_000002cd3d4e4760 .functor BUFZ 16, v000002cd3d5597e0_11, C4<0000000000000000>, C4<0000000000000000>, C4<0000000000000000>;
v000002cd3d5597e0_12 .array/port v000002cd3d5597e0, 12;
L_000002cd3d4e4990 .functor BUFZ 16, v000002cd3d5597e0_12, C4<0000000000000000>, C4<0000000000000000>, C4<0000000000000000>;
v000002cd3d5597e0_13 .array/port v000002cd3d5597e0, 13;
L_000002cd3d4e4d10 .functor BUFZ 16, v000002cd3d5597e0_13, C4<0000000000000000>, C4<0000000000000000>, C4<0000000000000000>;
v000002cd3d5597e0_14 .array/port v000002cd3d5597e0, 14;
L_000002cd3d4e53a0 .functor BUFZ 16, v000002cd3d5597e0_14, C4<0000000000000000>, C4<0000000000000000>, C4<0000000000000000>;
v000002cd3d5597e0_15 .array/port v000002cd3d5597e0, 15;
L_000002cd3d4e4df0 .functor BUFZ 16, v000002cd3d5597e0_15, C4<0000000000000000>, C4<0000000000000000>, C4<0000000000000000>;
v000002cd3d5597e0_16 .array/port v000002cd3d5597e0, 16;
L_000002cd3d4e45a0 .functor BUFZ 16, v000002cd3d5597e0_16, C4<0000000000000000>, C4<0000000000000000>, C4<0000000000000000>;
v000002cd3d5597e0_17 .array/port v000002cd3d5597e0, 17;
L_000002cd3d4e4610 .functor BUFZ 16, v000002cd3d5597e0_17, C4<0000000000000000>, C4<0000000000000000>, C4<0000000000000000>;
v000002cd3d5597e0_18 .array/port v000002cd3d5597e0, 18;
L_000002cd3d4e4680 .functor BUFZ 16, v000002cd3d5597e0_18, C4<0000000000000000>, C4<0000000000000000>, C4<0000000000000000>;
v000002cd3d5597e0_19 .array/port v000002cd3d5597e0, 19;
L_000002cd3d4e4e60 .functor BUFZ 16, v000002cd3d5597e0_19, C4<0000000000000000>, C4<0000000000000000>, C4<0000000000000000>;
v000002cd3d5597e0_20 .array/port v000002cd3d5597e0, 20;
L_000002cd3d4e4ed0 .functor BUFZ 16, v000002cd3d5597e0_20, C4<0000000000000000>, C4<0000000000000000>, C4<0000000000000000>;
v000002cd3d5597e0_21 .array/port v000002cd3d5597e0, 21;
L_000002cd3d4e47d0 .functor BUFZ 16, v000002cd3d5597e0_21, C4<0000000000000000>, C4<0000000000000000>, C4<0000000000000000>;
v000002cd3d5597e0_22 .array/port v000002cd3d5597e0, 22;
L_000002cd3d4e4a00 .functor BUFZ 16, v000002cd3d5597e0_22, C4<0000000000000000>, C4<0000000000000000>, C4<0000000000000000>;
v000002cd3d5597e0_23 .array/port v000002cd3d5597e0, 23;
L_000002cd3d4e4a70 .functor BUFZ 16, v000002cd3d5597e0_23, C4<0000000000000000>, C4<0000000000000000>, C4<0000000000000000>;
v000002cd3d5597e0_24 .array/port v000002cd3d5597e0, 24;
L_000002cd3d4e4ae0 .functor BUFZ 16, v000002cd3d5597e0_24, C4<0000000000000000>, C4<0000000000000000>, C4<0000000000000000>;
v000002cd3d5597e0_25 .array/port v000002cd3d5597e0, 25;
L_000002cd3d4e5020 .functor BUFZ 16, v000002cd3d5597e0_25, C4<0000000000000000>, C4<0000000000000000>, C4<0000000000000000>;
v000002cd3d5597e0_26 .array/port v000002cd3d5597e0, 26;
L_000002cd3d4e5250 .functor BUFZ 16, v000002cd3d5597e0_26, C4<0000000000000000>, C4<0000000000000000>, C4<0000000000000000>;
v000002cd3d5597e0_27 .array/port v000002cd3d5597e0, 27;
L_000002cd3d4e51e0 .functor BUFZ 16, v000002cd3d5597e0_27, C4<0000000000000000>, C4<0000000000000000>, C4<0000000000000000>;
v000002cd3d5597e0_28 .array/port v000002cd3d5597e0, 28;
L_000002cd3d4e5090 .functor BUFZ 16, v000002cd3d5597e0_28, C4<0000000000000000>, C4<0000000000000000>, C4<0000000000000000>;
v000002cd3d5597e0_29 .array/port v000002cd3d5597e0, 29;
L_000002cd3d5ba560 .functor BUFZ 16, v000002cd3d5597e0_29, C4<0000000000000000>, C4<0000000000000000>, C4<0000000000000000>;
v000002cd3d5597e0_30 .array/port v000002cd3d5597e0, 30;
L_000002cd3d5ba100 .functor BUFZ 16, v000002cd3d5597e0_30, C4<0000000000000000>, C4<0000000000000000>, C4<0000000000000000>;
v000002cd3d5597e0_31 .array/port v000002cd3d5597e0, 31;
L_000002cd3d5bae90 .functor BUFZ 16, v000002cd3d5597e0_31, C4<0000000000000000>, C4<0000000000000000>, C4<0000000000000000>;
v000002cd3d558700_0 .array/port v000002cd3d558700, 0;
L_000002cd3d5ba6b0 .functor BUFZ 16, v000002cd3d558700_0, C4<0000000000000000>, C4<0000000000000000>, C4<0000000000000000>;
v000002cd3d558700_1 .array/port v000002cd3d558700, 1;
L_000002cd3d5ba720 .functor BUFZ 16, v000002cd3d558700_1, C4<0000000000000000>, C4<0000000000000000>, C4<0000000000000000>;
v000002cd3d558700_2 .array/port v000002cd3d558700, 2;
L_000002cd3d5ba950 .functor BUFZ 16, v000002cd3d558700_2, C4<0000000000000000>, C4<0000000000000000>, C4<0000000000000000>;
v000002cd3d558700_3 .array/port v000002cd3d558700, 3;
L_000002cd3d5ba790 .functor BUFZ 16, v000002cd3d558700_3, C4<0000000000000000>, C4<0000000000000000>, C4<0000000000000000>;
v000002cd3d558700_4 .array/port v000002cd3d558700, 4;
L_000002cd3d5bab10 .functor BUFZ 16, v000002cd3d558700_4, C4<0000000000000000>, C4<0000000000000000>, C4<0000000000000000>;
v000002cd3d558700_5 .array/port v000002cd3d558700, 5;
L_000002cd3d5ba9c0 .functor BUFZ 16, v000002cd3d558700_5, C4<0000000000000000>, C4<0000000000000000>, C4<0000000000000000>;
v000002cd3d558700_6 .array/port v000002cd3d558700, 6;
L_000002cd3d5ba5d0 .functor BUFZ 16, v000002cd3d558700_6, C4<0000000000000000>, C4<0000000000000000>, C4<0000000000000000>;
v000002cd3d558700_7 .array/port v000002cd3d558700, 7;
L_000002cd3d5baf70 .functor BUFZ 16, v000002cd3d558700_7, C4<0000000000000000>, C4<0000000000000000>, C4<0000000000000000>;
v000002cd3d558700_8 .array/port v000002cd3d558700, 8;
L_000002cd3d5ba2c0 .functor BUFZ 16, v000002cd3d558700_8, C4<0000000000000000>, C4<0000000000000000>, C4<0000000000000000>;
v000002cd3d558700_9 .array/port v000002cd3d558700, 9;
L_000002cd3d5bab80 .functor BUFZ 16, v000002cd3d558700_9, C4<0000000000000000>, C4<0000000000000000>, C4<0000000000000000>;
v000002cd3d558700_10 .array/port v000002cd3d558700, 10;
L_000002cd3d5baf00 .functor BUFZ 16, v000002cd3d558700_10, C4<0000000000000000>, C4<0000000000000000>, C4<0000000000000000>;
v000002cd3d558700_11 .array/port v000002cd3d558700, 11;
L_000002cd3d5ba170 .functor BUFZ 16, v000002cd3d558700_11, C4<0000000000000000>, C4<0000000000000000>, C4<0000000000000000>;
v000002cd3d558700_12 .array/port v000002cd3d558700, 12;
L_000002cd3d5ba1e0 .functor BUFZ 16, v000002cd3d558700_12, C4<0000000000000000>, C4<0000000000000000>, C4<0000000000000000>;
v000002cd3d558700_13 .array/port v000002cd3d558700, 13;
L_000002cd3d5babf0 .functor BUFZ 16, v000002cd3d558700_13, C4<0000000000000000>, C4<0000000000000000>, C4<0000000000000000>;
v000002cd3d558700_14 .array/port v000002cd3d558700, 14;
L_000002cd3d5bacd0 .functor BUFZ 16, v000002cd3d558700_14, C4<0000000000000000>, C4<0000000000000000>, C4<0000000000000000>;
v000002cd3d558700_15 .array/port v000002cd3d558700, 15;
L_000002cd3d5ba640 .functor BUFZ 16, v000002cd3d558700_15, C4<0000000000000000>, C4<0000000000000000>, C4<0000000000000000>;
v000002cd3d558700_16 .array/port v000002cd3d558700, 16;
L_000002cd3d5baa30 .functor BUFZ 16, v000002cd3d558700_16, C4<0000000000000000>, C4<0000000000000000>, C4<0000000000000000>;
v000002cd3d558700_17 .array/port v000002cd3d558700, 17;
L_000002cd3d5bae20 .functor BUFZ 16, v000002cd3d558700_17, C4<0000000000000000>, C4<0000000000000000>, C4<0000000000000000>;
v000002cd3d558700_18 .array/port v000002cd3d558700, 18;
L_000002cd3d5bafe0 .functor BUFZ 16, v000002cd3d558700_18, C4<0000000000000000>, C4<0000000000000000>, C4<0000000000000000>;
v000002cd3d558700_19 .array/port v000002cd3d558700, 19;
L_000002cd3d5baaa0 .functor BUFZ 16, v000002cd3d558700_19, C4<0000000000000000>, C4<0000000000000000>, C4<0000000000000000>;
v000002cd3d558700_20 .array/port v000002cd3d558700, 20;
L_000002cd3d5ba8e0 .functor BUFZ 16, v000002cd3d558700_20, C4<0000000000000000>, C4<0000000000000000>, C4<0000000000000000>;
v000002cd3d558700_21 .array/port v000002cd3d558700, 21;
L_000002cd3d5ba250 .functor BUFZ 16, v000002cd3d558700_21, C4<0000000000000000>, C4<0000000000000000>, C4<0000000000000000>;
v000002cd3d558700_22 .array/port v000002cd3d558700, 22;
L_000002cd3d5ba330 .functor BUFZ 16, v000002cd3d558700_22, C4<0000000000000000>, C4<0000000000000000>, C4<0000000000000000>;
v000002cd3d558700_23 .array/port v000002cd3d558700, 23;
L_000002cd3d5ba4f0 .functor BUFZ 16, v000002cd3d558700_23, C4<0000000000000000>, C4<0000000000000000>, C4<0000000000000000>;
v000002cd3d558700_24 .array/port v000002cd3d558700, 24;
L_000002cd3d5bac60 .functor BUFZ 16, v000002cd3d558700_24, C4<0000000000000000>, C4<0000000000000000>, C4<0000000000000000>;
v000002cd3d558700_25 .array/port v000002cd3d558700, 25;
L_000002cd3d5bad40 .functor BUFZ 16, v000002cd3d558700_25, C4<0000000000000000>, C4<0000000000000000>, C4<0000000000000000>;
v000002cd3d558700_26 .array/port v000002cd3d558700, 26;
L_000002cd3d5ba800 .functor BUFZ 16, v000002cd3d558700_26, C4<0000000000000000>, C4<0000000000000000>, C4<0000000000000000>;
v000002cd3d558700_27 .array/port v000002cd3d558700, 27;
L_000002cd3d5ba3a0 .functor BUFZ 16, v000002cd3d558700_27, C4<0000000000000000>, C4<0000000000000000>, C4<0000000000000000>;
v000002cd3d558700_28 .array/port v000002cd3d558700, 28;
L_000002cd3d5badb0 .functor BUFZ 16, v000002cd3d558700_28, C4<0000000000000000>, C4<0000000000000000>, C4<0000000000000000>;
v000002cd3d558700_29 .array/port v000002cd3d558700, 29;
L_000002cd3d5ba410 .functor BUFZ 16, v000002cd3d558700_29, C4<0000000000000000>, C4<0000000000000000>, C4<0000000000000000>;
v000002cd3d558700_30 .array/port v000002cd3d558700, 30;
L_000002cd3d5ba480 .functor BUFZ 16, v000002cd3d558700_30, C4<0000000000000000>, C4<0000000000000000>, C4<0000000000000000>;
v000002cd3d558700_31 .array/port v000002cd3d558700, 31;
L_000002cd3d5ba870 .functor BUFZ 16, v000002cd3d558700_31, C4<0000000000000000>, C4<0000000000000000>, C4<0000000000000000>;
v000002cd3d555ed0_0 .array/port v000002cd3d555ed0, 0;
L_000002cd3d5bbf80 .functor BUFZ 16, v000002cd3d555ed0_0, C4<0000000000000000>, C4<0000000000000000>, C4<0000000000000000>;
v000002cd3d555ed0_1 .array/port v000002cd3d555ed0, 1;
L_000002cd3d5bbff0 .functor BUFZ 16, v000002cd3d555ed0_1, C4<0000000000000000>, C4<0000000000000000>, C4<0000000000000000>;
v000002cd3d555ed0_2 .array/port v000002cd3d555ed0, 2;
L_000002cd3d5bbc70 .functor BUFZ 16, v000002cd3d555ed0_2, C4<0000000000000000>, C4<0000000000000000>, C4<0000000000000000>;
v000002cd3d555ed0_3 .array/port v000002cd3d555ed0, 3;
L_000002cd3d5bb110 .functor BUFZ 16, v000002cd3d555ed0_3, C4<0000000000000000>, C4<0000000000000000>, C4<0000000000000000>;
v000002cd3d555ed0_4 .array/port v000002cd3d555ed0, 4;
L_000002cd3d5bb500 .functor BUFZ 16, v000002cd3d555ed0_4, C4<0000000000000000>, C4<0000000000000000>, C4<0000000000000000>;
v000002cd3d555ed0_5 .array/port v000002cd3d555ed0, 5;
L_000002cd3d5bbe30 .functor BUFZ 16, v000002cd3d555ed0_5, C4<0000000000000000>, C4<0000000000000000>, C4<0000000000000000>;
v000002cd3d555ed0_6 .array/port v000002cd3d555ed0, 6;
L_000002cd3d5bb960 .functor BUFZ 16, v000002cd3d555ed0_6, C4<0000000000000000>, C4<0000000000000000>, C4<0000000000000000>;
v000002cd3d555ed0_7 .array/port v000002cd3d555ed0, 7;
L_000002cd3d5bb1f0 .functor BUFZ 16, v000002cd3d555ed0_7, C4<0000000000000000>, C4<0000000000000000>, C4<0000000000000000>;
v000002cd3d555ed0_8 .array/port v000002cd3d555ed0, 8;
L_000002cd3d5bbce0 .functor BUFZ 16, v000002cd3d555ed0_8, C4<0000000000000000>, C4<0000000000000000>, C4<0000000000000000>;
v000002cd3d555ed0_9 .array/port v000002cd3d555ed0, 9;
L_000002cd3d5bb8f0 .functor BUFZ 16, v000002cd3d555ed0_9, C4<0000000000000000>, C4<0000000000000000>, C4<0000000000000000>;
v000002cd3d555ed0_10 .array/port v000002cd3d555ed0, 10;
L_000002cd3d5bbd50 .functor BUFZ 16, v000002cd3d555ed0_10, C4<0000000000000000>, C4<0000000000000000>, C4<0000000000000000>;
v000002cd3d555ed0_11 .array/port v000002cd3d555ed0, 11;
L_000002cd3d5bb260 .functor BUFZ 16, v000002cd3d555ed0_11, C4<0000000000000000>, C4<0000000000000000>, C4<0000000000000000>;
v000002cd3d555ed0_12 .array/port v000002cd3d555ed0, 12;
L_000002cd3d5bb420 .functor BUFZ 16, v000002cd3d555ed0_12, C4<0000000000000000>, C4<0000000000000000>, C4<0000000000000000>;
v000002cd3d555ed0_13 .array/port v000002cd3d555ed0, 13;
L_000002cd3d5bb9d0 .functor BUFZ 16, v000002cd3d555ed0_13, C4<0000000000000000>, C4<0000000000000000>, C4<0000000000000000>;
v000002cd3d555ed0_14 .array/port v000002cd3d555ed0, 14;
L_000002cd3d5bba40 .functor BUFZ 16, v000002cd3d555ed0_14, C4<0000000000000000>, C4<0000000000000000>, C4<0000000000000000>;
v000002cd3d555ed0_15 .array/port v000002cd3d555ed0, 15;
L_000002cd3d5bb650 .functor BUFZ 16, v000002cd3d555ed0_15, C4<0000000000000000>, C4<0000000000000000>, C4<0000000000000000>;
v000002cd3d555ed0_16 .array/port v000002cd3d555ed0, 16;
L_000002cd3d5bbea0 .functor BUFZ 16, v000002cd3d555ed0_16, C4<0000000000000000>, C4<0000000000000000>, C4<0000000000000000>;
v000002cd3d555ed0_17 .array/port v000002cd3d555ed0, 17;
L_000002cd3d5bbdc0 .functor BUFZ 16, v000002cd3d555ed0_17, C4<0000000000000000>, C4<0000000000000000>, C4<0000000000000000>;
v000002cd3d555ed0_18 .array/port v000002cd3d555ed0, 18;
L_000002cd3d5bbf10 .functor BUFZ 16, v000002cd3d555ed0_18, C4<0000000000000000>, C4<0000000000000000>, C4<0000000000000000>;
v000002cd3d555ed0_19 .array/port v000002cd3d555ed0, 19;
L_000002cd3d5bb6c0 .functor BUFZ 16, v000002cd3d555ed0_19, C4<0000000000000000>, C4<0000000000000000>, C4<0000000000000000>;
v000002cd3d555ed0_20 .array/port v000002cd3d555ed0, 20;
L_000002cd3d5bb180 .functor BUFZ 16, v000002cd3d555ed0_20, C4<0000000000000000>, C4<0000000000000000>, C4<0000000000000000>;
v000002cd3d555ed0_21 .array/port v000002cd3d555ed0, 21;
L_000002cd3d5bb2d0 .functor BUFZ 16, v000002cd3d555ed0_21, C4<0000000000000000>, C4<0000000000000000>, C4<0000000000000000>;
v000002cd3d555ed0_22 .array/port v000002cd3d555ed0, 22;
L_000002cd3d5bb340 .functor BUFZ 16, v000002cd3d555ed0_22, C4<0000000000000000>, C4<0000000000000000>, C4<0000000000000000>;
v000002cd3d555ed0_23 .array/port v000002cd3d555ed0, 23;
L_000002cd3d5bb3b0 .functor BUFZ 16, v000002cd3d555ed0_23, C4<0000000000000000>, C4<0000000000000000>, C4<0000000000000000>;
v000002cd3d555ed0_24 .array/port v000002cd3d555ed0, 24;
L_000002cd3d5bb490 .functor BUFZ 16, v000002cd3d555ed0_24, C4<0000000000000000>, C4<0000000000000000>, C4<0000000000000000>;
v000002cd3d555ed0_25 .array/port v000002cd3d555ed0, 25;
L_000002cd3d5bb570 .functor BUFZ 16, v000002cd3d555ed0_25, C4<0000000000000000>, C4<0000000000000000>, C4<0000000000000000>;
v000002cd3d555ed0_26 .array/port v000002cd3d555ed0, 26;
L_000002cd3d5bb5e0 .functor BUFZ 16, v000002cd3d555ed0_26, C4<0000000000000000>, C4<0000000000000000>, C4<0000000000000000>;
v000002cd3d555ed0_27 .array/port v000002cd3d555ed0, 27;
L_000002cd3d5bb730 .functor BUFZ 16, v000002cd3d555ed0_27, C4<0000000000000000>, C4<0000000000000000>, C4<0000000000000000>;
v000002cd3d555ed0_28 .array/port v000002cd3d555ed0, 28;
L_000002cd3d5bb7a0 .functor BUFZ 16, v000002cd3d555ed0_28, C4<0000000000000000>, C4<0000000000000000>, C4<0000000000000000>;
v000002cd3d555ed0_29 .array/port v000002cd3d555ed0, 29;
L_000002cd3d5bb810 .functor BUFZ 16, v000002cd3d555ed0_29, C4<0000000000000000>, C4<0000000000000000>, C4<0000000000000000>;
v000002cd3d555ed0_30 .array/port v000002cd3d555ed0, 30;
L_000002cd3d5bb880 .functor BUFZ 16, v000002cd3d555ed0_30, C4<0000000000000000>, C4<0000000000000000>, C4<0000000000000000>;
v000002cd3d555ed0_31 .array/port v000002cd3d555ed0, 31;
L_000002cd3d5bbab0 .functor BUFZ 16, v000002cd3d555ed0_31, C4<0000000000000000>, C4<0000000000000000>, C4<0000000000000000>;
v000002cd3d556830_0 .array/port v000002cd3d556830, 0;
L_000002cd3d5bbb20 .functor BUFZ 16, v000002cd3d556830_0, C4<0000000000000000>, C4<0000000000000000>, C4<0000000000000000>;
v000002cd3d556830_1 .array/port v000002cd3d556830, 1;
L_000002cd3d5bbb90 .functor BUFZ 16, v000002cd3d556830_1, C4<0000000000000000>, C4<0000000000000000>, C4<0000000000000000>;
v000002cd3d556830_2 .array/port v000002cd3d556830, 2;
L_000002cd3d5bbc00 .functor BUFZ 16, v000002cd3d556830_2, C4<0000000000000000>, C4<0000000000000000>, C4<0000000000000000>;
v000002cd3d556830_3 .array/port v000002cd3d556830, 3;
L_000002cd3d5bccf0 .functor BUFZ 16, v000002cd3d556830_3, C4<0000000000000000>, C4<0000000000000000>, C4<0000000000000000>;
v000002cd3d556830_4 .array/port v000002cd3d556830, 4;
L_000002cd3d5bcf90 .functor BUFZ 16, v000002cd3d556830_4, C4<0000000000000000>, C4<0000000000000000>, C4<0000000000000000>;
v000002cd3d556830_5 .array/port v000002cd3d556830, 5;
L_000002cd3d5bc190 .functor BUFZ 16, v000002cd3d556830_5, C4<0000000000000000>, C4<0000000000000000>, C4<0000000000000000>;
v000002cd3d556830_6 .array/port v000002cd3d556830, 6;
L_000002cd3d5bc970 .functor BUFZ 16, v000002cd3d556830_6, C4<0000000000000000>, C4<0000000000000000>, C4<0000000000000000>;
v000002cd3d556830_7 .array/port v000002cd3d556830, 7;
L_000002cd3d5bcd60 .functor BUFZ 16, v000002cd3d556830_7, C4<0000000000000000>, C4<0000000000000000>, C4<0000000000000000>;
v000002cd3d556830_8 .array/port v000002cd3d556830, 8;
L_000002cd3d5bc120 .functor BUFZ 16, v000002cd3d556830_8, C4<0000000000000000>, C4<0000000000000000>, C4<0000000000000000>;
v000002cd3d556830_9 .array/port v000002cd3d556830, 9;
L_000002cd3d5bc350 .functor BUFZ 16, v000002cd3d556830_9, C4<0000000000000000>, C4<0000000000000000>, C4<0000000000000000>;
v000002cd3d556830_10 .array/port v000002cd3d556830, 10;
L_000002cd3d5bd000 .functor BUFZ 16, v000002cd3d556830_10, C4<0000000000000000>, C4<0000000000000000>, C4<0000000000000000>;
v000002cd3d556830_11 .array/port v000002cd3d556830, 11;
L_000002cd3d5bc200 .functor BUFZ 16, v000002cd3d556830_11, C4<0000000000000000>, C4<0000000000000000>, C4<0000000000000000>;
v000002cd3d556830_12 .array/port v000002cd3d556830, 12;
L_000002cd3d5bcc10 .functor BUFZ 16, v000002cd3d556830_12, C4<0000000000000000>, C4<0000000000000000>, C4<0000000000000000>;
v000002cd3d556830_13 .array/port v000002cd3d556830, 13;
L_000002cd3d5bc4a0 .functor BUFZ 16, v000002cd3d556830_13, C4<0000000000000000>, C4<0000000000000000>, C4<0000000000000000>;
v000002cd3d556830_14 .array/port v000002cd3d556830, 14;
L_000002cd3d5bc270 .functor BUFZ 16, v000002cd3d556830_14, C4<0000000000000000>, C4<0000000000000000>, C4<0000000000000000>;
v000002cd3d556830_15 .array/port v000002cd3d556830, 15;
L_000002cd3d5bcac0 .functor BUFZ 16, v000002cd3d556830_15, C4<0000000000000000>, C4<0000000000000000>, C4<0000000000000000>;
v000002cd3d556830_16 .array/port v000002cd3d556830, 16;
L_000002cd3d5bcdd0 .functor BUFZ 16, v000002cd3d556830_16, C4<0000000000000000>, C4<0000000000000000>, C4<0000000000000000>;
v000002cd3d556830_17 .array/port v000002cd3d556830, 17;
L_000002cd3d5bce40 .functor BUFZ 16, v000002cd3d556830_17, C4<0000000000000000>, C4<0000000000000000>, C4<0000000000000000>;
v000002cd3d556830_18 .array/port v000002cd3d556830, 18;
L_000002cd3d5bc2e0 .functor BUFZ 16, v000002cd3d556830_18, C4<0000000000000000>, C4<0000000000000000>, C4<0000000000000000>;
v000002cd3d556830_19 .array/port v000002cd3d556830, 19;
L_000002cd3d5bcf20 .functor BUFZ 16, v000002cd3d556830_19, C4<0000000000000000>, C4<0000000000000000>, C4<0000000000000000>;
v000002cd3d556830_20 .array/port v000002cd3d556830, 20;
L_000002cd3d5bc580 .functor BUFZ 16, v000002cd3d556830_20, C4<0000000000000000>, C4<0000000000000000>, C4<0000000000000000>;
v000002cd3d556830_21 .array/port v000002cd3d556830, 21;
L_000002cd3d5bc510 .functor BUFZ 16, v000002cd3d556830_21, C4<0000000000000000>, C4<0000000000000000>, C4<0000000000000000>;
v000002cd3d556830_22 .array/port v000002cd3d556830, 22;
L_000002cd3d5bc430 .functor BUFZ 16, v000002cd3d556830_22, C4<0000000000000000>, C4<0000000000000000>, C4<0000000000000000>;
v000002cd3d556830_23 .array/port v000002cd3d556830, 23;
L_000002cd3d5bc3c0 .functor BUFZ 16, v000002cd3d556830_23, C4<0000000000000000>, C4<0000000000000000>, C4<0000000000000000>;
v000002cd3d556830_24 .array/port v000002cd3d556830, 24;
L_000002cd3d5bc5f0 .functor BUFZ 16, v000002cd3d556830_24, C4<0000000000000000>, C4<0000000000000000>, C4<0000000000000000>;
v000002cd3d556830_25 .array/port v000002cd3d556830, 25;
L_000002cd3d5bc660 .functor BUFZ 16, v000002cd3d556830_25, C4<0000000000000000>, C4<0000000000000000>, C4<0000000000000000>;
v000002cd3d556830_26 .array/port v000002cd3d556830, 26;
L_000002cd3d5bceb0 .functor BUFZ 16, v000002cd3d556830_26, C4<0000000000000000>, C4<0000000000000000>, C4<0000000000000000>;
v000002cd3d556830_27 .array/port v000002cd3d556830, 27;
L_000002cd3d5bc6d0 .functor BUFZ 16, v000002cd3d556830_27, C4<0000000000000000>, C4<0000000000000000>, C4<0000000000000000>;
v000002cd3d556830_28 .array/port v000002cd3d556830, 28;
L_000002cd3d5bc740 .functor BUFZ 16, v000002cd3d556830_28, C4<0000000000000000>, C4<0000000000000000>, C4<0000000000000000>;
v000002cd3d556830_29 .array/port v000002cd3d556830, 29;
L_000002cd3d5bc7b0 .functor BUFZ 16, v000002cd3d556830_29, C4<0000000000000000>, C4<0000000000000000>, C4<0000000000000000>;
v000002cd3d556830_30 .array/port v000002cd3d556830, 30;
L_000002cd3d5bc820 .functor BUFZ 16, v000002cd3d556830_30, C4<0000000000000000>, C4<0000000000000000>, C4<0000000000000000>;
v000002cd3d556830_31 .array/port v000002cd3d556830, 31;
L_000002cd3d5bc890 .functor BUFZ 16, v000002cd3d556830_31, C4<0000000000000000>, C4<0000000000000000>, C4<0000000000000000>;
v000002cd3d558a20_0 .var "clk", 0 0;
v000002cd3d5591a0_0 .net "done", 0 0, v000002cd3d556ab0_0;  1 drivers
v000002cd3d5585c0_0 .var/i "errors", 31 0;
v000002cd3d5583e0_0 .var/i "i", 31 0;
v000002cd3d558700 .array/s "in_im", 31 0, 15 0;
v000002cd3d5597e0 .array/s "in_re", 31 0, 15 0;
v000002cd3d559600 .array "out_im", 31 0;
v000002cd3d559600_0 .net/s v000002cd3d559600 0, 15 0, L_000002cd3d5bbb20; 1 drivers
v000002cd3d559600_1 .net/s v000002cd3d559600 1, 15 0, L_000002cd3d5bbb90; 1 drivers
v000002cd3d559600_2 .net/s v000002cd3d559600 2, 15 0, L_000002cd3d5bbc00; 1 drivers
v000002cd3d559600_3 .net/s v000002cd3d559600 3, 15 0, L_000002cd3d5bccf0; 1 drivers
v000002cd3d559600_4 .net/s v000002cd3d559600 4, 15 0, L_000002cd3d5bcf90; 1 drivers
v000002cd3d559600_5 .net/s v000002cd3d559600 5, 15 0, L_000002cd3d5bc190; 1 drivers
v000002cd3d559600_6 .net/s v000002cd3d559600 6, 15 0, L_000002cd3d5bc970; 1 drivers
v000002cd3d559600_7 .net/s v000002cd3d559600 7, 15 0, L_000002cd3d5bcd60; 1 drivers
v000002cd3d559600_8 .net/s v000002cd3d559600 8, 15 0, L_000002cd3d5bc120; 1 drivers
v000002cd3d559600_9 .net/s v000002cd3d559600 9, 15 0, L_000002cd3d5bc350; 1 drivers
v000002cd3d559600_10 .net/s v000002cd3d559600 10, 15 0, L_000002cd3d5bd000; 1 drivers
v000002cd3d559600_11 .net/s v000002cd3d559600 11, 15 0, L_000002cd3d5bc200; 1 drivers
v000002cd3d559600_12 .net/s v000002cd3d559600 12, 15 0, L_000002cd3d5bcc10; 1 drivers
v000002cd3d559600_13 .net/s v000002cd3d559600 13, 15 0, L_000002cd3d5bc4a0; 1 drivers
v000002cd3d559600_14 .net/s v000002cd3d559600 14, 15 0, L_000002cd3d5bc270; 1 drivers
v000002cd3d559600_15 .net/s v000002cd3d559600 15, 15 0, L_000002cd3d5bcac0; 1 drivers
v000002cd3d559600_16 .net/s v000002cd3d559600 16, 15 0, L_000002cd3d5bcdd0; 1 drivers
v000002cd3d559600_17 .net/s v000002cd3d559600 17, 15 0, L_000002cd3d5bce40; 1 drivers
v000002cd3d559600_18 .net/s v000002cd3d559600 18, 15 0, L_000002cd3d5bc2e0; 1 drivers
v000002cd3d559600_19 .net/s v000002cd3d559600 19, 15 0, L_000002cd3d5bcf20; 1 drivers
v000002cd3d559600_20 .net/s v000002cd3d559600 20, 15 0, L_000002cd3d5bc580; 1 drivers
v000002cd3d559600_21 .net/s v000002cd3d559600 21, 15 0, L_000002cd3d5bc510; 1 drivers
v000002cd3d559600_22 .net/s v000002cd3d559600 22, 15 0, L_000002cd3d5bc430; 1 drivers
v000002cd3d559600_23 .net/s v000002cd3d559600 23, 15 0, L_000002cd3d5bc3c0; 1 drivers
v000002cd3d559600_24 .net/s v000002cd3d559600 24, 15 0, L_000002cd3d5bc5f0; 1 drivers
v000002cd3d559600_25 .net/s v000002cd3d559600 25, 15 0, L_000002cd3d5bc660; 1 drivers
v000002cd3d559600_26 .net/s v000002cd3d559600 26, 15 0, L_000002cd3d5bceb0; 1 drivers
v000002cd3d559600_27 .net/s v000002cd3d559600 27, 15 0, L_000002cd3d5bc6d0; 1 drivers
v000002cd3d559600_28 .net/s v000002cd3d559600 28, 15 0, L_000002cd3d5bc740; 1 drivers
v000002cd3d559600_29 .net/s v000002cd3d559600 29, 15 0, L_000002cd3d5bc7b0; 1 drivers
v000002cd3d559600_30 .net/s v000002cd3d559600 30, 15 0, L_000002cd3d5bc820; 1 drivers
v000002cd3d559600_31 .net/s v000002cd3d559600 31, 15 0, L_000002cd3d5bc890; 1 drivers
v000002cd3d559880 .array "out_re", 31 0;
v000002cd3d559880_0 .net/s v000002cd3d559880 0, 15 0, L_000002cd3d5bbf80; 1 drivers
v000002cd3d559880_1 .net/s v000002cd3d559880 1, 15 0, L_000002cd3d5bbff0; 1 drivers
v000002cd3d559880_2 .net/s v000002cd3d559880 2, 15 0, L_000002cd3d5bbc70; 1 drivers
v000002cd3d559880_3 .net/s v000002cd3d559880 3, 15 0, L_000002cd3d5bb110; 1 drivers
v000002cd3d559880_4 .net/s v000002cd3d559880 4, 15 0, L_000002cd3d5bb500; 1 drivers
v000002cd3d559880_5 .net/s v000002cd3d559880 5, 15 0, L_000002cd3d5bbe30; 1 drivers
v000002cd3d559880_6 .net/s v000002cd3d559880 6, 15 0, L_000002cd3d5bb960; 1 drivers
v000002cd3d559880_7 .net/s v000002cd3d559880 7, 15 0, L_000002cd3d5bb1f0; 1 drivers
v000002cd3d559880_8 .net/s v000002cd3d559880 8, 15 0, L_000002cd3d5bbce0; 1 drivers
v000002cd3d559880_9 .net/s v000002cd3d559880 9, 15 0, L_000002cd3d5bb8f0; 1 drivers
v000002cd3d559880_10 .net/s v000002cd3d559880 10, 15 0, L_000002cd3d5bbd50; 1 drivers
v000002cd3d559880_11 .net/s v000002cd3d559880 11, 15 0, L_000002cd3d5bb260; 1 drivers
v000002cd3d559880_12 .net/s v000002cd3d559880 12, 15 0, L_000002cd3d5bb420; 1 drivers
v000002cd3d559880_13 .net/s v000002cd3d559880 13, 15 0, L_000002cd3d5bb9d0; 1 drivers
v000002cd3d559880_14 .net/s v000002cd3d559880 14, 15 0, L_000002cd3d5bba40; 1 drivers
v000002cd3d559880_15 .net/s v000002cd3d559880 15, 15 0, L_000002cd3d5bb650; 1 drivers
v000002cd3d559880_16 .net/s v000002cd3d559880 16, 15 0, L_000002cd3d5bbea0; 1 drivers
v000002cd3d559880_17 .net/s v000002cd3d559880 17, 15 0, L_000002cd3d5bbdc0; 1 drivers
v000002cd3d559880_18 .net/s v000002cd3d559880 18, 15 0, L_000002cd3d5bbf10; 1 drivers
v000002cd3d559880_19 .net/s v000002cd3d559880 19, 15 0, L_000002cd3d5bb6c0; 1 drivers
v000002cd3d559880_20 .net/s v000002cd3d559880 20, 15 0, L_000002cd3d5bb180; 1 drivers
v000002cd3d559880_21 .net/s v000002cd3d559880 21, 15 0, L_000002cd3d5bb2d0; 1 drivers
v000002cd3d559880_22 .net/s v000002cd3d559880 22, 15 0, L_000002cd3d5bb340; 1 drivers
v000002cd3d559880_23 .net/s v000002cd3d559880 23, 15 0, L_000002cd3d5bb3b0; 1 drivers
v000002cd3d559880_24 .net/s v000002cd3d559880 24, 15 0, L_000002cd3d5bb490; 1 drivers
v000002cd3d559880_25 .net/s v000002cd3d559880 25, 15 0, L_000002cd3d5bb570; 1 drivers
v000002cd3d559880_26 .net/s v000002cd3d559880 26, 15 0, L_000002cd3d5bb5e0; 1 drivers
v000002cd3d559880_27 .net/s v000002cd3d559880 27, 15 0, L_000002cd3d5bb730; 1 drivers
v000002cd3d559880_28 .net/s v000002cd3d559880 28, 15 0, L_000002cd3d5bb7a0; 1 drivers
v000002cd3d559880_29 .net/s v000002cd3d559880 29, 15 0, L_000002cd3d5bb810; 1 drivers
v000002cd3d559880_30 .net/s v000002cd3d559880 30, 15 0, L_000002cd3d5bb880; 1 drivers
v000002cd3d559880_31 .net/s v000002cd3d559880 31, 15 0, L_000002cd3d5bbab0; 1 drivers
v000002cd3d558660_0 .var "rst_n", 0 0;
v000002cd3d557bc0_0 .var "start", 0 0;
E_000002cd3d4f5410 .event posedge, v000002cd3d556c90_0;
E_000002cd3d4f5c10 .event posedge, v000002cd3d556ab0_0;
S_000002cd3d4fb320 .scope module, "dut" "fft1d_32" 3 22, 4 7 0, S_000002cd3d4a49f0;
 .timescale -9 -12;
    .port_info 0 /INPUT 1 "clk";
    .port_info 1 /INPUT 1 "rst_n";
    .port_info 2 /INPUT 1 "start";
    .port_info 3 /INPUT 512 "in_re";
    .port_info 4 /INPUT 512 "in_im";
    .port_info 5 /OUTPUT 512 "out_re";
    .port_info 6 /OUTPUT 512 "out_im";
    .port_info 7 /OUTPUT 1 "done";
P_000002cd3d4fb4b0 .param/l "DATA_WIDTH" 0 4 9, +C4<00000000000000000000000000010000>;
P_000002cd3d4fb4e8 .param/l "FRAC" 0 4 10, +C4<00000000000000000000000000001000>;
P_000002cd3d4fb520 .param/l "N" 0 4 8, +C4<00000000000000000000000000100000>;
P_000002cd3d4fb558 .param/l "S_BITREV" 1 4 24, C4<001>;
P_000002cd3d4fb590 .param/l "S_DONE" 1 4 27, C4<100>;
P_000002cd3d4fb5c8 .param/l "S_IDLE" 1 4 23, C4<000>;
P_000002cd3d4fb600 .param/l "S_OUTPUT" 1 4 26, C4<011>;
P_000002cd3d4fb638 .param/l "S_STAGE" 1 4 25, C4<010>;
L_000002cd3d4e4bc0 .functor AND 4, v000002cd3d557410_0, L_000002cd3d559100, C4<1111>, C4<1111>;
L_000002cd3d560088 .functor BUFT 1, C4<00001>, C4<0>, C4<0>, C4<0>;
v000002cd3d555f70_0 .net/2u *"_ivl_0", 4 0, L_000002cd3d560088;  1 drivers
L_000002cd3d560160 .functor BUFT 1, C4<00000000000000000000000000000001>, C4<0>, C4<0>, C4<0>;
v000002cd3d556e70_0 .net/2u *"_ivl_10", 31 0, L_000002cd3d560160;  1 drivers
v000002cd3d557730_0 .net *"_ivl_12", 31 0, L_000002cd3d5587a0;  1 drivers
v000002cd3d556d30_0 .net *"_ivl_19", 3 0, L_000002cd3d558d40;  1 drivers
L_000002cd3d5601a8 .functor BUFT 1, C4<0001>, C4<0>, C4<0>, C4<0>;
v000002cd3d5561f0_0 .net/2u *"_ivl_20", 3 0, L_000002cd3d5601a8;  1 drivers
v000002cd3d555d90_0 .net *"_ivl_22", 3 0, L_000002cd3d559100;  1 drivers
v000002cd3d557870_0 .net *"_ivl_26", 4 0, L_000002cd3d559740;  1 drivers
L_000002cd3d5601f0 .functor BUFT 1, C4<0>, C4<0>, C4<0>, C4<0>;
v000002cd3d556f10_0 .net *"_ivl_29", 0 0, L_000002cd3d5601f0;  1 drivers
v000002cd3d5575f0_0 .net *"_ivl_31", 4 0, L_000002cd3d558de0;  1 drivers
v000002cd3d5577d0_0 .net *"_ivl_32", 4 0, L_000002cd3d5579e0;  1 drivers
L_000002cd3d560238 .functor BUFT 1, C4<0>, C4<0>, C4<0>, C4<0>;
v000002cd3d5559d0_0 .net *"_ivl_35", 0 0, L_000002cd3d560238;  1 drivers
L_000002cd3d5600d0 .functor BUFT 1, C4<00001>, C4<0>, C4<0>, C4<0>;
v000002cd3d556fb0_0 .net/2u *"_ivl_4", 4 0, L_000002cd3d5600d0;  1 drivers
L_000002cd3d560280 .functor BUFT 1, C4<100>, C4<0>, C4<0>, C4<0>;
v000002cd3d5565b0_0 .net/2u *"_ivl_40", 2 0, L_000002cd3d560280;  1 drivers
v000002cd3d557190_0 .net *"_ivl_42", 2 0, L_000002cd3d558980;  1 drivers
v000002cd3d556470_0 .net *"_ivl_48", 6 0, L_000002cd3d5b98b0;  1 drivers
L_000002cd3d5603e8 .functor BUFT 1, C4<00>, C4<0>, C4<0>, C4<0>;
v000002cd3d556010_0 .net *"_ivl_51", 1 0, L_000002cd3d5603e8;  1 drivers
v000002cd3d557050_0 .net *"_ivl_54", 6 0, L_000002cd3d5b80f0;  1 drivers
L_000002cd3d560430 .functor BUFT 1, C4<00>, C4<0>, C4<0>, C4<0>;
v000002cd3d556a10_0 .net *"_ivl_57", 1 0, L_000002cd3d560430;  1 drivers
v000002cd3d5560b0_0 .net *"_ivl_6", 31 0, L_000002cd3d558e80;  1 drivers
v000002cd3d5570f0_0 .net *"_ivl_60", 6 0, L_000002cd3d5b9ef0;  1 drivers
L_000002cd3d560478 .functor BUFT 1, C4<00>, C4<0>, C4<0>, C4<0>;
v000002cd3d555a70_0 .net *"_ivl_63", 1 0, L_000002cd3d560478;  1 drivers
v000002cd3d557230_0 .net *"_ivl_66", 6 0, L_000002cd3d5b8cd0;  1 drivers
L_000002cd3d5604c0 .functor BUFT 1, C4<00>, C4<0>, C4<0>, C4<0>;
v000002cd3d5572d0_0 .net *"_ivl_69", 1 0, L_000002cd3d5604c0;  1 drivers
L_000002cd3d560118 .functor BUFT 1, C4<00000000000000000000000000000>, C4<0>, C4<0>, C4<0>;
v000002cd3d556330_0 .net *"_ivl_9", 28 0, L_000002cd3d560118;  1 drivers
v000002cd3d557690_0 .net/s "bf_out_im_a", 15 0, L_000002cd3d5b8550;  1 drivers
v000002cd3d557370_0 .net/s "bf_out_im_b", 15 0, L_000002cd3d5b84b0;  1 drivers
v000002cd3d556dd0_0 .net/s "bf_out_re_a", 15 0, L_000002cd3d5b91d0;  1 drivers
v000002cd3d5566f0_0 .net/s "bf_out_re_b", 15 0, L_000002cd3d5b85f0;  1 drivers
v000002cd3d557410_0 .var "bfly_cnt", 3 0;
v000002cd3d5574b0_0 .net "bfly_in_grp", 3 0, L_000002cd3d4e4bc0;  1 drivers
v000002cd3d556290 .array/s "buf_im", 31 0, 15 0;
v000002cd3d5563d0 .array/s "buf_re", 31 0, 15 0;
v000002cd3d556c90_0 .net "clk", 0 0, v000002cd3d558a20_0;  1 drivers
v000002cd3d556ab0_0 .var "done", 0 0;
v000002cd3d556510_0 .net "group", 4 0, L_000002cd3d558840;  1 drivers
v000002cd3d556150_0 .net "grp_idx", 3 0, L_000002cd3d558340;  1 drivers
v000002cd3d555b10_0 .net "half", 4 0, L_000002cd3d558ac0;  1 drivers
v000002cd3d557550_0 .var/i "i", 31 0;
v000002cd3d556970_0 .net "idx_a", 4 0, L_000002cd3d558b60;  1 drivers
v000002cd3d556650_0 .net "idx_b", 4 0, L_000002cd3d5588e0;  1 drivers
v000002cd3d555bb0 .array "in_im", 31 0;
v000002cd3d555bb0_0 .net/s v000002cd3d555bb0 0, 15 0, L_000002cd3d5ba6b0; 1 drivers
v000002cd3d555bb0_1 .net/s v000002cd3d555bb0 1, 15 0, L_000002cd3d5ba720; 1 drivers
v000002cd3d555bb0_2 .net/s v000002cd3d555bb0 2, 15 0, L_000002cd3d5ba950; 1 drivers
v000002cd3d555bb0_3 .net/s v000002cd3d555bb0 3, 15 0, L_000002cd3d5ba790; 1 drivers
v000002cd3d555bb0_4 .net/s v000002cd3d555bb0 4, 15 0, L_000002cd3d5bab10; 1 drivers
v000002cd3d555bb0_5 .net/s v000002cd3d555bb0 5, 15 0, L_000002cd3d5ba9c0; 1 drivers
v000002cd3d555bb0_6 .net/s v000002cd3d555bb0 6, 15 0, L_000002cd3d5ba5d0; 1 drivers
v000002cd3d555bb0_7 .net/s v000002cd3d555bb0 7, 15 0, L_000002cd3d5baf70; 1 drivers
v000002cd3d555bb0_8 .net/s v000002cd3d555bb0 8, 15 0, L_000002cd3d5ba2c0; 1 drivers
v000002cd3d555bb0_9 .net/s v000002cd3d555bb0 9, 15 0, L_000002cd3d5bab80; 1 drivers
v000002cd3d555bb0_10 .net/s v000002cd3d555bb0 10, 15 0, L_000002cd3d5baf00; 1 drivers
v000002cd3d555bb0_11 .net/s v000002cd3d555bb0 11, 15 0, L_000002cd3d5ba170; 1 drivers
v000002cd3d555bb0_12 .net/s v000002cd3d555bb0 12, 15 0, L_000002cd3d5ba1e0; 1 drivers
v000002cd3d555bb0_13 .net/s v000002cd3d555bb0 13, 15 0, L_000002cd3d5babf0; 1 drivers
v000002cd3d555bb0_14 .net/s v000002cd3d555bb0 14, 15 0, L_000002cd3d5bacd0; 1 drivers
v000002cd3d555bb0_15 .net/s v000002cd3d555bb0 15, 15 0, L_000002cd3d5ba640; 1 drivers
v000002cd3d555bb0_16 .net/s v000002cd3d555bb0 16, 15 0, L_000002cd3d5baa30; 1 drivers
v000002cd3d555bb0_17 .net/s v000002cd3d555bb0 17, 15 0, L_000002cd3d5bae20; 1 drivers
v000002cd3d555bb0_18 .net/s v000002cd3d555bb0 18, 15 0, L_000002cd3d5bafe0; 1 drivers
v000002cd3d555bb0_19 .net/s v000002cd3d555bb0 19, 15 0, L_000002cd3d5baaa0; 1 drivers
v000002cd3d555bb0_20 .net/s v000002cd3d555bb0 20, 15 0, L_000002cd3d5ba8e0; 1 drivers
v000002cd3d555bb0_21 .net/s v000002cd3d555bb0 21, 15 0, L_000002cd3d5ba250; 1 drivers
v000002cd3d555bb0_22 .net/s v000002cd3d555bb0 22, 15 0, L_000002cd3d5ba330; 1 drivers
v000002cd3d555bb0_23 .net/s v000002cd3d555bb0 23, 15 0, L_000002cd3d5ba4f0; 1 drivers
v000002cd3d555bb0_24 .net/s v000002cd3d555bb0 24, 15 0, L_000002cd3d5bac60; 1 drivers
v000002cd3d555bb0_25 .net/s v000002cd3d555bb0 25, 15 0, L_000002cd3d5bad40; 1 drivers
v000002cd3d555bb0_26 .net/s v000002cd3d555bb0 26, 15 0, L_000002cd3d5ba800; 1 drivers
v000002cd3d555bb0_27 .net/s v000002cd3d555bb0 27, 15 0, L_000002cd3d5ba3a0; 1 drivers
v000002cd3d555bb0_28 .net/s v000002cd3d555bb0 28, 15 0, L_000002cd3d5badb0; 1 drivers
v000002cd3d555bb0_29 .net/s v000002cd3d555bb0 29, 15 0, L_000002cd3d5ba410; 1 drivers
v000002cd3d555bb0_30 .net/s v000002cd3d555bb0 30, 15 0, L_000002cd3d5ba480; 1 drivers
v000002cd3d555bb0_31 .net/s v000002cd3d555bb0 31, 15 0, L_000002cd3d5ba870; 1 drivers
v000002cd3d556790 .array "in_re", 31 0;
v000002cd3d556790_0 .net/s v000002cd3d556790 0, 15 0, L_000002cd3d4e52c0; 1 drivers
v000002cd3d556790_1 .net/s v000002cd3d556790 1, 15 0, L_000002cd3d4e4b50; 1 drivers
v000002cd3d556790_2 .net/s v000002cd3d556790 2, 15 0, L_000002cd3d4e4c30; 1 drivers
v000002cd3d556790_3 .net/s v000002cd3d556790 3, 15 0, L_000002cd3d4e46f0; 1 drivers
v000002cd3d556790_4 .net/s v000002cd3d556790 4, 15 0, L_000002cd3d4e5100; 1 drivers
v000002cd3d556790_5 .net/s v000002cd3d556790 5, 15 0, L_000002cd3d4e4f40; 1 drivers
v000002cd3d556790_6 .net/s v000002cd3d556790 6, 15 0, L_000002cd3d4e5170; 1 drivers
v000002cd3d556790_7 .net/s v000002cd3d556790 7, 15 0, L_000002cd3d4e4ca0; 1 drivers
v000002cd3d556790_8 .net/s v000002cd3d556790 8, 15 0, L_000002cd3d4e5330; 1 drivers
v000002cd3d556790_9 .net/s v000002cd3d556790 9, 15 0, L_000002cd3d4e48b0; 1 drivers
v000002cd3d556790_10 .net/s v000002cd3d556790 10, 15 0, L_000002cd3d4e4fb0; 1 drivers
v000002cd3d556790_11 .net/s v000002cd3d556790 11, 15 0, L_000002cd3d4e4760; 1 drivers
v000002cd3d556790_12 .net/s v000002cd3d556790 12, 15 0, L_000002cd3d4e4990; 1 drivers
v000002cd3d556790_13 .net/s v000002cd3d556790 13, 15 0, L_000002cd3d4e4d10; 1 drivers
v000002cd3d556790_14 .net/s v000002cd3d556790 14, 15 0, L_000002cd3d4e53a0; 1 drivers
v000002cd3d556790_15 .net/s v000002cd3d556790 15, 15 0, L_000002cd3d4e4df0; 1 drivers
v000002cd3d556790_16 .net/s v000002cd3d556790 16, 15 0, L_000002cd3d4e45a0; 1 drivers
v000002cd3d556790_17 .net/s v000002cd3d556790 17, 15 0, L_000002cd3d4e4610; 1 drivers
v000002cd3d556790_18 .net/s v000002cd3d556790 18, 15 0, L_000002cd3d4e4680; 1 drivers
v000002cd3d556790_19 .net/s v000002cd3d556790 19, 15 0, L_000002cd3d4e4e60; 1 drivers
v000002cd3d556790_20 .net/s v000002cd3d556790 20, 15 0, L_000002cd3d4e4ed0; 1 drivers
v000002cd3d556790_21 .net/s v000002cd3d556790 21, 15 0, L_000002cd3d4e47d0; 1 drivers
v000002cd3d556790_22 .net/s v000002cd3d556790 22, 15 0, L_000002cd3d4e4a00; 1 drivers
v000002cd3d556790_23 .net/s v000002cd3d556790 23, 15 0, L_000002cd3d4e4a70; 1 drivers
v000002cd3d556790_24 .net/s v000002cd3d556790 24, 15 0, L_000002cd3d4e4ae0; 1 drivers
v000002cd3d556790_25 .net/s v000002cd3d556790 25, 15 0, L_000002cd3d4e5020; 1 drivers
v000002cd3d556790_26 .net/s v000002cd3d556790 26, 15 0, L_000002cd3d4e5250; 1 drivers
v000002cd3d556790_27 .net/s v000002cd3d556790 27, 15 0, L_000002cd3d4e51e0; 1 drivers
v000002cd3d556790_28 .net/s v000002cd3d556790 28, 15 0, L_000002cd3d4e5090; 1 drivers
v000002cd3d556790_29 .net/s v000002cd3d556790 29, 15 0, L_000002cd3d5ba560; 1 drivers
v000002cd3d556790_30 .net/s v000002cd3d556790 30, 15 0, L_000002cd3d5ba100; 1 drivers
v000002cd3d556790_31 .net/s v000002cd3d556790 31, 15 0, L_000002cd3d5bae90; 1 drivers
v000002cd3d556830 .array/s "out_im", 31 0, 15 0;
v000002cd3d555ed0 .array/s "out_re", 31 0, 15 0;
v000002cd3d555c50_0 .net "rst_n", 0 0, v000002cd3d558660_0;  1 drivers
v000002cd3d556b50_0 .var "stage_cnt", 2 0;
v000002cd3d556bf0_0 .net "start", 0 0, v000002cd3d557bc0_0;  1 drivers
v000002cd3d555cf0_0 .var "state", 2 0;
v000002cd3d555e30_0 .net "tw_addr", 3 0, L_000002cd3d557c60;  1 drivers
v000002cd3d557b20_0 .net/s "w_im", 15 0, L_000002cd3d4e4d80;  1 drivers
v000002cd3d558520_0 .net/s "w_re", 15 0, L_000002cd3d4e4840;  1 drivers
E_000002cd3d4f5c50/0 .event negedge, v000002cd3d555c50_0;
E_000002cd3d4f5c50/1 .event posedge, v000002cd3d556c90_0;
E_000002cd3d4f5c50 .event/or E_000002cd3d4f5c50/0, E_000002cd3d4f5c50/1;
L_000002cd3d558ac0 .shift/l 5, L_000002cd3d560088, v000002cd3d556b50_0;
L_000002cd3d558e80 .concat [ 3 29 0 0], v000002cd3d556b50_0, L_000002cd3d560118;
L_000002cd3d5587a0 .arith/sum 32, L_000002cd3d558e80, L_000002cd3d560160;
L_000002cd3d558840 .shift/l 5, L_000002cd3d5600d0, L_000002cd3d5587a0;
L_000002cd3d558340 .shift/r 4, v000002cd3d557410_0, v000002cd3d556b50_0;
L_000002cd3d558d40 .part L_000002cd3d558ac0, 0, 4;
L_000002cd3d559100 .arith/sub 4, L_000002cd3d558d40, L_000002cd3d5601a8;
L_000002cd3d559740 .concat [ 4 1 0 0], L_000002cd3d558340, L_000002cd3d5601f0;
L_000002cd3d558de0 .arith/mult 5, L_000002cd3d559740, L_000002cd3d558840;
L_000002cd3d5579e0 .concat [ 4 1 0 0], L_000002cd3d4e4bc0, L_000002cd3d560238;
L_000002cd3d558b60 .arith/sum 5, L_000002cd3d558de0, L_000002cd3d5579e0;
L_000002cd3d5588e0 .arith/sum 5, L_000002cd3d558b60, L_000002cd3d558ac0;
L_000002cd3d558980 .arith/sub 3, L_000002cd3d560280, v000002cd3d556b50_0;
L_000002cd3d557c60 .shift/l 4, L_000002cd3d4e4bc0, L_000002cd3d558980;
L_000002cd3d5b9770 .array/port v000002cd3d5563d0, L_000002cd3d5b98b0;
L_000002cd3d5b98b0 .concat [ 5 2 0 0], L_000002cd3d558b60, L_000002cd3d5603e8;
L_000002cd3d5b8e10 .array/port v000002cd3d556290, L_000002cd3d5b80f0;
L_000002cd3d5b80f0 .concat [ 5 2 0 0], L_000002cd3d558b60, L_000002cd3d560430;
L_000002cd3d5b9810 .array/port v000002cd3d5563d0, L_000002cd3d5b9ef0;
L_000002cd3d5b9ef0 .concat [ 5 2 0 0], L_000002cd3d5588e0, L_000002cd3d560478;
L_000002cd3d5b87d0 .array/port v000002cd3d556290, L_000002cd3d5b8cd0;
L_000002cd3d5b8cd0 .concat [ 5 2 0 0], L_000002cd3d5588e0, L_000002cd3d5604c0;
S_000002cd3d4a8fd0 .scope function.vec4.s5, "bit_rev" "bit_rev" 4 41, 4 41 0, S_000002cd3d4fb320;
 .timescale -9 -12;
; Variable bit_rev is vec4 return value of scope S_000002cd3d4a8fd0
v000002cd3d4f8780_0 .var "idx", 4 0;
TD_tb_fft1d_32.dut.bit_rev ;
    %load/vec4 v000002cd3d4f8780_0;
    %parti/s 1, 0, 2;
    %load/vec4 v000002cd3d4f8780_0;
    %parti/s 1, 1, 2;
    %concat/vec4; draw_concat_vec4
    %load/vec4 v000002cd3d4f8780_0;
    %parti/s 1, 2, 3;
    %concat/vec4; draw_concat_vec4
    %load/vec4 v000002cd3d4f8780_0;
    %parti/s 1, 3, 3;
    %concat/vec4; draw_concat_vec4
    %load/vec4 v000002cd3d4f8780_0;
    %parti/s 1, 4, 4;
    %concat/vec4; draw_concat_vec4
    %ret/vec4 0, 0, 5;  Assign to bit_rev (store_vec4_to_lval)
    %end;
S_000002cd3d4a9160 .scope module, "u_bfly" "butterfly" 4 89, 5 10 0, S_000002cd3d4fb320;
 .timescale -9 -12;
    .port_info 0 /INPUT 16 "in_re_a";
    .port_info 1 /INPUT 16 "in_im_a";
    .port_info 2 /INPUT 16 "in_re_b";
    .port_info 3 /INPUT 16 "in_im_b";
    .port_info 4 /INPUT 16 "w_re";
    .port_info 5 /INPUT 16 "w_im";
    .port_info 6 /OUTPUT 16 "out_re_a";
    .port_info 7 /OUTPUT 16 "out_im_a";
    .port_info 8 /OUTPUT 16 "out_re_b";
    .port_info 9 /OUTPUT 16 "out_im_b";
P_000002cd3d4a92f0 .param/l "DATA_WIDTH" 0 5 11, +C4<00000000000000000000000000010000>;
P_000002cd3d4a9328 .param/l "FRAC" 0 5 12, +C4<00000000000000000000000000001000>;
P_000002cd3d4a9360 .param/l "LSB" 1 5 29, +C4<00000000000000000000000000001000>;
P_000002cd3d4a9398 .param/l "MSB" 1 5 28, +C4<0000000000000000000000000000010111>;
v000002cd3d4f8fa0_0 .net/s *"_ivl_0", 31 0, L_000002cd3d558ca0;  1 drivers
v000002cd3d4f8140_0 .net/s *"_ivl_11", 31 0, L_000002cd3d5592e0;  1 drivers
v000002cd3d4f7d80_0 .net/s *"_ivl_14", 31 0, L_000002cd3d559420;  1 drivers
v000002cd3d4f8640_0 .net/s *"_ivl_16", 31 0, L_000002cd3d5594c0;  1 drivers
v000002cd3d4f8b40_0 .net/s *"_ivl_19", 31 0, L_000002cd3d557a80;  1 drivers
v000002cd3d4f81e0_0 .net/s *"_ivl_2", 31 0, L_000002cd3d558c00;  1 drivers
v000002cd3d4f8e60_0 .net/s *"_ivl_20", 31 0, L_000002cd3d557da0;  1 drivers
v000002cd3d4f88c0_0 .net/s *"_ivl_22", 31 0, L_000002cd3d5596a0;  1 drivers
v000002cd3d4f7ce0_0 .net/s *"_ivl_25", 31 0, L_000002cd3d558160;  1 drivers
v000002cd3d4f7e20_0 .net/s *"_ivl_32", 15 0, L_000002cd3d557f80;  1 drivers
v000002cd3d4f7380_0 .net *"_ivl_36", 14 0, L_000002cd3d5580c0;  1 drivers
v000002cd3d4f7420_0 .net/s *"_ivl_38", 15 0, L_000002cd3d5b8190;  1 drivers
v000002cd3d4f8820_0 .net *"_ivl_42", 14 0, L_000002cd3d5b9f90;  1 drivers
v000002cd3d4f7600_0 .net/s *"_ivl_44", 15 0, L_000002cd3d5b9d10;  1 drivers
v000002cd3d4f8280_0 .net *"_ivl_48", 14 0, L_000002cd3d5b9a90;  1 drivers
v000002cd3d4f7ba0_0 .net/s *"_ivl_5", 31 0, L_000002cd3d559560;  1 drivers
v000002cd3d4f7b00_0 .net/s *"_ivl_50", 15 0, L_000002cd3d5b8370;  1 drivers
v000002cd3d4f8320_0 .net *"_ivl_54", 14 0, L_000002cd3d5b9db0;  1 drivers
v000002cd3d4f8f00_0 .net/s *"_ivl_6", 31 0, L_000002cd3d558f20;  1 drivers
v000002cd3d4f7ec0_0 .net/s *"_ivl_8", 31 0, L_000002cd3d558fc0;  1 drivers
v000002cd3d4f7880_0 .net/s "in_im_a", 15 0, L_000002cd3d5b8e10;  1 drivers
v000002cd3d4f7c40_0 .net/s "in_im_b", 15 0, L_000002cd3d5b87d0;  1 drivers
v000002cd3d4f90e0_0 .net/s "in_re_a", 15 0, L_000002cd3d5b9770;  1 drivers
v000002cd3d4f8aa0_0 .net/s "in_re_b", 15 0, L_000002cd3d5b9810;  1 drivers
v000002cd3d4f7920_0 .net/s "out_im_a", 15 0, L_000002cd3d5b8550;  alias, 1 drivers
v000002cd3d4f9180_0 .net/s "out_im_b", 15 0, L_000002cd3d5b84b0;  alias, 1 drivers
v000002cd3d4f83c0_0 .net/s "out_re_a", 15 0, L_000002cd3d5b91d0;  alias, 1 drivers
v000002cd3d4f76a0_0 .net/s "out_re_b", 15 0, L_000002cd3d5b85f0;  alias, 1 drivers
v000002cd3d4f7f60_0 .net/s "tw_im", 15 0, L_000002cd3d557ee0;  1 drivers
v000002cd3d4f8000_0 .net/s "tw_im_full", 31 0, L_000002cd3d557e40;  1 drivers
v000002cd3d4f74c0_0 .net/s "tw_re", 15 0, L_000002cd3d558020;  1 drivers
v000002cd3d4f79c0_0 .net/s "tw_re_full", 31 0, L_000002cd3d559060;  1 drivers
v000002cd3d4f8be0_0 .net/s "w_im", 15 0, L_000002cd3d4e4d80;  alias, 1 drivers
v000002cd3d4f8dc0_0 .net/s "w_re", 15 0, L_000002cd3d4e4840;  alias, 1 drivers
L_000002cd3d558ca0 .extend/s 32, L_000002cd3d4e4840;
L_000002cd3d558c00 .extend/s 32, L_000002cd3d5b9810;
L_000002cd3d559560 .arith/mult 32, L_000002cd3d558ca0, L_000002cd3d558c00;
L_000002cd3d558f20 .extend/s 32, L_000002cd3d4e4d80;
L_000002cd3d558fc0 .extend/s 32, L_000002cd3d5b87d0;
L_000002cd3d5592e0 .arith/mult 32, L_000002cd3d558f20, L_000002cd3d558fc0;
L_000002cd3d559060 .arith/sub 32, L_000002cd3d559560, L_000002cd3d5592e0;
L_000002cd3d559420 .extend/s 32, L_000002cd3d4e4840;
L_000002cd3d5594c0 .extend/s 32, L_000002cd3d5b87d0;
L_000002cd3d557a80 .arith/mult 32, L_000002cd3d559420, L_000002cd3d5594c0;
L_000002cd3d557da0 .extend/s 32, L_000002cd3d4e4d80;
L_000002cd3d5596a0 .extend/s 32, L_000002cd3d5b9810;
L_000002cd3d558160 .arith/mult 32, L_000002cd3d557da0, L_000002cd3d5596a0;
L_000002cd3d557e40 .arith/sum 32, L_000002cd3d557a80, L_000002cd3d558160;
L_000002cd3d558020 .part L_000002cd3d559060, 8, 16;
L_000002cd3d557ee0 .part L_000002cd3d557e40, 8, 16;
L_000002cd3d557f80 .arith/sum 16, L_000002cd3d5b9770, L_000002cd3d558020;
L_000002cd3d5580c0 .part L_000002cd3d557f80, 1, 15;
L_000002cd3d5b91d0 .extend/s 16, L_000002cd3d5580c0;
L_000002cd3d5b8190 .arith/sum 16, L_000002cd3d5b8e10, L_000002cd3d557ee0;
L_000002cd3d5b9f90 .part L_000002cd3d5b8190, 1, 15;
L_000002cd3d5b8550 .extend/s 16, L_000002cd3d5b9f90;
L_000002cd3d5b9d10 .arith/sub 16, L_000002cd3d5b9770, L_000002cd3d558020;
L_000002cd3d5b9a90 .part L_000002cd3d5b9d10, 1, 15;
L_000002cd3d5b85f0 .extend/s 16, L_000002cd3d5b9a90;
L_000002cd3d5b8370 .arith/sub 16, L_000002cd3d5b8e10, L_000002cd3d557ee0;
L_000002cd3d5b9db0 .part L_000002cd3d5b8370, 1, 15;
L_000002cd3d5b84b0 .extend/s 16, L_000002cd3d5b9db0;
S_000002cd3d4ae1b0 .scope module, "u_trom" "twiddle_rom_32" 4 79, 6 7 0, S_000002cd3d4fb320;
 .timescale -9 -12;
    .port_info 0 /INPUT 4 "addr";
    .port_info 1 /OUTPUT 16 "w_re";
    .port_info 2 /OUTPUT 16 "w_im";
P_000002cd3d4b8990 .param/l "DATA_WIDTH" 0 6 9, +C4<00000000000000000000000000010000>;
P_000002cd3d4b89c8 .param/l "FRAC" 0 6 10, +C4<00000000000000000000000000001000>;
P_000002cd3d4b8a00 .param/l "N" 0 6 8, +C4<00000000000000000000000000100000>;
L_000002cd3d4e4840 .functor BUFZ 16, L_000002cd3d559380, C4<0000000000000000>, C4<0000000000000000>, C4<0000000000000000>;
L_000002cd3d4e4d80 .functor BUFZ 16, L_000002cd3d559240, C4<0000000000000000>, C4<0000000000000000>, C4<0000000000000000>;
v000002cd3d4f9040_0 .net *"_ivl_0", 15 0, L_000002cd3d559380;  1 drivers
v000002cd3d4f7a60_0 .net *"_ivl_12", 15 0, L_000002cd3d559240;  1 drivers
L_000002cd3d560358 .functor BUFT 1, C4<1>, C4<0>, C4<0>, C4<0>;
v000002cd3d4f8460_0 .net/2u *"_ivl_14", 0 0, L_000002cd3d560358;  1 drivers
v000002cd3d4f8500_0 .net *"_ivl_16", 4 0, L_000002cd3d5582a0;  1 drivers
v000002cd3d4f8c80_0 .net *"_ivl_18", 6 0, L_000002cd3d558200;  1 drivers
L_000002cd3d5602c8 .functor BUFT 1, C4<0>, C4<0>, C4<0>, C4<0>;
v000002cd3d4f7740_0 .net/2u *"_ivl_2", 0 0, L_000002cd3d5602c8;  1 drivers
L_000002cd3d5603a0 .functor BUFT 1, C4<00>, C4<0>, C4<0>, C4<0>;
v000002cd3d4f85a0_0 .net *"_ivl_21", 1 0, L_000002cd3d5603a0;  1 drivers
v000002cd3d4f7560_0 .net *"_ivl_4", 4 0, L_000002cd3d557d00;  1 drivers
v000002cd3d4f86e0_0 .net *"_ivl_6", 6 0, L_000002cd3d558480;  1 drivers
L_000002cd3d560310 .functor BUFT 1, C4<00>, C4<0>, C4<0>, C4<0>;
v000002cd3d4f8960_0 .net *"_ivl_9", 1 0, L_000002cd3d560310;  1 drivers
v000002cd3d4f8a00_0 .net "addr", 3 0, L_000002cd3d557c60;  alias, 1 drivers
v000002cd3d4f77e0 .array/s "mem", 31 0, 15 0;
v000002cd3d4a3df0_0 .net/s "w_im", 15 0, L_000002cd3d4e4d80;  alias, 1 drivers
v000002cd3d5568d0_0 .net/s "w_re", 15 0, L_000002cd3d4e4840;  alias, 1 drivers
L_000002cd3d559380 .array/port v000002cd3d4f77e0, L_000002cd3d558480;
L_000002cd3d557d00 .concat [ 1 4 0 0], L_000002cd3d5602c8, L_000002cd3d557c60;
L_000002cd3d558480 .concat [ 5 2 0 0], L_000002cd3d557d00, L_000002cd3d560310;
L_000002cd3d559240 .array/port v000002cd3d4f77e0, L_000002cd3d558200;
L_000002cd3d5582a0 .concat [ 1 4 0 0], L_000002cd3d560358, L_000002cd3d557c60;
L_000002cd3d558200 .concat [ 5 2 0 0], L_000002cd3d5582a0, L_000002cd3d5603a0;
    .scope S_000002cd3d4ae1b0;
T_1 ;
    %vpi_call/w 6 21 "$readmemh", "data/twiddle_32.mem", v000002cd3d4f77e0 {0 0 0};
    %end;
    .thread T_1;
    .scope S_000002cd3d4fb320;
T_2 ;
    %wait E_000002cd3d4f5c50;
    %load/vec4 v000002cd3d555c50_0;
    %nor/r;
    %flag_set/vec4 8;
    %jmp/0xz  T_2.0, 8;
    %pushi/vec4 0, 0, 3;
    %assign/vec4 v000002cd3d555cf0_0, 0;
    %pushi/vec4 0, 0, 3;
    %assign/vec4 v000002cd3d556b50_0, 0;
    %pushi/vec4 0, 0, 4;
    %assign/vec4 v000002cd3d557410_0, 0;
    %pushi/vec4 0, 0, 1;
    %assign/vec4 v000002cd3d556ab0_0, 0;
    %jmp T_2.1;
T_2.0 ;
    %pushi/vec4 0, 0, 1;
    %assign/vec4 v000002cd3d556ab0_0, 0;
    %load/vec4 v000002cd3d555cf0_0;
    %dup/vec4;
    %pushi/vec4 0, 0, 3;
    %cmp/u;
    %jmp/1 T_2.2, 6;
    %dup/vec4;
    %pushi/vec4 1, 0, 3;
    %cmp/u;
    %jmp/1 T_2.3, 6;
    %dup/vec4;
    %pushi/vec4 2, 0, 3;
    %cmp/u;
    %jmp/1 T_2.4, 6;
    %dup/vec4;
    %pushi/vec4 3, 0, 3;
    %cmp/u;
    %jmp/1 T_2.5, 6;
    %dup/vec4;
    %pushi/vec4 4, 0, 3;
    %cmp/u;
    %jmp/1 T_2.6, 6;
    %jmp T_2.7;
T_2.2 ;
    %load/vec4 v000002cd3d556bf0_0;
    %flag_set/vec4 8;
    %jmp/0xz  T_2.8, 8;
    %pushi/vec4 1, 0, 3;
    %assign/vec4 v000002cd3d555cf0_0, 0;
T_2.8 ;
    %jmp T_2.7;
T_2.3 ;
    %pushi/vec4 0, 0, 32;
    %store/vec4 v000002cd3d557550_0, 0, 32;
T_2.10 ;
    %load/vec4 v000002cd3d557550_0;
    %cmpi/s 32, 0, 32;
    %jmp/0xz T_2.11, 5;
    %ix/getv/s 4, v000002cd3d557550_0;
    %load/vec4a v000002cd3d556790, 4;
    %load/vec4 v000002cd3d557550_0;
    %parti/s 5, 0, 2;
    %store/vec4 v000002cd3d4f8780_0, 0, 5;
    %callf/vec4 TD_tb_fft1d_32.dut.bit_rev, S_000002cd3d4a8fd0;
    %pad/u 7;
    %ix/vec4 3;
    %ix/load 4, 0, 0; Constant delay
    %assign/vec4/a/d v000002cd3d5563d0, 0, 4;
    %ix/getv/s 4, v000002cd3d557550_0;
    %load/vec4a v000002cd3d555bb0, 4;
    %load/vec4 v000002cd3d557550_0;
    %parti/s 5, 0, 2;
    %store/vec4 v000002cd3d4f8780_0, 0, 5;
    %callf/vec4 TD_tb_fft1d_32.dut.bit_rev, S_000002cd3d4a8fd0;
    %pad/u 7;
    %ix/vec4 3;
    %ix/load 4, 0, 0; Constant delay
    %assign/vec4/a/d v000002cd3d556290, 0, 4;
    %load/vec4 v000002cd3d557550_0;
    %addi 1, 0, 32;
    %store/vec4 v000002cd3d557550_0, 0, 32;
    %jmp T_2.10;
T_2.11 ;
    %pushi/vec4 0, 0, 3;
    %assign/vec4 v000002cd3d556b50_0, 0;
    %pushi/vec4 0, 0, 4;
    %assign/vec4 v000002cd3d557410_0, 0;
    %pushi/vec4 2, 0, 3;
    %assign/vec4 v000002cd3d555cf0_0, 0;
    %jmp T_2.7;
T_2.4 ;
    %load/vec4 v000002cd3d556dd0_0;
    %load/vec4 v000002cd3d556970_0;
    %pad/u 7;
    %ix/vec4 3;
    %ix/load 4, 0, 0; Constant delay
    %assign/vec4/a/d v000002cd3d5563d0, 0, 4;
    %load/vec4 v000002cd3d557690_0;
    %load/vec4 v000002cd3d556970_0;
    %pad/u 7;
    %ix/vec4 3;
    %ix/load 4, 0, 0; Constant delay
    %assign/vec4/a/d v000002cd3d556290, 0, 4;
    %load/vec4 v000002cd3d5566f0_0;
    %load/vec4 v000002cd3d556650_0;
    %pad/u 7;
    %ix/vec4 3;
    %ix/load 4, 0, 0; Constant delay
    %assign/vec4/a/d v000002cd3d5563d0, 0, 4;
    %load/vec4 v000002cd3d557370_0;
    %load/vec4 v000002cd3d556650_0;
    %pad/u 7;
    %ix/vec4 3;
    %ix/load 4, 0, 0; Constant delay
    %assign/vec4/a/d v000002cd3d556290, 0, 4;
    %load/vec4 v000002cd3d557410_0;
    %cmpi/e 15, 0, 4;
    %jmp/0xz  T_2.12, 4;
    %pushi/vec4 0, 0, 4;
    %assign/vec4 v000002cd3d557410_0, 0;
    %load/vec4 v000002cd3d556b50_0;
    %cmpi/e 4, 0, 3;
    %jmp/0xz  T_2.14, 4;
    %pushi/vec4 3, 0, 3;
    %assign/vec4 v000002cd3d555cf0_0, 0;
    %jmp T_2.15;
T_2.14 ;
    %load/vec4 v000002cd3d556b50_0;
    %addi 1, 0, 3;
    %assign/vec4 v000002cd3d556b50_0, 0;
T_2.15 ;
    %jmp T_2.13;
T_2.12 ;
    %load/vec4 v000002cd3d557410_0;
    %addi 1, 0, 4;
    %assign/vec4 v000002cd3d557410_0, 0;
T_2.13 ;
    %jmp T_2.7;
T_2.5 ;
    %pushi/vec4 0, 0, 32;
    %store/vec4 v000002cd3d557550_0, 0, 32;
T_2.16 ;
    %load/vec4 v000002cd3d557550_0;
    %cmpi/s 32, 0, 32;
    %jmp/0xz T_2.17, 5;
    %ix/getv/s 4, v000002cd3d557550_0;
    %load/vec4a v000002cd3d5563d0, 4;
    %ix/getv/s 3, v000002cd3d557550_0;
    %ix/load 4, 0, 0; Constant delay
    %assign/vec4/a/d v000002cd3d555ed0, 0, 4;
    %ix/getv/s 4, v000002cd3d557550_0;
    %load/vec4a v000002cd3d556290, 4;
    %ix/getv/s 3, v000002cd3d557550_0;
    %ix/load 4, 0, 0; Constant delay
    %assign/vec4/a/d v000002cd3d556830, 0, 4;
    %load/vec4 v000002cd3d557550_0;
    %addi 1, 0, 32;
    %store/vec4 v000002cd3d557550_0, 0, 32;
    %jmp T_2.16;
T_2.17 ;
    %pushi/vec4 4, 0, 3;
    %assign/vec4 v000002cd3d555cf0_0, 0;
    %jmp T_2.7;
T_2.6 ;
    %pushi/vec4 1, 0, 1;
    %assign/vec4 v000002cd3d556ab0_0, 0;
    %pushi/vec4 0, 0, 3;
    %assign/vec4 v000002cd3d555cf0_0, 0;
    %jmp T_2.7;
T_2.7 ;
    %pop/vec4 1;
T_2.1 ;
    %jmp T_2;
    .thread T_2;
    .scope S_000002cd3d4a49f0;
T_3 ;
    %pushi/vec4 0, 0, 1;
    %store/vec4 v000002cd3d558a20_0, 0, 1;
    %pushi/vec4 0, 0, 1;
    %store/vec4 v000002cd3d558660_0, 0, 1;
    %pushi/vec4 0, 0, 1;
    %store/vec4 v000002cd3d557bc0_0, 0, 1;
    %end;
    .thread T_3, $init;
    .scope S_000002cd3d4a49f0;
T_4 ;
    %delay 5000, 0;
    %load/vec4 v000002cd3d558a20_0;
    %inv;
    %store/vec4 v000002cd3d558a20_0, 0, 1;
    %jmp T_4;
    .thread T_4;
    .scope S_000002cd3d4a49f0;
T_5 ;
    %vpi_call/w 3 33 "$dumpfile", "fft1d_32.vcd" {0 0 0};
    %vpi_call/w 3 34 "$dumpvars", 32'sb00000000000000000000000000000000, S_000002cd3d4a49f0 {0 0 0};
    %vpi_call/w 3 43 "$display", "\012\342\225\220\342\225\220 Test 1: DC impulse \342\225\220\342\225\220" {0 0 0};
    %pushi/vec4 0, 0, 32;
    %store/vec4 v000002cd3d5583e0_0, 0, 32;
T_5.0 ;
    %load/vec4 v000002cd3d5583e0_0;
    %cmpi/s 32, 0, 32;
    %jmp/0xz T_5.1, 5;
    %load/vec4 v000002cd3d5583e0_0;
    %cmpi/e 0, 0, 32;
    %flag_mov 8, 4;
    %jmp/0 T_5.2, 8;
    %pushi/vec4 256, 0, 16;
    %jmp/1 T_5.3, 8;
T_5.2 ; End of true expr.
    %pushi/vec4 0, 0, 16;
    %jmp/0 T_5.3, 8;
 ; End of false expr.
    %blend;
T_5.3;
    %ix/getv/s 4, v000002cd3d5583e0_0;
    %store/vec4a v000002cd3d5597e0, 4, 0;
    %pushi/vec4 0, 0, 16;
    %ix/getv/s 4, v000002cd3d5583e0_0;
    %store/vec4a v000002cd3d558700, 4, 0;
    %load/vec4 v000002cd3d5583e0_0;
    %addi 1, 0, 32;
    %store/vec4 v000002cd3d5583e0_0, 0, 32;
    %jmp T_5.0;
T_5.1 ;
    %pushi/vec4 0, 0, 1;
    %store/vec4 v000002cd3d558660_0, 0, 1;
    %delay 20000, 0;
    %pushi/vec4 1, 0, 1;
    %store/vec4 v000002cd3d558660_0, 0, 1;
    %delay 10000, 0;
    %wait E_000002cd3d4f5410;
    %pushi/vec4 1, 0, 1;
    %assign/vec4 v000002cd3d557bc0_0, 0;
    %wait E_000002cd3d4f5410;
    %pushi/vec4 0, 0, 1;
    %assign/vec4 v000002cd3d557bc0_0, 0;
    %wait E_000002cd3d4f5c10;
    %wait E_000002cd3d4f5410;
    %pushi/vec4 0, 0, 32;
    %store/vec4 v000002cd3d5585c0_0, 0, 32;
    %pushi/vec4 0, 0, 32;
    %store/vec4 v000002cd3d5583e0_0, 0, 32;
T_5.4 ;
    %load/vec4 v000002cd3d5583e0_0;
    %cmpi/s 32, 0, 32;
    %jmp/0xz T_5.5, 5;
    %ix/getv/s 4, v000002cd3d5583e0_0;
    %load/vec4a v000002cd3d559600, 4;
    %pad/s 32;
    %cmpi/ne 0, 0, 32;
    %jmp/0xz  T_5.6, 4;
    %vpi_call/w 3 61 "$display", "  Bin %2d: re=%6d im=%6d  [imag non-zero!]", v000002cd3d5583e0_0, &A<v000002cd3d559880, v000002cd3d5583e0_0 >, &A<v000002cd3d559600, v000002cd3d5583e0_0 > {0 0 0};
    %load/vec4 v000002cd3d5585c0_0;
    %addi 1, 0, 32;
    %store/vec4 v000002cd3d5585c0_0, 0, 32;
T_5.6 ;
    %load/vec4 v000002cd3d5583e0_0;
    %addi 1, 0, 32;
    %store/vec4 v000002cd3d5583e0_0, 0, 32;
    %jmp T_5.4;
T_5.5 ;
    %vpi_call/w 3 65 "$display", "  Bin[0] = re=%0d (expect ~8), im=%0d (expect 0)", v000002cd3d559880_0, v000002cd3d559600_0 {0 0 0};
    %vpi_call/w 3 66 "$display", "  Bin[1] = re=%0d (expect ~8), im=%0d (expect 0)", v000002cd3d559880_1, v000002cd3d559600_1 {0 0 0};
    %load/vec4 v000002cd3d5585c0_0;
    %cmpi/e 0, 0, 32;
    %jmp/0xz  T_5.8, 4;
    %vpi_call/w 3 68 "$display", "  PASS: All imaginary parts are zero." {0 0 0};
    %jmp T_5.9;
T_5.8 ;
    %vpi_call/w 3 70 "$display", "  %0d bins had non-zero imag (may be truncation noise).", v000002cd3d5585c0_0 {0 0 0};
T_5.9 ;
    %vpi_call/w 3 77 "$display", "\012\342\225\220\342\225\220 Test 2: All ones \342\225\220\342\225\220" {0 0 0};
    %pushi/vec4 0, 0, 32;
    %store/vec4 v000002cd3d5583e0_0, 0, 32;
T_5.10 ;
    %load/vec4 v000002cd3d5583e0_0;
    %cmpi/s 32, 0, 32;
    %jmp/0xz T_5.11, 5;
    %pushi/vec4 64, 0, 16;
    %ix/getv/s 4, v000002cd3d5583e0_0;
    %store/vec4a v000002cd3d5597e0, 4, 0;
    %pushi/vec4 0, 0, 16;
    %ix/getv/s 4, v000002cd3d5583e0_0;
    %store/vec4a v000002cd3d558700, 4, 0;
    %load/vec4 v000002cd3d5583e0_0;
    %addi 1, 0, 32;
    %store/vec4 v000002cd3d5583e0_0, 0, 32;
    %jmp T_5.10;
T_5.11 ;
    %wait E_000002cd3d4f5410;
    %pushi/vec4 1, 0, 1;
    %assign/vec4 v000002cd3d557bc0_0, 0;
    %wait E_000002cd3d4f5410;
    %pushi/vec4 0, 0, 1;
    %assign/vec4 v000002cd3d557bc0_0, 0;
    %wait E_000002cd3d4f5c10;
    %wait E_000002cd3d4f5410;
    %vpi_call/w 3 89 "$display", "  Bin[0] = re=%0d im=%0d", v000002cd3d559880_0, v000002cd3d559600_0 {0 0 0};
    %vpi_call/w 3 90 "$display", "  Bin[1] = re=%0d im=%0d (expect ~0)", v000002cd3d559880_1, v000002cd3d559600_1 {0 0 0};
    %vpi_call/w 3 91 "$display", "  Bin[16] = re=%0d im=%0d (expect ~0)", v000002cd3d559880_16, v000002cd3d559600_16 {0 0 0};
    %delay 100000, 0;
    %vpi_call/w 3 94 "$display", "\012All tests complete." {0 0 0};
    %vpi_call/w 3 95 "$finish" {0 0 0};
    %end;
    .thread T_5;
# The file index is used to find the file name in the following table.
:file_names 7;
    "N/A";
    "<interactive>";
    "-";
    "tb/tb_fft1d_32.v";
    "src/fft1d_32.v";
    "src/butterfly.v";
    "src/twiddle_rom_32.v";
