#! /c/Source/iverilog-install/bin/vvp
:ivl_version "12.0 (devel)" "(s20150603-1539-g2693dd32b)";
:ivl_delay_selection "TYPICAL";
:vpi_time_precision - 12;
:vpi_module "C:\iverilog\lib\ivl\system.vpi";
:vpi_module "C:\iverilog\lib\ivl\vhdl_sys.vpi";
:vpi_module "C:\iverilog\lib\ivl\vhdl_textio.vpi";
:vpi_module "C:\iverilog\lib\ivl\v2005_math.vpi";
:vpi_module "C:\iverilog\lib\ivl\va_math.vpi";
:vpi_module "C:\iverilog\lib\ivl\v2009.vpi";
S_000001bad9304ba0 .scope package, "$unit" "$unit" 2 1;
 .timescale 0 0;
S_000001bad9381920 .scope module, "tb_fft2d_32" "tb_fft2d_32" 3 6;
 .timescale -9 -12;
P_000001bad9381ab0 .param/l "DATA_WIDTH" 0 3 9, +C4<00000000000000000000000000010000>;
P_000001bad9381ae8 .param/l "FRAC" 0 3 10, +C4<00000000000000000000000000001000>;
P_000001bad9381b20 .param/l "N" 0 3 8, +C4<00000000000000000000000000100000>;
P_000001bad9381b58 .param/l "TOTAL" 0 3 11, +C4<0000000000000000000000000000000000000000000000000000010000000000>;
v000001bad93ddfd0_0 .var "clk", 0 0;
v000001bad93dd670_0 .net "done", 0 0, v000001bad93dc590_0;  1 drivers
v000001bad93dd710_0 .var/i "i", 31 0;
v000001bad93dc4f0_0 .var "rd_addr", 9 0;
v000001bad93dd3f0_0 .net/s "rd_data_im", 15 0, L_000001bad93785c0;  1 drivers
v000001bad93dc130_0 .net/s "rd_data_re", 15 0, L_000001bad9377c20;  1 drivers
v000001bad93dda30_0 .var "rst_n", 0 0;
v000001bad93dcf90_0 .var "start", 0 0;
v000001bad93dc6d0_0 .var "wr_addr", 9 0;
v000001bad93dc810_0 .var/s "wr_data_im", 15 0;
v000001bad93dc8b0_0 .var/s "wr_data_re", 15 0;
v000001bad93dca90_0 .var "wr_en", 0 0;
E_000001bad937d260 .event posedge, v000001bad93bc900_0;
E_000001bad937d620 .event posedge, v000001bad93dc590_0;
S_000001bad930b380 .scope module, "dut" "fft2d_32" 3 25, 4 10 0, S_000001bad9381920;
 .timescale -9 -12;
    .port_info 0 /INPUT 1 "clk";
    .port_info 1 /INPUT 1 "rst_n";
    .port_info 2 /INPUT 10 "wr_addr";
    .port_info 3 /INPUT 16 "wr_data_re";
    .port_info 4 /INPUT 16 "wr_data_im";
    .port_info 5 /INPUT 1 "wr_en";
    .port_info 6 /INPUT 1 "start";
    .port_info 7 /INPUT 10 "rd_addr";
    .port_info 8 /OUTPUT 16 "rd_data_re";
    .port_info 9 /OUTPUT 16 "rd_data_im";
    .port_info 10 /OUTPUT 1 "done";
P_000001bad930b510 .param/l "DATA_WIDTH" 0 4 12, +C4<00000000000000000000000000010000>;
P_000001bad930b548 .param/l "FRAC" 0 4 13, +C4<00000000000000000000000000001000>;
P_000001bad930b580 .param/l "N" 0 4 11, +C4<00000000000000000000000000100000>;
P_000001bad930b5b8 .param/l "SCALE_EN" 0 4 14, +C4<00000000000000000000000000000000>;
P_000001bad930b5f0 .param/l "S_COL_LOAD" 1 4 45, C4<100>;
P_000001bad930b628 .param/l "S_COL_RUN" 1 4 46, C4<101>;
P_000001bad930b660 .param/l "S_COL_SAVE" 1 4 47, C4<110>;
P_000001bad930b698 .param/l "S_DONE" 1 4 48, C4<111>;
P_000001bad930b6d0 .param/l "S_IDLE" 1 4 41, C4<000>;
P_000001bad930b708 .param/l "S_ROW_LOAD" 1 4 42, C4<001>;
P_000001bad930b740 .param/l "S_ROW_RUN" 1 4 43, C4<010>;
P_000001bad930b778 .param/l "S_ROW_SAVE" 1 4 44, C4<011>;
L_000001bad9377c20 .functor BUFZ 16, L_000001bad93dd210, C4<0000000000000000>, C4<0000000000000000>, C4<0000000000000000>;
L_000001bad93785c0 .functor BUFZ 16, L_000001bad93dcef0, C4<0000000000000000>, C4<0000000000000000>, C4<0000000000000000>;
v000001bad93ddcb0_0 .array/port v000001bad93ddcb0, 0;
L_000001bad93789b0 .functor BUFZ 16, v000001bad93ddcb0_0, C4<0000000000000000>, C4<0000000000000000>, C4<0000000000000000>;
v000001bad93ddcb0_1 .array/port v000001bad93ddcb0, 1;
L_000001bad9378630 .functor BUFZ 16, v000001bad93ddcb0_1, C4<0000000000000000>, C4<0000000000000000>, C4<0000000000000000>;
v000001bad93ddcb0_2 .array/port v000001bad93ddcb0, 2;
L_000001bad9378940 .functor BUFZ 16, v000001bad93ddcb0_2, C4<0000000000000000>, C4<0000000000000000>, C4<0000000000000000>;
v000001bad93ddcb0_3 .array/port v000001bad93ddcb0, 3;
L_000001bad9378390 .functor BUFZ 16, v000001bad93ddcb0_3, C4<0000000000000000>, C4<0000000000000000>, C4<0000000000000000>;
v000001bad93ddcb0_4 .array/port v000001bad93ddcb0, 4;
L_000001bad9377d70 .functor BUFZ 16, v000001bad93ddcb0_4, C4<0000000000000000>, C4<0000000000000000>, C4<0000000000000000>;
v000001bad93ddcb0_5 .array/port v000001bad93ddcb0, 5;
L_000001bad9378a20 .functor BUFZ 16, v000001bad93ddcb0_5, C4<0000000000000000>, C4<0000000000000000>, C4<0000000000000000>;
v000001bad93ddcb0_6 .array/port v000001bad93ddcb0, 6;
L_000001bad9378160 .functor BUFZ 16, v000001bad93ddcb0_6, C4<0000000000000000>, C4<0000000000000000>, C4<0000000000000000>;
v000001bad93ddcb0_7 .array/port v000001bad93ddcb0, 7;
L_000001bad93786a0 .functor BUFZ 16, v000001bad93ddcb0_7, C4<0000000000000000>, C4<0000000000000000>, C4<0000000000000000>;
v000001bad93ddcb0_8 .array/port v000001bad93ddcb0, 8;
L_000001bad9378320 .functor BUFZ 16, v000001bad93ddcb0_8, C4<0000000000000000>, C4<0000000000000000>, C4<0000000000000000>;
v000001bad93ddcb0_9 .array/port v000001bad93ddcb0, 9;
L_000001bad93788d0 .functor BUFZ 16, v000001bad93ddcb0_9, C4<0000000000000000>, C4<0000000000000000>, C4<0000000000000000>;
v000001bad93ddcb0_10 .array/port v000001bad93ddcb0, 10;
L_000001bad9378710 .functor BUFZ 16, v000001bad93ddcb0_10, C4<0000000000000000>, C4<0000000000000000>, C4<0000000000000000>;
v000001bad93ddcb0_11 .array/port v000001bad93ddcb0, 11;
L_000001bad9378470 .functor BUFZ 16, v000001bad93ddcb0_11, C4<0000000000000000>, C4<0000000000000000>, C4<0000000000000000>;
v000001bad93ddcb0_12 .array/port v000001bad93ddcb0, 12;
L_000001bad9377e50 .functor BUFZ 16, v000001bad93ddcb0_12, C4<0000000000000000>, C4<0000000000000000>, C4<0000000000000000>;
v000001bad93ddcb0_13 .array/port v000001bad93ddcb0, 13;
L_000001bad93787f0 .functor BUFZ 16, v000001bad93ddcb0_13, C4<0000000000000000>, C4<0000000000000000>, C4<0000000000000000>;
v000001bad93ddcb0_14 .array/port v000001bad93ddcb0, 14;
L_000001bad9377de0 .functor BUFZ 16, v000001bad93ddcb0_14, C4<0000000000000000>, C4<0000000000000000>, C4<0000000000000000>;
v000001bad93ddcb0_15 .array/port v000001bad93ddcb0, 15;
L_000001bad9377fa0 .functor BUFZ 16, v000001bad93ddcb0_15, C4<0000000000000000>, C4<0000000000000000>, C4<0000000000000000>;
v000001bad93ddcb0_16 .array/port v000001bad93ddcb0, 16;
L_000001bad9377ec0 .functor BUFZ 16, v000001bad93ddcb0_16, C4<0000000000000000>, C4<0000000000000000>, C4<0000000000000000>;
v000001bad93ddcb0_17 .array/port v000001bad93ddcb0, 17;
L_000001bad93784e0 .functor BUFZ 16, v000001bad93ddcb0_17, C4<0000000000000000>, C4<0000000000000000>, C4<0000000000000000>;
v000001bad93ddcb0_18 .array/port v000001bad93ddcb0, 18;
L_000001bad9377f30 .functor BUFZ 16, v000001bad93ddcb0_18, C4<0000000000000000>, C4<0000000000000000>, C4<0000000000000000>;
v000001bad93ddcb0_19 .array/port v000001bad93ddcb0, 19;
L_000001bad9378860 .functor BUFZ 16, v000001bad93ddcb0_19, C4<0000000000000000>, C4<0000000000000000>, C4<0000000000000000>;
v000001bad93ddcb0_20 .array/port v000001bad93ddcb0, 20;
L_000001bad9377bb0 .functor BUFZ 16, v000001bad93ddcb0_20, C4<0000000000000000>, C4<0000000000000000>, C4<0000000000000000>;
v000001bad93ddcb0_21 .array/port v000001bad93ddcb0, 21;
L_000001bad9378010 .functor BUFZ 16, v000001bad93ddcb0_21, C4<0000000000000000>, C4<0000000000000000>, C4<0000000000000000>;
v000001bad93ddcb0_22 .array/port v000001bad93ddcb0, 22;
L_000001bad9378080 .functor BUFZ 16, v000001bad93ddcb0_22, C4<0000000000000000>, C4<0000000000000000>, C4<0000000000000000>;
v000001bad93ddcb0_23 .array/port v000001bad93ddcb0, 23;
L_000001bad93780f0 .functor BUFZ 16, v000001bad93ddcb0_23, C4<0000000000000000>, C4<0000000000000000>, C4<0000000000000000>;
v000001bad93ddcb0_24 .array/port v000001bad93ddcb0, 24;
L_000001bad93781d0 .functor BUFZ 16, v000001bad93ddcb0_24, C4<0000000000000000>, C4<0000000000000000>, C4<0000000000000000>;
v000001bad93ddcb0_25 .array/port v000001bad93ddcb0, 25;
L_000001bad9378240 .functor BUFZ 16, v000001bad93ddcb0_25, C4<0000000000000000>, C4<0000000000000000>, C4<0000000000000000>;
v000001bad93ddcb0_26 .array/port v000001bad93ddcb0, 26;
L_000001bad93782b0 .functor BUFZ 16, v000001bad93ddcb0_26, C4<0000000000000000>, C4<0000000000000000>, C4<0000000000000000>;
v000001bad93ddcb0_27 .array/port v000001bad93ddcb0, 27;
L_000001bad9378400 .functor BUFZ 16, v000001bad93ddcb0_27, C4<0000000000000000>, C4<0000000000000000>, C4<0000000000000000>;
v000001bad93ddcb0_28 .array/port v000001bad93ddcb0, 28;
L_000001bad9351e60 .functor BUFZ 16, v000001bad93ddcb0_28, C4<0000000000000000>, C4<0000000000000000>, C4<0000000000000000>;
v000001bad93ddcb0_29 .array/port v000001bad93ddcb0, 29;
L_000001bad943e000 .functor BUFZ 16, v000001bad93ddcb0_29, C4<0000000000000000>, C4<0000000000000000>, C4<0000000000000000>;
v000001bad93ddcb0_30 .array/port v000001bad93ddcb0, 30;
L_000001bad943dd60 .functor BUFZ 16, v000001bad93ddcb0_30, C4<0000000000000000>, C4<0000000000000000>, C4<0000000000000000>;
v000001bad93ddcb0_31 .array/port v000001bad93ddcb0, 31;
L_000001bad943dc10 .functor BUFZ 16, v000001bad93ddcb0_31, C4<0000000000000000>, C4<0000000000000000>, C4<0000000000000000>;
v000001bad93dc270_0 .array/port v000001bad93dc270, 0;
L_000001bad943ddd0 .functor BUFZ 16, v000001bad93dc270_0, C4<0000000000000000>, C4<0000000000000000>, C4<0000000000000000>;
v000001bad93dc270_1 .array/port v000001bad93dc270, 1;
L_000001bad943deb0 .functor BUFZ 16, v000001bad93dc270_1, C4<0000000000000000>, C4<0000000000000000>, C4<0000000000000000>;
v000001bad93dc270_2 .array/port v000001bad93dc270, 2;
L_000001bad943d970 .functor BUFZ 16, v000001bad93dc270_2, C4<0000000000000000>, C4<0000000000000000>, C4<0000000000000000>;
v000001bad93dc270_3 .array/port v000001bad93dc270, 3;
L_000001bad943d510 .functor BUFZ 16, v000001bad93dc270_3, C4<0000000000000000>, C4<0000000000000000>, C4<0000000000000000>;
v000001bad93dc270_4 .array/port v000001bad93dc270, 4;
L_000001bad943d820 .functor BUFZ 16, v000001bad93dc270_4, C4<0000000000000000>, C4<0000000000000000>, C4<0000000000000000>;
v000001bad93dc270_5 .array/port v000001bad93dc270, 5;
L_000001bad943db30 .functor BUFZ 16, v000001bad93dc270_5, C4<0000000000000000>, C4<0000000000000000>, C4<0000000000000000>;
v000001bad93dc270_6 .array/port v000001bad93dc270, 6;
L_000001bad943d2e0 .functor BUFZ 16, v000001bad93dc270_6, C4<0000000000000000>, C4<0000000000000000>, C4<0000000000000000>;
v000001bad93dc270_7 .array/port v000001bad93dc270, 7;
L_000001bad943d350 .functor BUFZ 16, v000001bad93dc270_7, C4<0000000000000000>, C4<0000000000000000>, C4<0000000000000000>;
v000001bad93dc270_8 .array/port v000001bad93dc270, 8;
L_000001bad943d740 .functor BUFZ 16, v000001bad93dc270_8, C4<0000000000000000>, C4<0000000000000000>, C4<0000000000000000>;
v000001bad93dc270_9 .array/port v000001bad93dc270, 9;
L_000001bad943d580 .functor BUFZ 16, v000001bad93dc270_9, C4<0000000000000000>, C4<0000000000000000>, C4<0000000000000000>;
v000001bad93dc270_10 .array/port v000001bad93dc270, 10;
L_000001bad943dac0 .functor BUFZ 16, v000001bad93dc270_10, C4<0000000000000000>, C4<0000000000000000>, C4<0000000000000000>;
v000001bad93dc270_11 .array/port v000001bad93dc270, 11;
L_000001bad943d7b0 .functor BUFZ 16, v000001bad93dc270_11, C4<0000000000000000>, C4<0000000000000000>, C4<0000000000000000>;
v000001bad93dc270_12 .array/port v000001bad93dc270, 12;
L_000001bad943dc80 .functor BUFZ 16, v000001bad93dc270_12, C4<0000000000000000>, C4<0000000000000000>, C4<0000000000000000>;
v000001bad93dc270_13 .array/port v000001bad93dc270, 13;
L_000001bad943de40 .functor BUFZ 16, v000001bad93dc270_13, C4<0000000000000000>, C4<0000000000000000>, C4<0000000000000000>;
v000001bad93dc270_14 .array/port v000001bad93dc270, 14;
L_000001bad943d5f0 .functor BUFZ 16, v000001bad93dc270_14, C4<0000000000000000>, C4<0000000000000000>, C4<0000000000000000>;
v000001bad93dc270_15 .array/port v000001bad93dc270, 15;
L_000001bad943d4a0 .functor BUFZ 16, v000001bad93dc270_15, C4<0000000000000000>, C4<0000000000000000>, C4<0000000000000000>;
v000001bad93dc270_16 .array/port v000001bad93dc270, 16;
L_000001bad943d430 .functor BUFZ 16, v000001bad93dc270_16, C4<0000000000000000>, C4<0000000000000000>, C4<0000000000000000>;
v000001bad93dc270_17 .array/port v000001bad93dc270, 17;
L_000001bad943df20 .functor BUFZ 16, v000001bad93dc270_17, C4<0000000000000000>, C4<0000000000000000>, C4<0000000000000000>;
v000001bad93dc270_18 .array/port v000001bad93dc270, 18;
L_000001bad943dcf0 .functor BUFZ 16, v000001bad93dc270_18, C4<0000000000000000>, C4<0000000000000000>, C4<0000000000000000>;
v000001bad93dc270_19 .array/port v000001bad93dc270, 19;
L_000001bad943d270 .functor BUFZ 16, v000001bad93dc270_19, C4<0000000000000000>, C4<0000000000000000>, C4<0000000000000000>;
v000001bad93dc270_20 .array/port v000001bad93dc270, 20;
L_000001bad943df90 .functor BUFZ 16, v000001bad93dc270_20, C4<0000000000000000>, C4<0000000000000000>, C4<0000000000000000>;
v000001bad93dc270_21 .array/port v000001bad93dc270, 21;
L_000001bad943d3c0 .functor BUFZ 16, v000001bad93dc270_21, C4<0000000000000000>, C4<0000000000000000>, C4<0000000000000000>;
v000001bad93dc270_22 .array/port v000001bad93dc270, 22;
L_000001bad943dba0 .functor BUFZ 16, v000001bad93dc270_22, C4<0000000000000000>, C4<0000000000000000>, C4<0000000000000000>;
v000001bad93dc270_23 .array/port v000001bad93dc270, 23;
L_000001bad943e070 .functor BUFZ 16, v000001bad93dc270_23, C4<0000000000000000>, C4<0000000000000000>, C4<0000000000000000>;
v000001bad93dc270_24 .array/port v000001bad93dc270, 24;
L_000001bad943d190 .functor BUFZ 16, v000001bad93dc270_24, C4<0000000000000000>, C4<0000000000000000>, C4<0000000000000000>;
v000001bad93dc270_25 .array/port v000001bad93dc270, 25;
L_000001bad943d200 .functor BUFZ 16, v000001bad93dc270_25, C4<0000000000000000>, C4<0000000000000000>, C4<0000000000000000>;
v000001bad93dc270_26 .array/port v000001bad93dc270, 26;
L_000001bad943d660 .functor BUFZ 16, v000001bad93dc270_26, C4<0000000000000000>, C4<0000000000000000>, C4<0000000000000000>;
v000001bad93dc270_27 .array/port v000001bad93dc270, 27;
L_000001bad943d6d0 .functor BUFZ 16, v000001bad93dc270_27, C4<0000000000000000>, C4<0000000000000000>, C4<0000000000000000>;
v000001bad93dc270_28 .array/port v000001bad93dc270, 28;
L_000001bad943d890 .functor BUFZ 16, v000001bad93dc270_28, C4<0000000000000000>, C4<0000000000000000>, C4<0000000000000000>;
v000001bad93dc270_29 .array/port v000001bad93dc270, 29;
L_000001bad943d900 .functor BUFZ 16, v000001bad93dc270_29, C4<0000000000000000>, C4<0000000000000000>, C4<0000000000000000>;
v000001bad93dc270_30 .array/port v000001bad93dc270, 30;
L_000001bad943d9e0 .functor BUFZ 16, v000001bad93dc270_30, C4<0000000000000000>, C4<0000000000000000>, C4<0000000000000000>;
v000001bad93dc270_31 .array/port v000001bad93dc270, 31;
L_000001bad943da50 .functor BUFZ 16, v000001bad93dc270_31, C4<0000000000000000>, C4<0000000000000000>, C4<0000000000000000>;
v000001bad93bdd00_0 .array/port v000001bad93bdd00, 0;
L_000001bad9440300 .functor BUFZ 16, v000001bad93bdd00_0, C4<0000000000000000>, C4<0000000000000000>, C4<0000000000000000>;
v000001bad93bdd00_1 .array/port v000001bad93bdd00, 1;
L_000001bad9440b50 .functor BUFZ 16, v000001bad93bdd00_1, C4<0000000000000000>, C4<0000000000000000>, C4<0000000000000000>;
v000001bad93bdd00_2 .array/port v000001bad93bdd00, 2;
L_000001bad94403e0 .functor BUFZ 16, v000001bad93bdd00_2, C4<0000000000000000>, C4<0000000000000000>, C4<0000000000000000>;
v000001bad93bdd00_3 .array/port v000001bad93bdd00, 3;
L_000001bad9440df0 .functor BUFZ 16, v000001bad93bdd00_3, C4<0000000000000000>, C4<0000000000000000>, C4<0000000000000000>;
v000001bad93bdd00_4 .array/port v000001bad93bdd00, 4;
L_000001bad94405a0 .functor BUFZ 16, v000001bad93bdd00_4, C4<0000000000000000>, C4<0000000000000000>, C4<0000000000000000>;
v000001bad93bdd00_5 .array/port v000001bad93bdd00, 5;
L_000001bad9440450 .functor BUFZ 16, v000001bad93bdd00_5, C4<0000000000000000>, C4<0000000000000000>, C4<0000000000000000>;
v000001bad93bdd00_6 .array/port v000001bad93bdd00, 6;
L_000001bad9440a00 .functor BUFZ 16, v000001bad93bdd00_6, C4<0000000000000000>, C4<0000000000000000>, C4<0000000000000000>;
v000001bad93bdd00_7 .array/port v000001bad93bdd00, 7;
L_000001bad9440e60 .functor BUFZ 16, v000001bad93bdd00_7, C4<0000000000000000>, C4<0000000000000000>, C4<0000000000000000>;
v000001bad93bdd00_8 .array/port v000001bad93bdd00, 8;
L_000001bad9440ae0 .functor BUFZ 16, v000001bad93bdd00_8, C4<0000000000000000>, C4<0000000000000000>, C4<0000000000000000>;
v000001bad93bdd00_9 .array/port v000001bad93bdd00, 9;
L_000001bad9440a70 .functor BUFZ 16, v000001bad93bdd00_9, C4<0000000000000000>, C4<0000000000000000>, C4<0000000000000000>;
v000001bad93bdd00_10 .array/port v000001bad93bdd00, 10;
L_000001bad9440ed0 .functor BUFZ 16, v000001bad93bdd00_10, C4<0000000000000000>, C4<0000000000000000>, C4<0000000000000000>;
v000001bad93bdd00_11 .array/port v000001bad93bdd00, 11;
L_000001bad9440f40 .functor BUFZ 16, v000001bad93bdd00_11, C4<0000000000000000>, C4<0000000000000000>, C4<0000000000000000>;
v000001bad93bdd00_12 .array/port v000001bad93bdd00, 12;
L_000001bad9440610 .functor BUFZ 16, v000001bad93bdd00_12, C4<0000000000000000>, C4<0000000000000000>, C4<0000000000000000>;
v000001bad93bdd00_13 .array/port v000001bad93bdd00, 13;
L_000001bad9440bc0 .functor BUFZ 16, v000001bad93bdd00_13, C4<0000000000000000>, C4<0000000000000000>, C4<0000000000000000>;
v000001bad93bdd00_14 .array/port v000001bad93bdd00, 14;
L_000001bad9440fb0 .functor BUFZ 16, v000001bad93bdd00_14, C4<0000000000000000>, C4<0000000000000000>, C4<0000000000000000>;
v000001bad93bdd00_15 .array/port v000001bad93bdd00, 15;
L_000001bad9441020 .functor BUFZ 16, v000001bad93bdd00_15, C4<0000000000000000>, C4<0000000000000000>, C4<0000000000000000>;
v000001bad93bdd00_16 .array/port v000001bad93bdd00, 16;
L_000001bad9440ca0 .functor BUFZ 16, v000001bad93bdd00_16, C4<0000000000000000>, C4<0000000000000000>, C4<0000000000000000>;
v000001bad93bdd00_17 .array/port v000001bad93bdd00, 17;
L_000001bad9440920 .functor BUFZ 16, v000001bad93bdd00_17, C4<0000000000000000>, C4<0000000000000000>, C4<0000000000000000>;
v000001bad93bdd00_18 .array/port v000001bad93bdd00, 18;
L_000001bad9440990 .functor BUFZ 16, v000001bad93bdd00_18, C4<0000000000000000>, C4<0000000000000000>, C4<0000000000000000>;
v000001bad93bdd00_19 .array/port v000001bad93bdd00, 19;
L_000001bad9440c30 .functor BUFZ 16, v000001bad93bdd00_19, C4<0000000000000000>, C4<0000000000000000>, C4<0000000000000000>;
v000001bad93bdd00_20 .array/port v000001bad93bdd00, 20;
L_000001bad9441090 .functor BUFZ 16, v000001bad93bdd00_20, C4<0000000000000000>, C4<0000000000000000>, C4<0000000000000000>;
v000001bad93bdd00_21 .array/port v000001bad93bdd00, 21;
L_000001bad9440d80 .functor BUFZ 16, v000001bad93bdd00_21, C4<0000000000000000>, C4<0000000000000000>, C4<0000000000000000>;
v000001bad93bdd00_22 .array/port v000001bad93bdd00, 22;
L_000001bad9440d10 .functor BUFZ 16, v000001bad93bdd00_22, C4<0000000000000000>, C4<0000000000000000>, C4<0000000000000000>;
v000001bad93bdd00_23 .array/port v000001bad93bdd00, 23;
L_000001bad94401b0 .functor BUFZ 16, v000001bad93bdd00_23, C4<0000000000000000>, C4<0000000000000000>, C4<0000000000000000>;
v000001bad93bdd00_24 .array/port v000001bad93bdd00, 24;
L_000001bad9440220 .functor BUFZ 16, v000001bad93bdd00_24, C4<0000000000000000>, C4<0000000000000000>, C4<0000000000000000>;
v000001bad93bdd00_25 .array/port v000001bad93bdd00, 25;
L_000001bad9440290 .functor BUFZ 16, v000001bad93bdd00_25, C4<0000000000000000>, C4<0000000000000000>, C4<0000000000000000>;
v000001bad93bdd00_26 .array/port v000001bad93bdd00, 26;
L_000001bad9440370 .functor BUFZ 16, v000001bad93bdd00_26, C4<0000000000000000>, C4<0000000000000000>, C4<0000000000000000>;
v000001bad93bdd00_27 .array/port v000001bad93bdd00, 27;
L_000001bad94406f0 .functor BUFZ 16, v000001bad93bdd00_27, C4<0000000000000000>, C4<0000000000000000>, C4<0000000000000000>;
v000001bad93bdd00_28 .array/port v000001bad93bdd00, 28;
L_000001bad94404c0 .functor BUFZ 16, v000001bad93bdd00_28, C4<0000000000000000>, C4<0000000000000000>, C4<0000000000000000>;
v000001bad93bdd00_29 .array/port v000001bad93bdd00, 29;
L_000001bad9440530 .functor BUFZ 16, v000001bad93bdd00_29, C4<0000000000000000>, C4<0000000000000000>, C4<0000000000000000>;
v000001bad93bdd00_30 .array/port v000001bad93bdd00, 30;
L_000001bad9440680 .functor BUFZ 16, v000001bad93bdd00_30, C4<0000000000000000>, C4<0000000000000000>, C4<0000000000000000>;
v000001bad93bdd00_31 .array/port v000001bad93bdd00, 31;
L_000001bad9440760 .functor BUFZ 16, v000001bad93bdd00_31, C4<0000000000000000>, C4<0000000000000000>, C4<0000000000000000>;
v000001bad93bc0e0_0 .array/port v000001bad93bc0e0, 0;
L_000001bad94408b0 .functor BUFZ 16, v000001bad93bc0e0_0, C4<0000000000000000>, C4<0000000000000000>, C4<0000000000000000>;
v000001bad93bc0e0_1 .array/port v000001bad93bc0e0, 1;
L_000001bad94407d0 .functor BUFZ 16, v000001bad93bc0e0_1, C4<0000000000000000>, C4<0000000000000000>, C4<0000000000000000>;
v000001bad93bc0e0_2 .array/port v000001bad93bc0e0, 2;
L_000001bad9440840 .functor BUFZ 16, v000001bad93bc0e0_2, C4<0000000000000000>, C4<0000000000000000>, C4<0000000000000000>;
v000001bad93bc0e0_3 .array/port v000001bad93bc0e0, 3;
L_000001bad9441500 .functor BUFZ 16, v000001bad93bc0e0_3, C4<0000000000000000>, C4<0000000000000000>, C4<0000000000000000>;
v000001bad93bc0e0_4 .array/port v000001bad93bc0e0, 4;
L_000001bad94420d0 .functor BUFZ 16, v000001bad93bc0e0_4, C4<0000000000000000>, C4<0000000000000000>, C4<0000000000000000>;
v000001bad93bc0e0_5 .array/port v000001bad93bc0e0, 5;
L_000001bad9441e30 .functor BUFZ 16, v000001bad93bc0e0_5, C4<0000000000000000>, C4<0000000000000000>, C4<0000000000000000>;
v000001bad93bc0e0_6 .array/port v000001bad93bc0e0, 6;
L_000001bad94415e0 .functor BUFZ 16, v000001bad93bc0e0_6, C4<0000000000000000>, C4<0000000000000000>, C4<0000000000000000>;
v000001bad93bc0e0_7 .array/port v000001bad93bc0e0, 7;
L_000001bad9442060 .functor BUFZ 16, v000001bad93bc0e0_7, C4<0000000000000000>, C4<0000000000000000>, C4<0000000000000000>;
v000001bad93bc0e0_8 .array/port v000001bad93bc0e0, 8;
L_000001bad9442140 .functor BUFZ 16, v000001bad93bc0e0_8, C4<0000000000000000>, C4<0000000000000000>, C4<0000000000000000>;
v000001bad93bc0e0_9 .array/port v000001bad93bc0e0, 9;
L_000001bad9441650 .functor BUFZ 16, v000001bad93bc0e0_9, C4<0000000000000000>, C4<0000000000000000>, C4<0000000000000000>;
v000001bad93bc0e0_10 .array/port v000001bad93bc0e0, 10;
L_000001bad9441a40 .functor BUFZ 16, v000001bad93bc0e0_10, C4<0000000000000000>, C4<0000000000000000>, C4<0000000000000000>;
v000001bad93bc0e0_11 .array/port v000001bad93bc0e0, 11;
L_000001bad9441960 .functor BUFZ 16, v000001bad93bc0e0_11, C4<0000000000000000>, C4<0000000000000000>, C4<0000000000000000>;
v000001bad93bc0e0_12 .array/port v000001bad93bc0e0, 12;
L_000001bad94416c0 .functor BUFZ 16, v000001bad93bc0e0_12, C4<0000000000000000>, C4<0000000000000000>, C4<0000000000000000>;
v000001bad93bc0e0_13 .array/port v000001bad93bc0e0, 13;
L_000001bad9441570 .functor BUFZ 16, v000001bad93bc0e0_13, C4<0000000000000000>, C4<0000000000000000>, C4<0000000000000000>;
v000001bad93bc0e0_14 .array/port v000001bad93bc0e0, 14;
L_000001bad9442290 .functor BUFZ 16, v000001bad93bc0e0_14, C4<0000000000000000>, C4<0000000000000000>, C4<0000000000000000>;
v000001bad93bc0e0_15 .array/port v000001bad93bc0e0, 15;
L_000001bad9441ff0 .functor BUFZ 16, v000001bad93bc0e0_15, C4<0000000000000000>, C4<0000000000000000>, C4<0000000000000000>;
v000001bad93bc0e0_16 .array/port v000001bad93bc0e0, 16;
L_000001bad94417a0 .functor BUFZ 16, v000001bad93bc0e0_16, C4<0000000000000000>, C4<0000000000000000>, C4<0000000000000000>;
v000001bad93bc0e0_17 .array/port v000001bad93bc0e0, 17;
L_000001bad9442220 .functor BUFZ 16, v000001bad93bc0e0_17, C4<0000000000000000>, C4<0000000000000000>, C4<0000000000000000>;
v000001bad93bc0e0_18 .array/port v000001bad93bc0e0, 18;
L_000001bad9442300 .functor BUFZ 16, v000001bad93bc0e0_18, C4<0000000000000000>, C4<0000000000000000>, C4<0000000000000000>;
v000001bad93bc0e0_19 .array/port v000001bad93bc0e0, 19;
L_000001bad9441810 .functor BUFZ 16, v000001bad93bc0e0_19, C4<0000000000000000>, C4<0000000000000000>, C4<0000000000000000>;
v000001bad93bc0e0_20 .array/port v000001bad93bc0e0, 20;
L_000001bad9441c00 .functor BUFZ 16, v000001bad93bc0e0_20, C4<0000000000000000>, C4<0000000000000000>, C4<0000000000000000>;
v000001bad93bc0e0_21 .array/port v000001bad93bc0e0, 21;
L_000001bad9441b20 .functor BUFZ 16, v000001bad93bc0e0_21, C4<0000000000000000>, C4<0000000000000000>, C4<0000000000000000>;
v000001bad93bc0e0_22 .array/port v000001bad93bc0e0, 22;
L_000001bad9441730 .functor BUFZ 16, v000001bad93bc0e0_22, C4<0000000000000000>, C4<0000000000000000>, C4<0000000000000000>;
v000001bad93bc0e0_23 .array/port v000001bad93bc0e0, 23;
L_000001bad94419d0 .functor BUFZ 16, v000001bad93bc0e0_23, C4<0000000000000000>, C4<0000000000000000>, C4<0000000000000000>;
v000001bad93bc0e0_24 .array/port v000001bad93bc0e0, 24;
L_000001bad9441880 .functor BUFZ 16, v000001bad93bc0e0_24, C4<0000000000000000>, C4<0000000000000000>, C4<0000000000000000>;
v000001bad93bc0e0_25 .array/port v000001bad93bc0e0, 25;
L_000001bad94418f0 .functor BUFZ 16, v000001bad93bc0e0_25, C4<0000000000000000>, C4<0000000000000000>, C4<0000000000000000>;
v000001bad93bc0e0_26 .array/port v000001bad93bc0e0, 26;
L_000001bad9441ce0 .functor BUFZ 16, v000001bad93bc0e0_26, C4<0000000000000000>, C4<0000000000000000>, C4<0000000000000000>;
v000001bad93bc0e0_27 .array/port v000001bad93bc0e0, 27;
L_000001bad9441ab0 .functor BUFZ 16, v000001bad93bc0e0_27, C4<0000000000000000>, C4<0000000000000000>, C4<0000000000000000>;
v000001bad93bc0e0_28 .array/port v000001bad93bc0e0, 28;
L_000001bad94423e0 .functor BUFZ 16, v000001bad93bc0e0_28, C4<0000000000000000>, C4<0000000000000000>, C4<0000000000000000>;
v000001bad93bc0e0_29 .array/port v000001bad93bc0e0, 29;
L_000001bad9441b90 .functor BUFZ 16, v000001bad93bc0e0_29, C4<0000000000000000>, C4<0000000000000000>, C4<0000000000000000>;
v000001bad93bc0e0_30 .array/port v000001bad93bc0e0, 30;
L_000001bad9442370 .functor BUFZ 16, v000001bad93bc0e0_30, C4<0000000000000000>, C4<0000000000000000>, C4<0000000000000000>;
v000001bad93bc0e0_31 .array/port v000001bad93bc0e0, 31;
L_000001bad9441c70 .functor BUFZ 16, v000001bad93bc0e0_31, C4<0000000000000000>, C4<0000000000000000>, C4<0000000000000000>;
v000001bad93bd080_0 .net *"_ivl_0", 15 0, L_000001bad93dd210;  1 drivers
v000001bad93bd300_0 .net *"_ivl_10", 11 0, L_000001bad93dd7b0;  1 drivers
L_000001bad93df150 .functor BUFT 1, C4<00>, C4<0>, C4<0>, C4<0>;
v000001bad93bc9a0_0 .net *"_ivl_13", 1 0, L_000001bad93df150;  1 drivers
v000001bad93bdee0_0 .net *"_ivl_2", 11 0, L_000001bad93dcb30;  1 drivers
L_000001bad93df108 .functor BUFT 1, C4<00>, C4<0>, C4<0>, C4<0>;
v000001bad93bc180_0 .net *"_ivl_5", 1 0, L_000001bad93df108;  1 drivers
v000001bad93bcae0_0 .net *"_ivl_8", 15 0, L_000001bad93dcef0;  1 drivers
v000001bad93ddd50 .array/s "buf_im", 1023 0, 15 0;
v000001bad93dd350 .array/s "buf_re", 1023 0, 15 0;
v000001bad93dd490_0 .net "clk", 0 0, v000001bad93ddfd0_0;  1 drivers
v000001bad93dc590_0 .var "done", 0 0;
v000001bad93dd8f0_0 .net "fft_done", 0 0, v000001bad93bc2c0_0;  1 drivers
v000001bad93dc270 .array/s "fft_in_im", 31 0, 15 0;
v000001bad93ddcb0 .array/s "fft_in_re", 31 0, 15 0;
v000001bad93dddf0 .array "fft_out_im", 31 0;
v000001bad93dddf0_0 .net/s v000001bad93dddf0 0, 15 0, L_000001bad94408b0; 1 drivers
v000001bad93dddf0_1 .net/s v000001bad93dddf0 1, 15 0, L_000001bad94407d0; 1 drivers
v000001bad93dddf0_2 .net/s v000001bad93dddf0 2, 15 0, L_000001bad9440840; 1 drivers
v000001bad93dddf0_3 .net/s v000001bad93dddf0 3, 15 0, L_000001bad9441500; 1 drivers
v000001bad93dddf0_4 .net/s v000001bad93dddf0 4, 15 0, L_000001bad94420d0; 1 drivers
v000001bad93dddf0_5 .net/s v000001bad93dddf0 5, 15 0, L_000001bad9441e30; 1 drivers
v000001bad93dddf0_6 .net/s v000001bad93dddf0 6, 15 0, L_000001bad94415e0; 1 drivers
v000001bad93dddf0_7 .net/s v000001bad93dddf0 7, 15 0, L_000001bad9442060; 1 drivers
v000001bad93dddf0_8 .net/s v000001bad93dddf0 8, 15 0, L_000001bad9442140; 1 drivers
v000001bad93dddf0_9 .net/s v000001bad93dddf0 9, 15 0, L_000001bad9441650; 1 drivers
v000001bad93dddf0_10 .net/s v000001bad93dddf0 10, 15 0, L_000001bad9441a40; 1 drivers
v000001bad93dddf0_11 .net/s v000001bad93dddf0 11, 15 0, L_000001bad9441960; 1 drivers
v000001bad93dddf0_12 .net/s v000001bad93dddf0 12, 15 0, L_000001bad94416c0; 1 drivers
v000001bad93dddf0_13 .net/s v000001bad93dddf0 13, 15 0, L_000001bad9441570; 1 drivers
v000001bad93dddf0_14 .net/s v000001bad93dddf0 14, 15 0, L_000001bad9442290; 1 drivers
v000001bad93dddf0_15 .net/s v000001bad93dddf0 15, 15 0, L_000001bad9441ff0; 1 drivers
v000001bad93dddf0_16 .net/s v000001bad93dddf0 16, 15 0, L_000001bad94417a0; 1 drivers
v000001bad93dddf0_17 .net/s v000001bad93dddf0 17, 15 0, L_000001bad9442220; 1 drivers
v000001bad93dddf0_18 .net/s v000001bad93dddf0 18, 15 0, L_000001bad9442300; 1 drivers
v000001bad93dddf0_19 .net/s v000001bad93dddf0 19, 15 0, L_000001bad9441810; 1 drivers
v000001bad93dddf0_20 .net/s v000001bad93dddf0 20, 15 0, L_000001bad9441c00; 1 drivers
v000001bad93dddf0_21 .net/s v000001bad93dddf0 21, 15 0, L_000001bad9441b20; 1 drivers
v000001bad93dddf0_22 .net/s v000001bad93dddf0 22, 15 0, L_000001bad9441730; 1 drivers
v000001bad93dddf0_23 .net/s v000001bad93dddf0 23, 15 0, L_000001bad94419d0; 1 drivers
v000001bad93dddf0_24 .net/s v000001bad93dddf0 24, 15 0, L_000001bad9441880; 1 drivers
v000001bad93dddf0_25 .net/s v000001bad93dddf0 25, 15 0, L_000001bad94418f0; 1 drivers
v000001bad93dddf0_26 .net/s v000001bad93dddf0 26, 15 0, L_000001bad9441ce0; 1 drivers
v000001bad93dddf0_27 .net/s v000001bad93dddf0 27, 15 0, L_000001bad9441ab0; 1 drivers
v000001bad93dddf0_28 .net/s v000001bad93dddf0 28, 15 0, L_000001bad94423e0; 1 drivers
v000001bad93dddf0_29 .net/s v000001bad93dddf0 29, 15 0, L_000001bad9441b90; 1 drivers
v000001bad93dddf0_30 .net/s v000001bad93dddf0 30, 15 0, L_000001bad9442370; 1 drivers
v000001bad93dddf0_31 .net/s v000001bad93dddf0 31, 15 0, L_000001bad9441c70; 1 drivers
v000001bad93dc1d0 .array "fft_out_re", 31 0;
v000001bad93dc1d0_0 .net/s v000001bad93dc1d0 0, 15 0, L_000001bad9440300; 1 drivers
v000001bad93dc1d0_1 .net/s v000001bad93dc1d0 1, 15 0, L_000001bad9440b50; 1 drivers
v000001bad93dc1d0_2 .net/s v000001bad93dc1d0 2, 15 0, L_000001bad94403e0; 1 drivers
v000001bad93dc1d0_3 .net/s v000001bad93dc1d0 3, 15 0, L_000001bad9440df0; 1 drivers
v000001bad93dc1d0_4 .net/s v000001bad93dc1d0 4, 15 0, L_000001bad94405a0; 1 drivers
v000001bad93dc1d0_5 .net/s v000001bad93dc1d0 5, 15 0, L_000001bad9440450; 1 drivers
v000001bad93dc1d0_6 .net/s v000001bad93dc1d0 6, 15 0, L_000001bad9440a00; 1 drivers
v000001bad93dc1d0_7 .net/s v000001bad93dc1d0 7, 15 0, L_000001bad9440e60; 1 drivers
v000001bad93dc1d0_8 .net/s v000001bad93dc1d0 8, 15 0, L_000001bad9440ae0; 1 drivers
v000001bad93dc1d0_9 .net/s v000001bad93dc1d0 9, 15 0, L_000001bad9440a70; 1 drivers
v000001bad93dc1d0_10 .net/s v000001bad93dc1d0 10, 15 0, L_000001bad9440ed0; 1 drivers
v000001bad93dc1d0_11 .net/s v000001bad93dc1d0 11, 15 0, L_000001bad9440f40; 1 drivers
v000001bad93dc1d0_12 .net/s v000001bad93dc1d0 12, 15 0, L_000001bad9440610; 1 drivers
v000001bad93dc1d0_13 .net/s v000001bad93dc1d0 13, 15 0, L_000001bad9440bc0; 1 drivers
v000001bad93dc1d0_14 .net/s v000001bad93dc1d0 14, 15 0, L_000001bad9440fb0; 1 drivers
v000001bad93dc1d0_15 .net/s v000001bad93dc1d0 15, 15 0, L_000001bad9441020; 1 drivers
v000001bad93dc1d0_16 .net/s v000001bad93dc1d0 16, 15 0, L_000001bad9440ca0; 1 drivers
v000001bad93dc1d0_17 .net/s v000001bad93dc1d0 17, 15 0, L_000001bad9440920; 1 drivers
v000001bad93dc1d0_18 .net/s v000001bad93dc1d0 18, 15 0, L_000001bad9440990; 1 drivers
v000001bad93dc1d0_19 .net/s v000001bad93dc1d0 19, 15 0, L_000001bad9440c30; 1 drivers
v000001bad93dc1d0_20 .net/s v000001bad93dc1d0 20, 15 0, L_000001bad9441090; 1 drivers
v000001bad93dc1d0_21 .net/s v000001bad93dc1d0 21, 15 0, L_000001bad9440d80; 1 drivers
v000001bad93dc1d0_22 .net/s v000001bad93dc1d0 22, 15 0, L_000001bad9440d10; 1 drivers
v000001bad93dc1d0_23 .net/s v000001bad93dc1d0 23, 15 0, L_000001bad94401b0; 1 drivers
v000001bad93dc1d0_24 .net/s v000001bad93dc1d0 24, 15 0, L_000001bad9440220; 1 drivers
v000001bad93dc1d0_25 .net/s v000001bad93dc1d0 25, 15 0, L_000001bad9440290; 1 drivers
v000001bad93dc1d0_26 .net/s v000001bad93dc1d0 26, 15 0, L_000001bad9440370; 1 drivers
v000001bad93dc1d0_27 .net/s v000001bad93dc1d0 27, 15 0, L_000001bad94406f0; 1 drivers
v000001bad93dc1d0_28 .net/s v000001bad93dc1d0 28, 15 0, L_000001bad94404c0; 1 drivers
v000001bad93dc1d0_29 .net/s v000001bad93dc1d0 29, 15 0, L_000001bad9440530; 1 drivers
v000001bad93dc1d0_30 .net/s v000001bad93dc1d0 30, 15 0, L_000001bad9440680; 1 drivers
v000001bad93dc1d0_31 .net/s v000001bad93dc1d0 31, 15 0, L_000001bad9440760; 1 drivers
v000001bad93dde90_0 .var "fft_start", 0 0;
v000001bad93dc3b0_0 .var/i "i", 31 0;
v000001bad93ddad0_0 .var "line_idx", 4 0;
v000001bad93dc310_0 .net "rd_addr", 9 0, v000001bad93dc4f0_0;  1 drivers
v000001bad93dc9f0_0 .net/s "rd_data_im", 15 0, L_000001bad93785c0;  alias, 1 drivers
v000001bad93ddf30_0 .net/s "rd_data_re", 15 0, L_000001bad9377c20;  alias, 1 drivers
v000001bad93dd530_0 .net "rst_n", 0 0, v000001bad93dda30_0;  1 drivers
v000001bad93dc950_0 .net "start", 0 0, v000001bad93dcf90_0;  1 drivers
v000001bad93dc630_0 .var "state", 2 0;
v000001bad93dd990_0 .net "wr_addr", 9 0, v000001bad93dc6d0_0;  1 drivers
v000001bad93dc770_0 .net/s "wr_data_im", 15 0, v000001bad93dc810_0;  1 drivers
v000001bad93dc450_0 .net/s "wr_data_re", 15 0, v000001bad93dc8b0_0;  1 drivers
v000001bad93dd5d0_0 .net "wr_en", 0 0, v000001bad93dca90_0;  1 drivers
L_000001bad93dd210 .array/port v000001bad93dd350, L_000001bad93dcb30;
L_000001bad93dcb30 .concat [ 10 2 0 0], v000001bad93dc4f0_0, L_000001bad93df108;
L_000001bad93dcef0 .array/port v000001bad93ddd50, L_000001bad93dd7b0;
L_000001bad93dd7b0 .concat [ 10 2 0 0], v000001bad93dc4f0_0, L_000001bad93df150;
S_000001bad933ffd0 .scope module, "u_fft1d" "fft1d_32" 4 61, 5 7 0, S_000001bad930b380;
 .timescale -9 -12;
    .port_info 0 /INPUT 1 "clk";
    .port_info 1 /INPUT 1 "rst_n";
    .port_info 2 /INPUT 1 "start";
    .port_info 3 /INPUT 512 "in_re";
    .port_info 4 /INPUT 512 "in_im";
    .port_info 5 /OUTPUT 512 "out_re";
    .port_info 6 /OUTPUT 512 "out_im";
    .port_info 7 /OUTPUT 1 "done";
P_000001bad9340160 .param/l "DATA_WIDTH" 0 5 9, +C4<00000000000000000000000000010000>;
P_000001bad9340198 .param/l "FRAC" 0 5 10, +C4<00000000000000000000000000001000>;
P_000001bad93401d0 .param/l "N" 0 5 8, +C4<00000000000000000000000000100000>;
P_000001bad9340208 .param/l "SCALE_EN" 0 5 11, +C4<00000000000000000000000000000000>;
P_000001bad9340240 .param/l "S_BITREV" 1 5 25, C4<001>;
P_000001bad9340278 .param/l "S_DONE" 1 5 28, C4<100>;
P_000001bad93402b0 .param/l "S_IDLE" 1 5 24, C4<000>;
P_000001bad93402e8 .param/l "S_OUTPUT" 1 5 27, C4<011>;
P_000001bad9340320 .param/l "S_STAGE" 1 5 26, C4<010>;
L_000001bad9378780 .functor AND 4, v000001bad93bda80_0, L_000001bad93dcdb0, C4<1111>, C4<1111>;
L_000001bad93df198 .functor BUFT 1, C4<00001>, C4<0>, C4<0>, C4<0>;
v000001bad9375ea0_0 .net/2u *"_ivl_0", 4 0, L_000001bad93df198;  1 drivers
L_000001bad93df270 .functor BUFT 1, C4<00000000000000000000000000000001>, C4<0>, C4<0>, C4<0>;
v000001bad93768a0_0 .net/2u *"_ivl_10", 31 0, L_000001bad93df270;  1 drivers
v000001bad9377480_0 .net *"_ivl_12", 31 0, L_000001bad93dcc70;  1 drivers
v000001bad9376a80_0 .net *"_ivl_19", 3 0, L_000001bad93dcd10;  1 drivers
L_000001bad93df2b8 .functor BUFT 1, C4<0001>, C4<0>, C4<0>, C4<0>;
v000001bad9375d60_0 .net/2u *"_ivl_20", 3 0, L_000001bad93df2b8;  1 drivers
v000001bad9375e00_0 .net *"_ivl_22", 3 0, L_000001bad93dcdb0;  1 drivers
v000001bad9355540_0 .net *"_ivl_26", 4 0, L_000001bad93dce50;  1 drivers
L_000001bad93df300 .functor BUFT 1, C4<0>, C4<0>, C4<0>, C4<0>;
v000001bad93bd8a0_0 .net *"_ivl_29", 0 0, L_000001bad93df300;  1 drivers
v000001bad93bc680_0 .net *"_ivl_31", 4 0, L_000001bad93dd030;  1 drivers
v000001bad93bc4a0_0 .net *"_ivl_32", 4 0, L_000001bad93dd0d0;  1 drivers
L_000001bad93df348 .functor BUFT 1, C4<0>, C4<0>, C4<0>, C4<0>;
v000001bad93bd940_0 .net *"_ivl_35", 0 0, L_000001bad93df348;  1 drivers
L_000001bad93df1e0 .functor BUFT 1, C4<00001>, C4<0>, C4<0>, C4<0>;
v000001bad93bd760_0 .net/2u *"_ivl_4", 4 0, L_000001bad93df1e0;  1 drivers
L_000001bad93df390 .functor BUFT 1, C4<100>, C4<0>, C4<0>, C4<0>;
v000001bad93bd260_0 .net/2u *"_ivl_40", 2 0, L_000001bad93df390;  1 drivers
v000001bad93bc720_0 .net *"_ivl_42", 2 0, L_000001bad943b400;  1 drivers
v000001bad93bdbc0_0 .net *"_ivl_48", 6 0, L_000001bad943c120;  1 drivers
L_000001bad93df4f8 .functor BUFT 1, C4<00>, C4<0>, C4<0>, C4<0>;
v000001bad93bd3a0_0 .net *"_ivl_51", 1 0, L_000001bad93df4f8;  1 drivers
v000001bad93bd440_0 .net *"_ivl_54", 6 0, L_000001bad943b720;  1 drivers
L_000001bad93df540 .functor BUFT 1, C4<00>, C4<0>, C4<0>, C4<0>;
v000001bad93bc220_0 .net *"_ivl_57", 1 0, L_000001bad93df540;  1 drivers
v000001bad93bc040_0 .net *"_ivl_6", 31 0, L_000001bad93ddb70;  1 drivers
v000001bad93bcf40_0 .net *"_ivl_60", 6 0, L_000001bad943c4e0;  1 drivers
L_000001bad93df588 .functor BUFT 1, C4<00>, C4<0>, C4<0>, C4<0>;
v000001bad93bccc0_0 .net *"_ivl_63", 1 0, L_000001bad93df588;  1 drivers
v000001bad93bdc60_0 .net *"_ivl_66", 6 0, L_000001bad943cda0;  1 drivers
L_000001bad93df5d0 .functor BUFT 1, C4<00>, C4<0>, C4<0>, C4<0>;
v000001bad93bcb80_0 .net *"_ivl_69", 1 0, L_000001bad93df5d0;  1 drivers
L_000001bad93df228 .functor BUFT 1, C4<00000000000000000000000000000>, C4<0>, C4<0>, C4<0>;
v000001bad93bd580_0 .net *"_ivl_9", 28 0, L_000001bad93df228;  1 drivers
v000001bad93bcd60_0 .net/s "bf_out_im_a", 15 0, L_000001bad943cd00;  1 drivers
v000001bad93bcc20_0 .net/s "bf_out_im_b", 15 0, L_000001bad943b540;  1 drivers
v000001bad93bce00_0 .net/s "bf_out_re_a", 15 0, L_000001bad943b9a0;  1 drivers
v000001bad93bcea0_0 .net/s "bf_out_re_b", 15 0, L_000001bad943c8a0;  1 drivers
v000001bad93bda80_0 .var "bfly_cnt", 3 0;
v000001bad93bcfe0_0 .net "bfly_in_grp", 3 0, L_000001bad9378780;  1 drivers
v000001bad93bdb20 .array/s "buf_im", 31 0, 15 0;
v000001bad93bd620 .array/s "buf_re", 31 0, 15 0;
v000001bad93bc900_0 .net "clk", 0 0, v000001bad93ddfd0_0;  alias, 1 drivers
v000001bad93bc2c0_0 .var "done", 0 0;
v000001bad93bc400_0 .net "group", 4 0, L_000001bad93ddc10;  1 drivers
v000001bad93bc7c0_0 .net "grp_idx", 3 0, L_000001bad93dd2b0;  1 drivers
v000001bad93bc860_0 .net "half", 4 0, L_000001bad93dcbd0;  1 drivers
v000001bad93bd9e0_0 .var/i "i", 31 0;
v000001bad93bd4e0_0 .net "idx_a", 4 0, L_000001bad93dd170;  1 drivers
v000001bad93bd1c0_0 .net "idx_b", 4 0, L_000001bad93dd850;  1 drivers
v000001bad93bc540 .array "in_im", 31 0;
v000001bad93bc540_0 .net/s v000001bad93bc540 0, 15 0, L_000001bad943ddd0; 1 drivers
v000001bad93bc540_1 .net/s v000001bad93bc540 1, 15 0, L_000001bad943deb0; 1 drivers
v000001bad93bc540_2 .net/s v000001bad93bc540 2, 15 0, L_000001bad943d970; 1 drivers
v000001bad93bc540_3 .net/s v000001bad93bc540 3, 15 0, L_000001bad943d510; 1 drivers
v000001bad93bc540_4 .net/s v000001bad93bc540 4, 15 0, L_000001bad943d820; 1 drivers
v000001bad93bc540_5 .net/s v000001bad93bc540 5, 15 0, L_000001bad943db30; 1 drivers
v000001bad93bc540_6 .net/s v000001bad93bc540 6, 15 0, L_000001bad943d2e0; 1 drivers
v000001bad93bc540_7 .net/s v000001bad93bc540 7, 15 0, L_000001bad943d350; 1 drivers
v000001bad93bc540_8 .net/s v000001bad93bc540 8, 15 0, L_000001bad943d740; 1 drivers
v000001bad93bc540_9 .net/s v000001bad93bc540 9, 15 0, L_000001bad943d580; 1 drivers
v000001bad93bc540_10 .net/s v000001bad93bc540 10, 15 0, L_000001bad943dac0; 1 drivers
v000001bad93bc540_11 .net/s v000001bad93bc540 11, 15 0, L_000001bad943d7b0; 1 drivers
v000001bad93bc540_12 .net/s v000001bad93bc540 12, 15 0, L_000001bad943dc80; 1 drivers
v000001bad93bc540_13 .net/s v000001bad93bc540 13, 15 0, L_000001bad943de40; 1 drivers
v000001bad93bc540_14 .net/s v000001bad93bc540 14, 15 0, L_000001bad943d5f0; 1 drivers
v000001bad93bc540_15 .net/s v000001bad93bc540 15, 15 0, L_000001bad943d4a0; 1 drivers
v000001bad93bc540_16 .net/s v000001bad93bc540 16, 15 0, L_000001bad943d430; 1 drivers
v000001bad93bc540_17 .net/s v000001bad93bc540 17, 15 0, L_000001bad943df20; 1 drivers
v000001bad93bc540_18 .net/s v000001bad93bc540 18, 15 0, L_000001bad943dcf0; 1 drivers
v000001bad93bc540_19 .net/s v000001bad93bc540 19, 15 0, L_000001bad943d270; 1 drivers
v000001bad93bc540_20 .net/s v000001bad93bc540 20, 15 0, L_000001bad943df90; 1 drivers
v000001bad93bc540_21 .net/s v000001bad93bc540 21, 15 0, L_000001bad943d3c0; 1 drivers
v000001bad93bc540_22 .net/s v000001bad93bc540 22, 15 0, L_000001bad943dba0; 1 drivers
v000001bad93bc540_23 .net/s v000001bad93bc540 23, 15 0, L_000001bad943e070; 1 drivers
v000001bad93bc540_24 .net/s v000001bad93bc540 24, 15 0, L_000001bad943d190; 1 drivers
v000001bad93bc540_25 .net/s v000001bad93bc540 25, 15 0, L_000001bad943d200; 1 drivers
v000001bad93bc540_26 .net/s v000001bad93bc540 26, 15 0, L_000001bad943d660; 1 drivers
v000001bad93bc540_27 .net/s v000001bad93bc540 27, 15 0, L_000001bad943d6d0; 1 drivers
v000001bad93bc540_28 .net/s v000001bad93bc540 28, 15 0, L_000001bad943d890; 1 drivers
v000001bad93bc540_29 .net/s v000001bad93bc540 29, 15 0, L_000001bad943d900; 1 drivers
v000001bad93bc540_30 .net/s v000001bad93bc540 30, 15 0, L_000001bad943d9e0; 1 drivers
v000001bad93bc540_31 .net/s v000001bad93bc540 31, 15 0, L_000001bad943da50; 1 drivers
v000001bad93bd120 .array "in_re", 31 0;
v000001bad93bd120_0 .net/s v000001bad93bd120 0, 15 0, L_000001bad93789b0; 1 drivers
v000001bad93bd120_1 .net/s v000001bad93bd120 1, 15 0, L_000001bad9378630; 1 drivers
v000001bad93bd120_2 .net/s v000001bad93bd120 2, 15 0, L_000001bad9378940; 1 drivers
v000001bad93bd120_3 .net/s v000001bad93bd120 3, 15 0, L_000001bad9378390; 1 drivers
v000001bad93bd120_4 .net/s v000001bad93bd120 4, 15 0, L_000001bad9377d70; 1 drivers
v000001bad93bd120_5 .net/s v000001bad93bd120 5, 15 0, L_000001bad9378a20; 1 drivers
v000001bad93bd120_6 .net/s v000001bad93bd120 6, 15 0, L_000001bad9378160; 1 drivers
v000001bad93bd120_7 .net/s v000001bad93bd120 7, 15 0, L_000001bad93786a0; 1 drivers
v000001bad93bd120_8 .net/s v000001bad93bd120 8, 15 0, L_000001bad9378320; 1 drivers
v000001bad93bd120_9 .net/s v000001bad93bd120 9, 15 0, L_000001bad93788d0; 1 drivers
v000001bad93bd120_10 .net/s v000001bad93bd120 10, 15 0, L_000001bad9378710; 1 drivers
v000001bad93bd120_11 .net/s v000001bad93bd120 11, 15 0, L_000001bad9378470; 1 drivers
v000001bad93bd120_12 .net/s v000001bad93bd120 12, 15 0, L_000001bad9377e50; 1 drivers
v000001bad93bd120_13 .net/s v000001bad93bd120 13, 15 0, L_000001bad93787f0; 1 drivers
v000001bad93bd120_14 .net/s v000001bad93bd120 14, 15 0, L_000001bad9377de0; 1 drivers
v000001bad93bd120_15 .net/s v000001bad93bd120 15, 15 0, L_000001bad9377fa0; 1 drivers
v000001bad93bd120_16 .net/s v000001bad93bd120 16, 15 0, L_000001bad9377ec0; 1 drivers
v000001bad93bd120_17 .net/s v000001bad93bd120 17, 15 0, L_000001bad93784e0; 1 drivers
v000001bad93bd120_18 .net/s v000001bad93bd120 18, 15 0, L_000001bad9377f30; 1 drivers
v000001bad93bd120_19 .net/s v000001bad93bd120 19, 15 0, L_000001bad9378860; 1 drivers
v000001bad93bd120_20 .net/s v000001bad93bd120 20, 15 0, L_000001bad9377bb0; 1 drivers
v000001bad93bd120_21 .net/s v000001bad93bd120 21, 15 0, L_000001bad9378010; 1 drivers
v000001bad93bd120_22 .net/s v000001bad93bd120 22, 15 0, L_000001bad9378080; 1 drivers
v000001bad93bd120_23 .net/s v000001bad93bd120 23, 15 0, L_000001bad93780f0; 1 drivers
v000001bad93bd120_24 .net/s v000001bad93bd120 24, 15 0, L_000001bad93781d0; 1 drivers
v000001bad93bd120_25 .net/s v000001bad93bd120 25, 15 0, L_000001bad9378240; 1 drivers
v000001bad93bd120_26 .net/s v000001bad93bd120 26, 15 0, L_000001bad93782b0; 1 drivers
v000001bad93bd120_27 .net/s v000001bad93bd120 27, 15 0, L_000001bad9378400; 1 drivers
v000001bad93bd120_28 .net/s v000001bad93bd120 28, 15 0, L_000001bad9351e60; 1 drivers
v000001bad93bd120_29 .net/s v000001bad93bd120 29, 15 0, L_000001bad943e000; 1 drivers
v000001bad93bd120_30 .net/s v000001bad93bd120 30, 15 0, L_000001bad943dd60; 1 drivers
v000001bad93bd120_31 .net/s v000001bad93bd120 31, 15 0, L_000001bad943dc10; 1 drivers
v000001bad93bc0e0 .array/s "out_im", 31 0, 15 0;
v000001bad93bdd00 .array/s "out_re", 31 0, 15 0;
v000001bad93bc5e0_0 .net "rst_n", 0 0, v000001bad93dda30_0;  alias, 1 drivers
v000001bad93bd800_0 .var "stage_cnt", 2 0;
v000001bad93bdda0_0 .net "start", 0 0, v000001bad93dde90_0;  1 drivers
v000001bad93bc360_0 .var "state", 2 0;
v000001bad93bca40_0 .net "tw_addr", 3 0, L_000001bad943c300;  1 drivers
v000001bad93bde40_0 .net/s "w_im", 15 0, L_000001bad9377c90;  1 drivers
v000001bad93bd6c0_0 .net/s "w_re", 15 0, L_000001bad9377b40;  1 drivers
E_000001bad937d720/0 .event negedge, v000001bad93bc5e0_0;
E_000001bad937d720/1 .event posedge, v000001bad93bc900_0;
E_000001bad937d720 .event/or E_000001bad937d720/0, E_000001bad937d720/1;
L_000001bad93dcbd0 .shift/l 5, L_000001bad93df198, v000001bad93bd800_0;
L_000001bad93ddb70 .concat [ 3 29 0 0], v000001bad93bd800_0, L_000001bad93df228;
L_000001bad93dcc70 .arith/sum 32, L_000001bad93ddb70, L_000001bad93df270;
L_000001bad93ddc10 .shift/l 5, L_000001bad93df1e0, L_000001bad93dcc70;
L_000001bad93dd2b0 .shift/r 4, v000001bad93bda80_0, v000001bad93bd800_0;
L_000001bad93dcd10 .part L_000001bad93dcbd0, 0, 4;
L_000001bad93dcdb0 .arith/sub 4, L_000001bad93dcd10, L_000001bad93df2b8;
L_000001bad93dce50 .concat [ 4 1 0 0], L_000001bad93dd2b0, L_000001bad93df300;
L_000001bad93dd030 .arith/mult 5, L_000001bad93dce50, L_000001bad93ddc10;
L_000001bad93dd0d0 .concat [ 4 1 0 0], L_000001bad9378780, L_000001bad93df348;
L_000001bad93dd170 .arith/sum 5, L_000001bad93dd030, L_000001bad93dd0d0;
L_000001bad93dd850 .arith/sum 5, L_000001bad93dd170, L_000001bad93dcbd0;
L_000001bad943b400 .arith/sub 3, L_000001bad93df390, v000001bad93bd800_0;
L_000001bad943c300 .shift/l 4, L_000001bad9378780, L_000001bad943b400;
L_000001bad943b680 .array/port v000001bad93bd620, L_000001bad943c120;
L_000001bad943c120 .concat [ 5 2 0 0], L_000001bad93dd170, L_000001bad93df4f8;
L_000001bad943cc60 .array/port v000001bad93bdb20, L_000001bad943b720;
L_000001bad943b720 .concat [ 5 2 0 0], L_000001bad93dd170, L_000001bad93df540;
L_000001bad943c080 .array/port v000001bad93bd620, L_000001bad943c4e0;
L_000001bad943c4e0 .concat [ 5 2 0 0], L_000001bad93dd850, L_000001bad93df588;
L_000001bad943b2c0 .array/port v000001bad93bdb20, L_000001bad943cda0;
L_000001bad943cda0 .concat [ 5 2 0 0], L_000001bad93dd850, L_000001bad93df5d0;
S_000001bad93276c0 .scope function.vec4.s5, "bit_rev" "bit_rev" 5 42, 5 42 0, S_000001bad933ffd0;
 .timescale -9 -12;
; Variable bit_rev is vec4 return value of scope S_000001bad93276c0
v000001bad93763a0_0 .var "idx", 4 0;
TD_tb_fft2d_32.dut.u_fft1d.bit_rev ;
    %load/vec4 v000001bad93763a0_0;
    %parti/s 1, 0, 2;
    %load/vec4 v000001bad93763a0_0;
    %parti/s 1, 1, 2;
    %concat/vec4; draw_concat_vec4
    %load/vec4 v000001bad93763a0_0;
    %parti/s 1, 2, 3;
    %concat/vec4; draw_concat_vec4
    %load/vec4 v000001bad93763a0_0;
    %parti/s 1, 3, 3;
    %concat/vec4; draw_concat_vec4
    %load/vec4 v000001bad93763a0_0;
    %parti/s 1, 4, 4;
    %concat/vec4; draw_concat_vec4
    %ret/vec4 0, 0, 5;  Assign to bit_rev (store_vec4_to_lval)
    %end;
S_000001bad9327850 .scope module, "u_bfly" "butterfly" 5 90, 6 10 0, S_000001bad933ffd0;
 .timescale -9 -12;
    .port_info 0 /INPUT 16 "in_re_a";
    .port_info 1 /INPUT 16 "in_im_a";
    .port_info 2 /INPUT 16 "in_re_b";
    .port_info 3 /INPUT 16 "in_im_b";
    .port_info 4 /INPUT 16 "w_re";
    .port_info 5 /INPUT 16 "w_im";
    .port_info 6 /OUTPUT 16 "out_re_a";
    .port_info 7 /OUTPUT 16 "out_im_a";
    .port_info 8 /OUTPUT 16 "out_re_b";
    .port_info 9 /OUTPUT 16 "out_im_b";
P_000001bad935cf70 .param/l "DATA_WIDTH" 0 6 11, +C4<00000000000000000000000000010000>;
P_000001bad935cfa8 .param/l "FRAC" 0 6 12, +C4<00000000000000000000000000001000>;
P_000001bad935cfe0 .param/l "LSB" 1 6 30, +C4<00000000000000000000000000001000>;
P_000001bad935d018 .param/l "MSB" 1 6 29, +C4<0000000000000000000000000000010111>;
P_000001bad935d050 .param/l "SCALE_EN" 0 6 13, +C4<00000000000000000000000000000000>;
v000001bad9375b80_0 .net/s *"_ivl_10", 31 0, L_000001bad943c940;  1 drivers
v000001bad9375c20_0 .net/s *"_ivl_13", 31 0, L_000001bad943b180;  1 drivers
v000001bad9376bc0_0 .net/s *"_ivl_14", 31 0, L_000001bad943bc20;  1 drivers
v000001bad93775c0_0 .net/s *"_ivl_16", 31 0, L_000001bad943ba40;  1 drivers
v000001bad9376c60_0 .net/s *"_ivl_19", 31 0, L_000001bad943cf80;  1 drivers
v000001bad9376440_0 .net/s *"_ivl_22", 31 0, L_000001bad943ce40;  1 drivers
v000001bad9376e40_0 .net/s *"_ivl_24", 31 0, L_000001bad943c3a0;  1 drivers
v000001bad9376580_0 .net/s *"_ivl_27", 31 0, L_000001bad943ca80;  1 drivers
v000001bad93764e0_0 .net/s *"_ivl_28", 31 0, L_000001bad943b860;  1 drivers
v000001bad9376940_0 .net/s *"_ivl_30", 31 0, L_000001bad943b5e0;  1 drivers
v000001bad9376d00_0 .net/s *"_ivl_33", 31 0, L_000001bad943bea0;  1 drivers
v000001bad9375f40_0 .net/s *"_ivl_8", 31 0, L_000001bad943cbc0;  1 drivers
v000001bad9376080_0 .net/s "in_im_a", 15 0, L_000001bad943cc60;  1 drivers
v000001bad9377840_0 .net/s "in_im_b", 15 0, L_000001bad943b2c0;  1 drivers
v000001bad9376260_0 .net/s "in_re_a", 15 0, L_000001bad943b680;  1 drivers
v000001bad93766c0_0 .net/s "in_re_b", 15 0, L_000001bad943c080;  1 drivers
v000001bad9376da0_0 .net/s "out_im_a", 15 0, L_000001bad943cd00;  alias, 1 drivers
v000001bad9376ee0_0 .net/s "out_im_b", 15 0, L_000001bad943b540;  alias, 1 drivers
v000001bad93772a0_0 .net/s "out_re_a", 15 0, L_000001bad943b9a0;  alias, 1 drivers
v000001bad9375ae0_0 .net/s "out_re_b", 15 0, L_000001bad943c8a0;  alias, 1 drivers
v000001bad9376f80_0 .net/s "tw_im", 15 0, L_000001bad943bae0;  1 drivers
v000001bad9375fe0_0 .net/s "tw_im_full", 31 0, L_000001bad943b7c0;  1 drivers
v000001bad9376620_0 .net/s "tw_re", 15 0, L_000001bad943b220;  1 drivers
v000001bad9377660_0 .net/s "tw_re_full", 31 0, L_000001bad943bcc0;  1 drivers
v000001bad9376760_0 .net/s "w_im", 15 0, L_000001bad9377c90;  alias, 1 drivers
v000001bad9377520_0 .net/s "w_re", 15 0, L_000001bad9377b40;  alias, 1 drivers
L_000001bad943b9a0 .arith/sum 16, L_000001bad943b680, L_000001bad943b220;
L_000001bad943cd00 .arith/sum 16, L_000001bad943cc60, L_000001bad943bae0;
L_000001bad943c8a0 .arith/sub 16, L_000001bad943b680, L_000001bad943b220;
L_000001bad943b540 .arith/sub 16, L_000001bad943cc60, L_000001bad943bae0;
L_000001bad943cbc0 .extend/s 32, L_000001bad9377b40;
L_000001bad943c940 .extend/s 32, L_000001bad943c080;
L_000001bad943b180 .arith/mult 32, L_000001bad943cbc0, L_000001bad943c940;
L_000001bad943bc20 .extend/s 32, L_000001bad9377c90;
L_000001bad943ba40 .extend/s 32, L_000001bad943b2c0;
L_000001bad943cf80 .arith/mult 32, L_000001bad943bc20, L_000001bad943ba40;
L_000001bad943bcc0 .arith/sub 32, L_000001bad943b180, L_000001bad943cf80;
L_000001bad943ce40 .extend/s 32, L_000001bad9377b40;
L_000001bad943c3a0 .extend/s 32, L_000001bad943b2c0;
L_000001bad943ca80 .arith/mult 32, L_000001bad943ce40, L_000001bad943c3a0;
L_000001bad943b860 .extend/s 32, L_000001bad9377c90;
L_000001bad943b5e0 .extend/s 32, L_000001bad943c080;
L_000001bad943bea0 .arith/mult 32, L_000001bad943b860, L_000001bad943b5e0;
L_000001bad943b7c0 .arith/sum 32, L_000001bad943ca80, L_000001bad943bea0;
L_000001bad943b220 .part L_000001bad943bcc0, 8, 16;
L_000001bad943bae0 .part L_000001bad943b7c0, 8, 16;
S_000001bad9310910 .scope generate, "unscaled" "unscaled" 6 43, 6 43 0, S_000001bad9327850;
 .timescale -9 -12;
S_000001bad9310aa0 .scope module, "u_trom" "twiddle_rom_32" 5 80, 7 7 0, S_000001bad933ffd0;
 .timescale -9 -12;
    .port_info 0 /INPUT 4 "addr";
    .port_info 1 /OUTPUT 16 "w_re";
    .port_info 2 /OUTPUT 16 "w_im";
P_000001bad9316680 .param/l "DATA_WIDTH" 0 7 9, +C4<00000000000000000000000000010000>;
P_000001bad93166b8 .param/l "FRAC" 0 7 10, +C4<00000000000000000000000000001000>;
P_000001bad93166f0 .param/l "N" 0 7 8, +C4<00000000000000000000000000100000>;
L_000001bad9377b40 .functor BUFZ 16, L_000001bad943cee0, C4<0000000000000000>, C4<0000000000000000>, C4<0000000000000000>;
L_000001bad9377c90 .functor BUFZ 16, L_000001bad943b4a0, C4<0000000000000000>, C4<0000000000000000>, C4<0000000000000000>;
v000001bad9377020_0 .net *"_ivl_0", 15 0, L_000001bad943cee0;  1 drivers
v000001bad9376120_0 .net *"_ivl_12", 15 0, L_000001bad943b4a0;  1 drivers
L_000001bad93df468 .functor BUFT 1, C4<1>, C4<0>, C4<0>, C4<0>;
v000001bad9376b20_0 .net/2u *"_ivl_14", 0 0, L_000001bad93df468;  1 drivers
v000001bad9377700_0 .net *"_ivl_16", 4 0, L_000001bad943c800;  1 drivers
v000001bad9377160_0 .net *"_ivl_18", 6 0, L_000001bad943d020;  1 drivers
L_000001bad93df3d8 .functor BUFT 1, C4<0>, C4<0>, C4<0>, C4<0>;
v000001bad93777a0_0 .net/2u *"_ivl_2", 0 0, L_000001bad93df3d8;  1 drivers
L_000001bad93df4b0 .functor BUFT 1, C4<00>, C4<0>, C4<0>, C4<0>;
v000001bad9375cc0_0 .net *"_ivl_21", 1 0, L_000001bad93df4b0;  1 drivers
v000001bad93759a0_0 .net *"_ivl_4", 4 0, L_000001bad943be00;  1 drivers
v000001bad9377200_0 .net *"_ivl_6", 6 0, L_000001bad943b360;  1 drivers
L_000001bad93df420 .functor BUFT 1, C4<00>, C4<0>, C4<0>, C4<0>;
v000001bad9375a40_0 .net *"_ivl_9", 1 0, L_000001bad93df420;  1 drivers
v000001bad9377340_0 .net "addr", 3 0, L_000001bad943c300;  alias, 1 drivers
v000001bad93773e0 .array/s "mem", 31 0, 15 0;
v000001bad9376300_0 .net/s "w_im", 15 0, L_000001bad9377c90;  alias, 1 drivers
v000001bad93769e0_0 .net/s "w_re", 15 0, L_000001bad9377b40;  alias, 1 drivers
L_000001bad943cee0 .array/port v000001bad93773e0, L_000001bad943b360;
L_000001bad943be00 .concat [ 1 4 0 0], L_000001bad93df3d8, L_000001bad943c300;
L_000001bad943b360 .concat [ 5 2 0 0], L_000001bad943be00, L_000001bad93df420;
L_000001bad943b4a0 .array/port v000001bad93773e0, L_000001bad943d020;
L_000001bad943c800 .concat [ 1 4 0 0], L_000001bad93df468, L_000001bad943c300;
L_000001bad943d020 .concat [ 5 2 0 0], L_000001bad943c800, L_000001bad93df4b0;
    .scope S_000001bad9310aa0;
T_1 ;
    %vpi_call/w 7 21 "$readmemh", "data/twiddle_32.mem", v000001bad93773e0 {0 0 0};
    %end;
    .thread T_1;
    .scope S_000001bad933ffd0;
T_2 ;
    %wait E_000001bad937d720;
    %load/vec4 v000001bad93bc5e0_0;
    %nor/r;
    %flag_set/vec4 8;
    %jmp/0xz  T_2.0, 8;
    %pushi/vec4 0, 0, 3;
    %assign/vec4 v000001bad93bc360_0, 0;
    %pushi/vec4 0, 0, 3;
    %assign/vec4 v000001bad93bd800_0, 0;
    %pushi/vec4 0, 0, 4;
    %assign/vec4 v000001bad93bda80_0, 0;
    %pushi/vec4 0, 0, 1;
    %assign/vec4 v000001bad93bc2c0_0, 0;
    %jmp T_2.1;
T_2.0 ;
    %pushi/vec4 0, 0, 1;
    %assign/vec4 v000001bad93bc2c0_0, 0;
    %load/vec4 v000001bad93bc360_0;
    %dup/vec4;
    %pushi/vec4 0, 0, 3;
    %cmp/u;
    %jmp/1 T_2.2, 6;
    %dup/vec4;
    %pushi/vec4 1, 0, 3;
    %cmp/u;
    %jmp/1 T_2.3, 6;
    %dup/vec4;
    %pushi/vec4 2, 0, 3;
    %cmp/u;
    %jmp/1 T_2.4, 6;
    %dup/vec4;
    %pushi/vec4 3, 0, 3;
    %cmp/u;
    %jmp/1 T_2.5, 6;
    %dup/vec4;
    %pushi/vec4 4, 0, 3;
    %cmp/u;
    %jmp/1 T_2.6, 6;
    %jmp T_2.7;
T_2.2 ;
    %load/vec4 v000001bad93bdda0_0;
    %flag_set/vec4 8;
    %jmp/0xz  T_2.8, 8;
    %pushi/vec4 1, 0, 3;
    %assign/vec4 v000001bad93bc360_0, 0;
T_2.8 ;
    %jmp T_2.7;
T_2.3 ;
    %pushi/vec4 0, 0, 32;
    %store/vec4 v000001bad93bd9e0_0, 0, 32;
T_2.10 ;
    %load/vec4 v000001bad93bd9e0_0;
    %cmpi/s 32, 0, 32;
    %jmp/0xz T_2.11, 5;
    %ix/getv/s 4, v000001bad93bd9e0_0;
    %load/vec4a v000001bad93bd120, 4;
    %load/vec4 v000001bad93bd9e0_0;
    %parti/s 5, 0, 2;
    %store/vec4 v000001bad93763a0_0, 0, 5;
    %callf/vec4 TD_tb_fft2d_32.dut.u_fft1d.bit_rev, S_000001bad93276c0;
    %pad/u 7;
    %ix/vec4 3;
    %ix/load 4, 0, 0; Constant delay
    %assign/vec4/a/d v000001bad93bd620, 0, 4;
    %ix/getv/s 4, v000001bad93bd9e0_0;
    %load/vec4a v000001bad93bc540, 4;
    %load/vec4 v000001bad93bd9e0_0;
    %parti/s 5, 0, 2;
    %store/vec4 v000001bad93763a0_0, 0, 5;
    %callf/vec4 TD_tb_fft2d_32.dut.u_fft1d.bit_rev, S_000001bad93276c0;
    %pad/u 7;
    %ix/vec4 3;
    %ix/load 4, 0, 0; Constant delay
    %assign/vec4/a/d v000001bad93bdb20, 0, 4;
    %load/vec4 v000001bad93bd9e0_0;
    %addi 1, 0, 32;
    %store/vec4 v000001bad93bd9e0_0, 0, 32;
    %jmp T_2.10;
T_2.11 ;
    %pushi/vec4 0, 0, 3;
    %assign/vec4 v000001bad93bd800_0, 0;
    %pushi/vec4 0, 0, 4;
    %assign/vec4 v000001bad93bda80_0, 0;
    %pushi/vec4 2, 0, 3;
    %assign/vec4 v000001bad93bc360_0, 0;
    %jmp T_2.7;
T_2.4 ;
    %load/vec4 v000001bad93bce00_0;
    %load/vec4 v000001bad93bd4e0_0;
    %pad/u 7;
    %ix/vec4 3;
    %ix/load 4, 0, 0; Constant delay
    %assign/vec4/a/d v000001bad93bd620, 0, 4;
    %load/vec4 v000001bad93bcd60_0;
    %load/vec4 v000001bad93bd4e0_0;
    %pad/u 7;
    %ix/vec4 3;
    %ix/load 4, 0, 0; Constant delay
    %assign/vec4/a/d v000001bad93bdb20, 0, 4;
    %load/vec4 v000001bad93bcea0_0;
    %load/vec4 v000001bad93bd1c0_0;
    %pad/u 7;
    %ix/vec4 3;
    %ix/load 4, 0, 0; Constant delay
    %assign/vec4/a/d v000001bad93bd620, 0, 4;
    %load/vec4 v000001bad93bcc20_0;
    %load/vec4 v000001bad93bd1c0_0;
    %pad/u 7;
    %ix/vec4 3;
    %ix/load 4, 0, 0; Constant delay
    %assign/vec4/a/d v000001bad93bdb20, 0, 4;
    %load/vec4 v000001bad93bda80_0;
    %cmpi/e 15, 0, 4;
    %jmp/0xz  T_2.12, 4;
    %pushi/vec4 0, 0, 4;
    %assign/vec4 v000001bad93bda80_0, 0;
    %load/vec4 v000001bad93bd800_0;
    %cmpi/e 4, 0, 3;
    %jmp/0xz  T_2.14, 4;
    %pushi/vec4 3, 0, 3;
    %assign/vec4 v000001bad93bc360_0, 0;
    %jmp T_2.15;
T_2.14 ;
    %load/vec4 v000001bad93bd800_0;
    %addi 1, 0, 3;
    %assign/vec4 v000001bad93bd800_0, 0;
T_2.15 ;
    %jmp T_2.13;
T_2.12 ;
    %load/vec4 v000001bad93bda80_0;
    %addi 1, 0, 4;
    %assign/vec4 v000001bad93bda80_0, 0;
T_2.13 ;
    %jmp T_2.7;
T_2.5 ;
    %pushi/vec4 0, 0, 32;
    %store/vec4 v000001bad93bd9e0_0, 0, 32;
T_2.16 ;
    %load/vec4 v000001bad93bd9e0_0;
    %cmpi/s 32, 0, 32;
    %jmp/0xz T_2.17, 5;
    %ix/getv/s 4, v000001bad93bd9e0_0;
    %load/vec4a v000001bad93bd620, 4;
    %ix/getv/s 3, v000001bad93bd9e0_0;
    %ix/load 4, 0, 0; Constant delay
    %assign/vec4/a/d v000001bad93bdd00, 0, 4;
    %ix/getv/s 4, v000001bad93bd9e0_0;
    %load/vec4a v000001bad93bdb20, 4;
    %ix/getv/s 3, v000001bad93bd9e0_0;
    %ix/load 4, 0, 0; Constant delay
    %assign/vec4/a/d v000001bad93bc0e0, 0, 4;
    %load/vec4 v000001bad93bd9e0_0;
    %addi 1, 0, 32;
    %store/vec4 v000001bad93bd9e0_0, 0, 32;
    %jmp T_2.16;
T_2.17 ;
    %pushi/vec4 4, 0, 3;
    %assign/vec4 v000001bad93bc360_0, 0;
    %jmp T_2.7;
T_2.6 ;
    %pushi/vec4 1, 0, 1;
    %assign/vec4 v000001bad93bc2c0_0, 0;
    %pushi/vec4 0, 0, 3;
    %assign/vec4 v000001bad93bc360_0, 0;
    %jmp T_2.7;
T_2.7 ;
    %pop/vec4 1;
T_2.1 ;
    %jmp T_2;
    .thread T_2;
    .scope S_000001bad930b380;
T_3 ;
    %wait E_000001bad937d720;
    %load/vec4 v000001bad93dd530_0;
    %nor/r;
    %flag_set/vec4 8;
    %jmp/0xz  T_3.0, 8;
    %pushi/vec4 0, 0, 3;
    %assign/vec4 v000001bad93dc630_0, 0;
    %pushi/vec4 0, 0, 5;
    %assign/vec4 v000001bad93ddad0_0, 0;
    %pushi/vec4 0, 0, 1;
    %assign/vec4 v000001bad93dde90_0, 0;
    %pushi/vec4 0, 0, 1;
    %assign/vec4 v000001bad93dc590_0, 0;
    %jmp T_3.1;
T_3.0 ;
    %pushi/vec4 0, 0, 1;
    %assign/vec4 v000001bad93dde90_0, 0;
    %pushi/vec4 0, 0, 1;
    %assign/vec4 v000001bad93dc590_0, 0;
    %load/vec4 v000001bad93dc630_0;
    %dup/vec4;
    %pushi/vec4 0, 0, 3;
    %cmp/u;
    %jmp/1 T_3.2, 6;
    %dup/vec4;
    %pushi/vec4 1, 0, 3;
    %cmp/u;
    %jmp/1 T_3.3, 6;
    %dup/vec4;
    %pushi/vec4 2, 0, 3;
    %cmp/u;
    %jmp/1 T_3.4, 6;
    %dup/vec4;
    %pushi/vec4 3, 0, 3;
    %cmp/u;
    %jmp/1 T_3.5, 6;
    %dup/vec4;
    %pushi/vec4 4, 0, 3;
    %cmp/u;
    %jmp/1 T_3.6, 6;
    %dup/vec4;
    %pushi/vec4 5, 0, 3;
    %cmp/u;
    %jmp/1 T_3.7, 6;
    %dup/vec4;
    %pushi/vec4 6, 0, 3;
    %cmp/u;
    %jmp/1 T_3.8, 6;
    %dup/vec4;
    %pushi/vec4 7, 0, 3;
    %cmp/u;
    %jmp/1 T_3.9, 6;
    %jmp T_3.10;
T_3.2 ;
    %load/vec4 v000001bad93dd5d0_0;
    %flag_set/vec4 8;
    %jmp/0xz  T_3.11, 8;
    %load/vec4 v000001bad93dc450_0;
    %load/vec4 v000001bad93dd990_0;
    %pad/u 12;
    %ix/vec4 3;
    %ix/load 4, 0, 0; Constant delay
    %assign/vec4/a/d v000001bad93dd350, 0, 4;
    %load/vec4 v000001bad93dc770_0;
    %load/vec4 v000001bad93dd990_0;
    %pad/u 12;
    %ix/vec4 3;
    %ix/load 4, 0, 0; Constant delay
    %assign/vec4/a/d v000001bad93ddd50, 0, 4;
T_3.11 ;
    %load/vec4 v000001bad93dc950_0;
    %flag_set/vec4 8;
    %jmp/0xz  T_3.13, 8;
    %pushi/vec4 0, 0, 5;
    %assign/vec4 v000001bad93ddad0_0, 0;
    %pushi/vec4 1, 0, 3;
    %assign/vec4 v000001bad93dc630_0, 0;
T_3.13 ;
    %jmp T_3.10;
T_3.3 ;
    %pushi/vec4 0, 0, 32;
    %store/vec4 v000001bad93dc3b0_0, 0, 32;
T_3.15 ;
    %load/vec4 v000001bad93dc3b0_0;
    %cmpi/s 32, 0, 32;
    %jmp/0xz T_3.16, 5;
    %load/vec4 v000001bad93ddad0_0;
    %pad/u 32;
    %muli 32, 0, 32;
    %load/vec4 v000001bad93dc3b0_0;
    %add;
    %ix/vec4 4;
    %load/vec4a v000001bad93dd350, 4;
    %ix/getv/s 3, v000001bad93dc3b0_0;
    %ix/load 4, 0, 0; Constant delay
    %assign/vec4/a/d v000001bad93ddcb0, 0, 4;
    %load/vec4 v000001bad93ddad0_0;
    %pad/u 32;
    %muli 32, 0, 32;
    %load/vec4 v000001bad93dc3b0_0;
    %add;
    %ix/vec4 4;
    %load/vec4a v000001bad93ddd50, 4;
    %ix/getv/s 3, v000001bad93dc3b0_0;
    %ix/load 4, 0, 0; Constant delay
    %assign/vec4/a/d v000001bad93dc270, 0, 4;
    %load/vec4 v000001bad93dc3b0_0;
    %addi 1, 0, 32;
    %store/vec4 v000001bad93dc3b0_0, 0, 32;
    %jmp T_3.15;
T_3.16 ;
    %pushi/vec4 1, 0, 1;
    %assign/vec4 v000001bad93dde90_0, 0;
    %pushi/vec4 2, 0, 3;
    %assign/vec4 v000001bad93dc630_0, 0;
    %jmp T_3.10;
T_3.4 ;
    %load/vec4 v000001bad93dd8f0_0;
    %flag_set/vec4 8;
    %jmp/0xz  T_3.17, 8;
    %pushi/vec4 3, 0, 3;
    %assign/vec4 v000001bad93dc630_0, 0;
T_3.17 ;
    %jmp T_3.10;
T_3.5 ;
    %pushi/vec4 0, 0, 32;
    %store/vec4 v000001bad93dc3b0_0, 0, 32;
T_3.19 ;
    %load/vec4 v000001bad93dc3b0_0;
    %cmpi/s 32, 0, 32;
    %jmp/0xz T_3.20, 5;
    %ix/getv/s 4, v000001bad93dc3b0_0;
    %load/vec4a v000001bad93dc1d0, 4;
    %load/vec4 v000001bad93ddad0_0;
    %pad/u 32;
    %muli 32, 0, 32;
    %load/vec4 v000001bad93dc3b0_0;
    %add;
    %ix/vec4 3;
    %ix/load 4, 0, 0; Constant delay
    %assign/vec4/a/d v000001bad93dd350, 0, 4;
    %ix/getv/s 4, v000001bad93dc3b0_0;
    %load/vec4a v000001bad93dddf0, 4;
    %load/vec4 v000001bad93ddad0_0;
    %pad/u 32;
    %muli 32, 0, 32;
    %load/vec4 v000001bad93dc3b0_0;
    %add;
    %ix/vec4 3;
    %ix/load 4, 0, 0; Constant delay
    %assign/vec4/a/d v000001bad93ddd50, 0, 4;
    %load/vec4 v000001bad93dc3b0_0;
    %addi 1, 0, 32;
    %store/vec4 v000001bad93dc3b0_0, 0, 32;
    %jmp T_3.19;
T_3.20 ;
    %load/vec4 v000001bad93ddad0_0;
    %pad/u 32;
    %cmpi/e 31, 0, 32;
    %jmp/0xz  T_3.21, 4;
    %pushi/vec4 0, 0, 5;
    %assign/vec4 v000001bad93ddad0_0, 0;
    %pushi/vec4 4, 0, 3;
    %assign/vec4 v000001bad93dc630_0, 0;
    %jmp T_3.22;
T_3.21 ;
    %load/vec4 v000001bad93ddad0_0;
    %addi 1, 0, 5;
    %assign/vec4 v000001bad93ddad0_0, 0;
    %pushi/vec4 1, 0, 3;
    %assign/vec4 v000001bad93dc630_0, 0;
T_3.22 ;
    %jmp T_3.10;
T_3.6 ;
    %pushi/vec4 0, 0, 32;
    %store/vec4 v000001bad93dc3b0_0, 0, 32;
T_3.23 ;
    %load/vec4 v000001bad93dc3b0_0;
    %cmpi/s 32, 0, 32;
    %jmp/0xz T_3.24, 5;
    %load/vec4 v000001bad93dc3b0_0;
    %muli 32, 0, 32;
    %load/vec4 v000001bad93ddad0_0;
    %pad/u 32;
    %add;
    %ix/vec4 4;
    %load/vec4a v000001bad93dd350, 4;
    %ix/getv/s 3, v000001bad93dc3b0_0;
    %ix/load 4, 0, 0; Constant delay
    %assign/vec4/a/d v000001bad93ddcb0, 0, 4;
    %load/vec4 v000001bad93dc3b0_0;
    %muli 32, 0, 32;
    %load/vec4 v000001bad93ddad0_0;
    %pad/u 32;
    %add;
    %ix/vec4 4;
    %load/vec4a v000001bad93ddd50, 4;
    %ix/getv/s 3, v000001bad93dc3b0_0;
    %ix/load 4, 0, 0; Constant delay
    %assign/vec4/a/d v000001bad93dc270, 0, 4;
    %load/vec4 v000001bad93dc3b0_0;
    %addi 1, 0, 32;
    %store/vec4 v000001bad93dc3b0_0, 0, 32;
    %jmp T_3.23;
T_3.24 ;
    %pushi/vec4 1, 0, 1;
    %assign/vec4 v000001bad93dde90_0, 0;
    %pushi/vec4 5, 0, 3;
    %assign/vec4 v000001bad93dc630_0, 0;
    %jmp T_3.10;
T_3.7 ;
    %load/vec4 v000001bad93dd8f0_0;
    %flag_set/vec4 8;
    %jmp/0xz  T_3.25, 8;
    %pushi/vec4 6, 0, 3;
    %assign/vec4 v000001bad93dc630_0, 0;
T_3.25 ;
    %jmp T_3.10;
T_3.8 ;
    %pushi/vec4 0, 0, 32;
    %store/vec4 v000001bad93dc3b0_0, 0, 32;
T_3.27 ;
    %load/vec4 v000001bad93dc3b0_0;
    %cmpi/s 32, 0, 32;
    %jmp/0xz T_3.28, 5;
    %ix/getv/s 4, v000001bad93dc3b0_0;
    %load/vec4a v000001bad93dc1d0, 4;
    %load/vec4 v000001bad93dc3b0_0;
    %muli 32, 0, 32;
    %load/vec4 v000001bad93ddad0_0;
    %pad/u 32;
    %add;
    %ix/vec4 3;
    %ix/load 4, 0, 0; Constant delay
    %assign/vec4/a/d v000001bad93dd350, 0, 4;
    %ix/getv/s 4, v000001bad93dc3b0_0;
    %load/vec4a v000001bad93dddf0, 4;
    %load/vec4 v000001bad93dc3b0_0;
    %muli 32, 0, 32;
    %load/vec4 v000001bad93ddad0_0;
    %pad/u 32;
    %add;
    %ix/vec4 3;
    %ix/load 4, 0, 0; Constant delay
    %assign/vec4/a/d v000001bad93ddd50, 0, 4;
    %load/vec4 v000001bad93dc3b0_0;
    %addi 1, 0, 32;
    %store/vec4 v000001bad93dc3b0_0, 0, 32;
    %jmp T_3.27;
T_3.28 ;
    %load/vec4 v000001bad93ddad0_0;
    %pad/u 32;
    %cmpi/e 31, 0, 32;
    %jmp/0xz  T_3.29, 4;
    %pushi/vec4 7, 0, 3;
    %assign/vec4 v000001bad93dc630_0, 0;
    %jmp T_3.30;
T_3.29 ;
    %load/vec4 v000001bad93ddad0_0;
    %addi 1, 0, 5;
    %assign/vec4 v000001bad93ddad0_0, 0;
    %pushi/vec4 4, 0, 3;
    %assign/vec4 v000001bad93dc630_0, 0;
T_3.30 ;
    %jmp T_3.10;
T_3.9 ;
    %pushi/vec4 1, 0, 1;
    %assign/vec4 v000001bad93dc590_0, 0;
    %pushi/vec4 0, 0, 3;
    %assign/vec4 v000001bad93dc630_0, 0;
    %jmp T_3.10;
T_3.10 ;
    %pop/vec4 1;
T_3.1 ;
    %jmp T_3;
    .thread T_3;
    .scope S_000001bad9381920;
T_4 ;
    %pushi/vec4 0, 0, 1;
    %store/vec4 v000001bad93ddfd0_0, 0, 1;
    %pushi/vec4 0, 0, 1;
    %store/vec4 v000001bad93dda30_0, 0, 1;
    %end;
    .thread T_4, $init;
    .scope S_000001bad9381920;
T_5 ;
    %delay 5000, 0;
    %load/vec4 v000001bad93ddfd0_0;
    %inv;
    %store/vec4 v000001bad93ddfd0_0, 0, 1;
    %jmp T_5;
    .thread T_5;
    .scope S_000001bad9381920;
T_6 ;
    %vpi_call/w 3 38 "$dumpfile", "fft2d_32.vcd" {0 0 0};
    %vpi_call/w 3 39 "$dumpvars", 32'sb00000000000000000000000000000000, S_000001bad9381920 {0 0 0};
    %pushi/vec4 0, 0, 1;
    %store/vec4 v000001bad93dda30_0, 0, 1;
    %pushi/vec4 0, 0, 1;
    %store/vec4 v000001bad93dca90_0, 0, 1;
    %pushi/vec4 0, 0, 1;
    %store/vec4 v000001bad93dcf90_0, 0, 1;
    %delay 20000, 0;
    %pushi/vec4 1, 0, 1;
    %store/vec4 v000001bad93dda30_0, 0, 1;
    %delay 10000, 0;
    %pushi/vec4 0, 0, 32;
    %store/vec4 v000001bad93dd710_0, 0, 32;
T_6.0 ;
    %load/vec4 v000001bad93dd710_0;
    %pad/s 64;
    %cmpi/s 1024, 0, 64;
    %jmp/0xz T_6.1, 5;
    %wait E_000001bad937d260;
    %load/vec4 v000001bad93dd710_0;
    %pad/s 10;
    %assign/vec4 v000001bad93dc6d0_0, 0;
    %load/vec4 v000001bad93dd710_0;
    %cmpi/e 0, 0, 32;
    %flag_mov 8, 4;
    %jmp/0 T_6.2, 8;
    %pushi/vec4 256, 0, 16;
    %jmp/1 T_6.3, 8;
T_6.2 ; End of true expr.
    %pushi/vec4 0, 0, 16;
    %jmp/0 T_6.3, 8;
 ; End of false expr.
    %blend;
T_6.3;
    %assign/vec4 v000001bad93dc8b0_0, 0;
    %pushi/vec4 0, 0, 16;
    %assign/vec4 v000001bad93dc810_0, 0;
    %pushi/vec4 1, 0, 1;
    %assign/vec4 v000001bad93dca90_0, 0;
    %load/vec4 v000001bad93dd710_0;
    %addi 1, 0, 32;
    %store/vec4 v000001bad93dd710_0, 0, 32;
    %jmp T_6.0;
T_6.1 ;
    %wait E_000001bad937d260;
    %pushi/vec4 0, 0, 1;
    %assign/vec4 v000001bad93dca90_0, 0;
    %wait E_000001bad937d260;
    %pushi/vec4 1, 0, 1;
    %assign/vec4 v000001bad93dcf90_0, 0;
    %wait E_000001bad937d260;
    %pushi/vec4 0, 0, 1;
    %assign/vec4 v000001bad93dcf90_0, 0;
    %wait E_000001bad937d620;
    %wait E_000001bad937d260;
    %vpi_call/w 3 65 "$display", "FFT2D of impulse at (0,0):" {0 0 0};
    %pushi/vec4 0, 0, 32;
    %store/vec4 v000001bad93dd710_0, 0, 32;
T_6.4 ;
    %load/vec4 v000001bad93dd710_0;
    %cmpi/s 4, 0, 32;
    %jmp/0xz T_6.5, 5;
    %wait E_000001bad937d260;
    %load/vec4 v000001bad93dd710_0;
    %pad/s 10;
    %assign/vec4 v000001bad93dc4f0_0, 0;
    %wait E_000001bad937d260;
    %vpi_call/w 3 70 "$display", "  Bin[%0d]: re=%0d im=%0d", v000001bad93dd710_0, v000001bad93dc130_0, v000001bad93dd3f0_0 {0 0 0};
    %load/vec4 v000001bad93dd710_0;
    %addi 1, 0, 32;
    %store/vec4 v000001bad93dd710_0, 0, 32;
    %jmp T_6.4;
T_6.5 ;
    %wait E_000001bad937d260;
    %vpi_call/w 3 77 "$display", "\012FFT2D of constant 0.25:" {0 0 0};
    %pushi/vec4 0, 0, 32;
    %store/vec4 v000001bad93dd710_0, 0, 32;
T_6.6 ;
    %load/vec4 v000001bad93dd710_0;
    %pad/s 64;
    %cmpi/s 1024, 0, 64;
    %jmp/0xz T_6.7, 5;
    %wait E_000001bad937d260;
    %load/vec4 v000001bad93dd710_0;
    %pad/s 10;
    %assign/vec4 v000001bad93dc6d0_0, 0;
    %pushi/vec4 64, 0, 16;
    %assign/vec4 v000001bad93dc8b0_0, 0;
    %pushi/vec4 0, 0, 16;
    %assign/vec4 v000001bad93dc810_0, 0;
    %pushi/vec4 1, 0, 1;
    %assign/vec4 v000001bad93dca90_0, 0;
    %load/vec4 v000001bad93dd710_0;
    %addi 1, 0, 32;
    %store/vec4 v000001bad93dd710_0, 0, 32;
    %jmp T_6.6;
T_6.7 ;
    %wait E_000001bad937d260;
    %pushi/vec4 0, 0, 1;
    %assign/vec4 v000001bad93dca90_0, 0;
    %wait E_000001bad937d260;
    %pushi/vec4 1, 0, 1;
    %assign/vec4 v000001bad93dcf90_0, 0;
    %wait E_000001bad937d260;
    %pushi/vec4 0, 0, 1;
    %assign/vec4 v000001bad93dcf90_0, 0;
    %wait E_000001bad937d620;
    %wait E_000001bad937d260;
    %pushi/vec4 0, 0, 32;
    %store/vec4 v000001bad93dd710_0, 0, 32;
T_6.8 ;
    %load/vec4 v000001bad93dd710_0;
    %cmpi/s 4, 0, 32;
    %jmp/0xz T_6.9, 5;
    %wait E_000001bad937d260;
    %load/vec4 v000001bad93dd710_0;
    %pad/s 10;
    %assign/vec4 v000001bad93dc4f0_0, 0;
    %wait E_000001bad937d260;
    %vpi_call/w 3 96 "$display", "  Bin[%0d]: re=%0d im=%0d", v000001bad93dd710_0, v000001bad93dc130_0, v000001bad93dd3f0_0 {0 0 0};
    %load/vec4 v000001bad93dd710_0;
    %addi 1, 0, 32;
    %store/vec4 v000001bad93dd710_0, 0, 32;
    %jmp T_6.8;
T_6.9 ;
    %delay 100000, 0;
    %vpi_call/w 3 102 "$finish" {0 0 0};
    %end;
    .thread T_6;
    .scope S_000001bad9381920;
T_7 ;
    %delay 705032704, 1;
    %vpi_call/w 3 107 "$display", "TIMEOUT" {0 0 0};
    %vpi_call/w 3 108 "$finish" {0 0 0};
    %end;
    .thread T_7;
# The file index is used to find the file name in the following table.
:file_names 8;
    "N/A";
    "<interactive>";
    "-";
    "tb/tb_fft2d_32.v";
    "src/fft2d_32.v";
    "src/fft1d_32.v";
    "src/butterfly.v";
    "src/twiddle_rom_32.v";
